[ 2017-06-20T08:48:19+08:00 ] 192.168.2.42 /ydwAPI/index.php?s=Api/AppGeneralDemand/General_lists
INFO: [ app_init ] --START--
INFO: Run Behavior\BuildLiteBehavior [ RunTime:0.000000s ]
INFO: Run Common\Behavior\InitHookBehavior [ RunTime:0.006000s ]
INFO: [ app_init ] --END-- [ RunTime:0.007000s ]
INFO: [ app_begin ] --START--
INFO: Run Behavior\ReadHtmlCacheBehavior [ RunTime:0.000000s ]
INFO: [ app_begin ] --END-- [ RunTime:0.000000s ]
SQL: SHOW COLUMNS FROM `ydw_config` [ RunTime:0.0180s ]
SQL: SELECT `type`,`name`,`value` FROM `ydw_config` WHERE `status` = 1  [ RunTime:0.0220s ]

[ 2017-06-20T08:49:54+08:00 ] 192.168.2.42 /ydwAPI/index.php?s=Api/AppGeneralDemand/General_lists
INFO: [ app_init ] --START--
INFO: Run Behavior\BuildLiteBehavior [ RunTime:0.000000s ]
INFO: Run Common\Behavior\InitHookBehavior [ RunTime:0.001000s ]
INFO: [ app_init ] --END-- [ RunTime:0.003000s ]
INFO: [ app_begin ] --START--
INFO: Run Behavior\ReadHtmlCacheBehavior [ RunTime:0.001000s ]
INFO: [ app_begin ] --END-- [ RunTime:0.001000s ]
SQL: SHOW COLUMNS FROM `ydw_config` [ RunTime:0.0580s ]
SQL: SELECT `type`,`name`,`value` FROM `ydw_config` WHERE `status` = 1  [ RunTime:0.0770s ]
SQL: SHOW COLUMNS FROM `ydw_general_demand` [ RunTime:0.0200s ]
SQL: SELECT `id`,goods_name as gn,goods_attr_name as an,`contacts`,remain_days as days,`num`,`unit`,`mobile`,origin_type as o_type,origin_area as o_area,`price` FROM `ydw_general_demand` WHERE `status` = 1 ORDER BY weight desc,id desc LIMIT 0,10   [ RunTime:0.0200s ]

[ 2017-06-20T13:06:05+08:00 ] 127.0.0.1 /ydwAPI/index.php?s=Api/User/login
INFO: [ app_init ] --START--
INFO: Run Behavior\BuildLiteBehavior [ RunTime:0.001000s ]
INFO: Run Common\Behavior\InitHookBehavior [ RunTime:0.001000s ]
INFO: [ app_init ] --END-- [ RunTime:0.002000s ]
INFO: [ app_begin ] --START--
INFO: Run Behavior\ReadHtmlCacheBehavior [ RunTime:0.000000s ]
INFO: [ app_begin ] --END-- [ RunTime:0.000000s ]
SQL: SHOW COLUMNS FROM `ydw_config` [ RunTime:0.0760s ]
SQL: SELECT `type`,`name`,`value` FROM `ydw_config` WHERE `status` = 1  [ RunTime:0.1110s ]
NOTIC: [2] Missing argument 3 for Api\Controller\BaseController::ajaxDie(), called in D:\xampp\htdocs\ydwAPI\Application\Api\Controller\UserController.class.php on line 27 and defined D:\xampp\htdocs\ydwAPI\Application\Api\Controller\BaseController.class.php 第 38 行.
NOTIC: [2] Missing argument 4 for Api\Controller\BaseController::ajaxDie(), called in D:\xampp\htdocs\ydwAPI\Application\Api\Controller\UserController.class.php on line 27 and defined D:\xampp\htdocs\ydwAPI\Application\Api\Controller\BaseController.class.php 第 38 行.
NOTIC: [8] Undefined variable: dataHot D:\xampp\htdocs\ydwAPI\Application\Api\Controller\BaseController.class.php 第 44 行.
NOTIC: [8] Undefined variable: sign_status D:\xampp\htdocs\ydwAPI\Application\Api\Controller\BaseController.class.php 第 47 行.

[ 2017-06-20T13:06:42+08:00 ] 127.0.0.1 /ydwAPI/index.php?s=Api/User/login
INFO: [ app_init ] --START--
INFO: Run Behavior\BuildLiteBehavior [ RunTime:0.000000s ]
INFO: Run Common\Behavior\InitHookBehavior [ RunTime:0.002000s ]
INFO: [ app_init ] --END-- [ RunTime:0.002000s ]
INFO: [ app_begin ] --START--
INFO: Run Behavior\ReadHtmlCacheBehavior [ RunTime:0.001000s ]
INFO: [ app_begin ] --END-- [ RunTime:0.001000s ]
SQL: SHOW COLUMNS FROM `ydw_config` [ RunTime:0.0250s ]
SQL: SELECT `type`,`name`,`value` FROM `ydw_config` WHERE `status` = 1  [ RunTime:0.0260s ]
NOTIC: [2] Missing argument 3 for Api\Controller\BaseController::ajaxDie(), called in D:\xampp\htdocs\ydwAPI\Application\Api\Controller\UserController.class.php on line 27 and defined D:\xampp\htdocs\ydwAPI\Application\Api\Controller\BaseController.class.php 第 38 行.
NOTIC: [2] Missing argument 4 for Api\Controller\BaseController::ajaxDie(), called in D:\xampp\htdocs\ydwAPI\Application\Api\Controller\UserController.class.php on line 27 and defined D:\xampp\htdocs\ydwAPI\Application\Api\Controller\BaseController.class.php 第 38 行.
NOTIC: [8] Undefined variable: dataHot D:\xampp\htdocs\ydwAPI\Application\Api\Controller\BaseController.class.php 第 44 行.
NOTIC: [8] Undefined variable: sign_status D:\xampp\htdocs\ydwAPI\Application\Api\Controller\BaseController.class.php 第 47 行.

[ 2017-06-20T13:07:48+08:00 ] 127.0.0.1 /ydwAPI/index.php?s=Api/User/login
INFO: [ app_init ] --START--
INFO: Run Behavior\BuildLiteBehavior [ RunTime:0.000000s ]
INFO: Run Common\Behavior\InitHookBehavior [ RunTime:0.002000s ]
INFO: [ app_init ] --END-- [ RunTime:0.002000s ]
INFO: [ app_begin ] --START--
INFO: Run Behavior\ReadHtmlCacheBehavior [ RunTime:0.001000s ]
INFO: [ app_begin ] --END-- [ RunTime:0.001000s ]

[ 2017-06-20T13:08:08+08:00 ] 127.0.0.1 /ydwAPI/index.php?s=Api/User/login
INFO: [ app_init ] --START--
INFO: Run Behavior\BuildLiteBehavior [ RunTime:0.000000s ]
INFO: Run Common\Behavior\InitHookBehavior [ RunTime:0.003000s ]
INFO: [ app_init ] --END-- [ RunTime:0.003000s ]
INFO: [ app_begin ] --START--
INFO: Run Behavior\ReadHtmlCacheBehavior [ RunTime:0.001000s ]
INFO: [ app_begin ] --END-- [ RunTime:0.001000s ]

[ 2017-06-20T13:08:15+08:00 ] 127.0.0.1 /ydwAPI/index.php?s=Api/User/login
INFO: [ app_init ] --START--
INFO: Run Behavior\BuildLiteBehavior [ RunTime:0.000000s ]
INFO: Run Common\Behavior\InitHookBehavior [ RunTime:0.002000s ]
INFO: [ app_init ] --END-- [ RunTime:0.002000s ]
INFO: [ app_begin ] --START--
INFO: Run Behavior\ReadHtmlCacheBehavior [ RunTime:0.000000s ]
INFO: [ app_begin ] --END-- [ RunTime:0.000000s ]

[ 2017-06-20T13:08:31+08:00 ] 127.0.0.1 /ydwAPI/index.php?s=Api/User/login
INFO: [ app_init ] --START--
INFO: Run Behavior\BuildLiteBehavior [ RunTime:0.000000s ]
INFO: Run Common\Behavior\InitHookBehavior [ RunTime:0.002000s ]
INFO: [ app_init ] --END-- [ RunTime:0.003000s ]
INFO: [ app_begin ] --START--
INFO: Run Behavior\ReadHtmlCacheBehavior [ RunTime:0.000000s ]
INFO: [ app_begin ] --END-- [ RunTime:0.000000s ]
SQL: SHOW COLUMNS FROM `ydw_config` [ RunTime:0.0270s ]
SQL: SELECT `type`,`name`,`value` FROM `ydw_config` WHERE `status` = 1  [ RunTime:0.0260s ]
NOTIC: [2] Missing argument 3 for Api\Controller\BaseController::ajaxDie(), called in D:\xampp\htdocs\ydwAPI\Application\Api\Controller\UserController.class.php on line 25 and defined D:\xampp\htdocs\ydwAPI\Application\Api\Controller\BaseController.class.php 第 38 行.
NOTIC: [2] Missing argument 4 for Api\Controller\BaseController::ajaxDie(), called in D:\xampp\htdocs\ydwAPI\Application\Api\Controller\UserController.class.php on line 25 and defined D:\xampp\htdocs\ydwAPI\Application\Api\Controller\BaseController.class.php 第 38 行.
NOTIC: [8] Undefined variable: dataHot D:\xampp\htdocs\ydwAPI\Application\Api\Controller\BaseController.class.php 第 44 行.
NOTIC: [8] Undefined variable: sign_status D:\xampp\htdocs\ydwAPI\Application\Api\Controller\BaseController.class.php 第 47 行.

[ 2017-06-20T13:09:04+08:00 ] 127.0.0.1 /ydwAPI/index.php?s=Api/User/login
INFO: [ app_init ] --START--
INFO: Run Behavior\BuildLiteBehavior [ RunTime:0.000000s ]
INFO: Run Common\Behavior\InitHookBehavior [ RunTime:0.002000s ]
INFO: [ app_init ] --END-- [ RunTime:0.003000s ]
INFO: [ app_begin ] --START--
INFO: Run Behavior\ReadHtmlCacheBehavior [ RunTime:0.001000s ]
INFO: [ app_begin ] --END-- [ RunTime:0.001000s ]
SQL: SHOW COLUMNS FROM `ydw_config` [ RunTime:0.1440s ]
SQL: SELECT `type`,`name`,`value` FROM `ydw_config` WHERE `status` = 1  [ RunTime:0.1390s ]
SQL: SHOW COLUMNS FROM `ydw_user` [ RunTime:0.1830s ]
NOTIC: [2] Missing argument 2 for password_md5(), called in D:\xampp\htdocs\ydwAPI\Application\Api\Model\UserModel.class.php on line 50 and defined D:\xampp\htdocs\ydwAPI\Application\Api\Common\function.php 第 8 行.
SQL: SHOW COLUMNS FROM `ydw_mobile_login` [ RunTime:0.1890s ]
SQL: SELECT `uid`,`mobile` FROM `ydw_mobile_login` WHERE `mobile` = '' AND `password` = '' LIMIT 1   [ RunTime:0.1640s ]
SQL: SELECT `id`,`realname` FROM `ydw_user` WHERE `id` = null LIMIT 1   [ RunTime:0.0930s ]
NOTIC: [2] Missing argument 3 for Api\Controller\BaseController::ajaxDie(), called in D:\xampp\htdocs\ydwAPI\Application\Api\Controller\UserController.class.php on line 30 and defined D:\xampp\htdocs\ydwAPI\Application\Api\Controller\BaseController.class.php 第 38 行.
NOTIC: [2] Missing argument 4 for Api\Controller\BaseController::ajaxDie(), called in D:\xampp\htdocs\ydwAPI\Application\Api\Controller\UserController.class.php on line 30 and defined D:\xampp\htdocs\ydwAPI\Application\Api\Controller\BaseController.class.php 第 38 行.
NOTIC: [8] Undefined variable: dataHot D:\xampp\htdocs\ydwAPI\Application\Api\Controller\BaseController.class.php 第 44 行.
NOTIC: [8] Undefined variable: sign_status D:\xampp\htdocs\ydwAPI\Application\Api\Controller\BaseController.class.php 第 47 行.

[ 2017-06-20T13:09:33+08:00 ] 127.0.0.1 /ydwAPI/index.php?s=Api/User/login
INFO: [ app_init ] --START--
INFO: Run Behavior\BuildLiteBehavior [ RunTime:0.000000s ]
INFO: Run Common\Behavior\InitHookBehavior [ RunTime:0.001000s ]
INFO: [ app_init ] --END-- [ RunTime:0.002000s ]
INFO: [ app_begin ] --START--
INFO: Run Behavior\ReadHtmlCacheBehavior [ RunTime:0.001000s ]
INFO: [ app_begin ] --END-- [ RunTime:0.001000s ]
SQL: SHOW COLUMNS FROM `ydw_config` [ RunTime:0.0780s ]
SQL: SELECT `type`,`name`,`value` FROM `ydw_config` WHERE `status` = 1  [ RunTime:0.0560s ]
SQL: SHOW COLUMNS FROM `ydw_user` [ RunTime:0.0510s ]
NOTIC: [2] Missing argument 2 for password_md5(), called in D:\xampp\htdocs\ydwAPI\Application\Api\Model\UserModel.class.php on line 50 and defined D:\xampp\htdocs\ydwAPI\Application\Api\Common\function.php 第 8 行.
SQL: SHOW COLUMNS FROM `ydw_mobile_login` [ RunTime:0.0350s ]
SQL: SELECT `uid`,`mobile` FROM `ydw_mobile_login` WHERE `mobile` = '' AND `password` = '' LIMIT 1   [ RunTime:0.0430s ]
SQL: SELECT `id`,`realname` FROM `ydw_user` WHERE `id` = null LIMIT 1   [ RunTime:0.0300s ]
NOTIC: [2] Missing argument 3 for Api\Controller\BaseController::ajaxDie(), called in D:\xampp\htdocs\ydwAPI\Application\Api\Controller\UserController.class.php on line 30 and defined D:\xampp\htdocs\ydwAPI\Application\Api\Controller\BaseController.class.php 第 38 行.
NOTIC: [2] Missing argument 4 for Api\Controller\BaseController::ajaxDie(), called in D:\xampp\htdocs\ydwAPI\Application\Api\Controller\UserController.class.php on line 30 and defined D:\xampp\htdocs\ydwAPI\Application\Api\Controller\BaseController.class.php 第 38 行.
NOTIC: [8] Undefined variable: dataHot D:\xampp\htdocs\ydwAPI\Application\Api\Controller\BaseController.class.php 第 44 行.
NOTIC: [8] Undefined variable: sign_status D:\xampp\htdocs\ydwAPI\Application\Api\Controller\BaseController.class.php 第 47 行.

[ 2017-06-20T13:13:34+08:00 ] 127.0.0.1 /ydwAPI/index.php?s=Api/User/login
INFO: [ app_init ] --START--
INFO: Run Behavior\BuildLiteBehavior [ RunTime:0.000000s ]
INFO: Run Common\Behavior\InitHookBehavior [ RunTime:0.003000s ]
INFO: [ app_init ] --END-- [ RunTime:0.004000s ]
INFO: [ app_begin ] --START--
INFO: Run Behavior\ReadHtmlCacheBehavior [ RunTime:0.001000s ]
INFO: [ app_begin ] --END-- [ RunTime:0.001000s ]
SQL: SHOW COLUMNS FROM `ydw_config` [ RunTime:0.0250s ]
SQL: SELECT `type`,`name`,`value` FROM `ydw_config` WHERE `status` = 1  [ RunTime:0.0430s ]
SQL: SHOW COLUMNS FROM `ydw_user` [ RunTime:0.0290s ]
NOTIC: [2] Missing argument 2 for password_md5(), called in D:\xampp\htdocs\ydwAPI\Application\Api\Model\UserModel.class.php on line 50 and defined D:\xampp\htdocs\ydwAPI\Application\Api\Common\function.php 第 8 行.
SQL: SHOW COLUMNS FROM `ydw_mobile_login` [ RunTime:0.0250s ]
SQL: SELECT `uid`,`mobile` FROM `ydw_mobile_login` WHERE `mobile` = '' AND `password` = '' LIMIT 1   [ RunTime:0.0260s ]
SQL: SELECT `id`,`realname` FROM `ydw_user` WHERE `id` = null LIMIT 1   [ RunTime:0.0260s ]
NOTIC: [2] Missing argument 3 for Api\Controller\BaseController::ajaxDie(), called in D:\xampp\htdocs\ydwAPI\Application\Api\Controller\UserController.class.php on line 30 and defined D:\xampp\htdocs\ydwAPI\Application\Api\Controller\BaseController.class.php 第 38 行.
NOTIC: [2] Missing argument 4 for Api\Controller\BaseController::ajaxDie(), called in D:\xampp\htdocs\ydwAPI\Application\Api\Controller\UserController.class.php on line 30 and defined D:\xampp\htdocs\ydwAPI\Application\Api\Controller\BaseController.class.php 第 38 行.
NOTIC: [8] Undefined variable: dataHot D:\xampp\htdocs\ydwAPI\Application\Api\Controller\BaseController.class.php 第 44 行.
NOTIC: [8] Undefined variable: sign_status D:\xampp\htdocs\ydwAPI\Application\Api\Controller\BaseController.class.php 第 47 行.

[ 2017-06-20T13:14:06+08:00 ] 127.0.0.1 /ydwAPI/index.php?s=Api/User/login
INFO: [ app_init ] --START--
INFO: Run Behavior\BuildLiteBehavior [ RunTime:0.000000s ]
INFO: Run Common\Behavior\InitHookBehavior [ RunTime:0.002000s ]
INFO: [ app_init ] --END-- [ RunTime:0.002000s ]
INFO: [ app_begin ] --START--
INFO: Run Behavior\ReadHtmlCacheBehavior [ RunTime:0.001000s ]
INFO: [ app_begin ] --END-- [ RunTime:0.001000s ]
SQL: SHOW COLUMNS FROM `ydw_config` [ RunTime:0.0270s ]
SQL: SELECT `type`,`name`,`value` FROM `ydw_config` WHERE `status` = 1  [ RunTime:0.0450s ]
SQL: SHOW COLUMNS FROM `ydw_user` [ RunTime:0.0280s ]
NOTIC: [2] Missing argument 2 for password_md5(), called in D:\xampp\htdocs\ydwAPI\Application\Api\Model\UserModel.class.php on line 50 and defined D:\xampp\htdocs\ydwAPI\Application\Api\Common\function.php 第 8 行.
SQL: SHOW COLUMNS FROM `ydw_mobile_login` [ RunTime:0.0280s ]
SQL: SELECT `uid`,`mobile` FROM `ydw_mobile_login` WHERE `mobile` = '' AND `password` = '' LIMIT 1   [ RunTime:0.0250s ]
SQL: SELECT `id`,`realname` FROM `ydw_user` WHERE `id` = null LIMIT 1   [ RunTime:0.0260s ]
NOTIC: [2] Missing argument 3 for Api\Controller\BaseController::ajaxDie(), called in D:\xampp\htdocs\ydwAPI\Application\Api\Controller\UserController.class.php on line 27 and defined D:\xampp\htdocs\ydwAPI\Application\Api\Controller\BaseController.class.php 第 38 行.
NOTIC: [2] Missing argument 4 for Api\Controller\BaseController::ajaxDie(), called in D:\xampp\htdocs\ydwAPI\Application\Api\Controller\UserController.class.php on line 27 and defined D:\xampp\htdocs\ydwAPI\Application\Api\Controller\BaseController.class.php 第 38 行.
NOTIC: [8] Undefined variable: dataHot D:\xampp\htdocs\ydwAPI\Application\Api\Controller\BaseController.class.php 第 44 行.
NOTIC: [8] Undefined variable: sign_status D:\xampp\htdocs\ydwAPI\Application\Api\Controller\BaseController.class.php 第 47 行.

[ 2017-06-20T13:14:33+08:00 ] 127.0.0.1 /ydwAPI/index.php?s=Api/User/login
INFO: [ app_init ] --START--
INFO: Run Behavior\BuildLiteBehavior [ RunTime:0.000000s ]
INFO: Run Common\Behavior\InitHookBehavior [ RunTime:0.002000s ]
INFO: [ app_init ] --END-- [ RunTime:0.003000s ]
INFO: [ app_begin ] --START--
INFO: Run Behavior\ReadHtmlCacheBehavior [ RunTime:0.001000s ]
INFO: [ app_begin ] --END-- [ RunTime:0.001000s ]
SQL: SHOW COLUMNS FROM `ydw_config` [ RunTime:0.0250s ]
SQL: SELECT `type`,`name`,`value` FROM `ydw_config` WHERE `status` = 1  [ RunTime:0.0260s ]
SQL: SHOW COLUMNS FROM `ydw_user` [ RunTime:0.0270s ]
NOTIC: [2] Missing argument 2 for password_md5(), called in D:\xampp\htdocs\ydwAPI\Application\Api\Model\UserModel.class.php on line 50 and defined D:\xampp\htdocs\ydwAPI\Application\Api\Common\function.php 第 8 行.
SQL: SHOW COLUMNS FROM `ydw_mobile_login` [ RunTime:0.0330s ]
SQL: SELECT `uid`,`mobile` FROM `ydw_mobile_login` WHERE `mobile` = '' AND `password` = '' LIMIT 1   [ RunTime:0.0250s ]
SQL: SELECT `id`,`realname` FROM `ydw_user` WHERE `id` = null LIMIT 1   [ RunTime:0.0280s ]

[ 2017-06-20T13:15:03+08:00 ] 127.0.0.1 /ydwAPI/index.php?s=Api/User/login
INFO: [ app_init ] --START--
INFO: Run Behavior\BuildLiteBehavior [ RunTime:0.000000s ]
INFO: Run Common\Behavior\InitHookBehavior [ RunTime:0.004000s ]
INFO: [ app_init ] --END-- [ RunTime:0.005000s ]
INFO: [ app_begin ] --START--
INFO: Run Behavior\ReadHtmlCacheBehavior [ RunTime:0.001000s ]
INFO: [ app_begin ] --END-- [ RunTime:0.001000s ]
SQL: SHOW COLUMNS FROM `ydw_config` [ RunTime:0.1170s ]
SQL: SELECT `type`,`name`,`value` FROM `ydw_config` WHERE `status` = 1  [ RunTime:0.1430s ]
SQL: SHOW COLUMNS FROM `ydw_user` [ RunTime:0.1280s ]
NOTIC: [2] Missing argument 2 for password_md5(), called in D:\xampp\htdocs\ydwAPI\Application\Api\Model\UserModel.class.php on line 50 and defined D:\xampp\htdocs\ydwAPI\Application\Api\Common\function.php 第 8 行.
SQL: SHOW COLUMNS FROM `ydw_mobile_login` [ RunTime:0.1580s ]
SQL: SELECT `uid`,`mobile` FROM `ydw_mobile_login` WHERE `mobile` = '' AND `password` = '' LIMIT 1   [ RunTime:0.3830s ]
SQL: SELECT `id`,`realname` FROM `ydw_user` WHERE `id` = null LIMIT 1   [ RunTime:0.0250s ]

[ 2017-06-20T13:16:05+08:00 ] 127.0.0.1 /ydwAPI/index.php?s=Api/User/login
INFO: [ app_init ] --START--
INFO: Run Behavior\BuildLiteBehavior [ RunTime:0.000000s ]
INFO: Run Common\Behavior\InitHookBehavior [ RunTime:0.002000s ]
INFO: [ app_init ] --END-- [ RunTime:0.002000s ]
INFO: [ app_begin ] --START--
INFO: Run Behavior\ReadHtmlCacheBehavior [ RunTime:0.000000s ]
INFO: [ app_begin ] --END-- [ RunTime:0.000000s ]
SQL: SHOW COLUMNS FROM `ydw_config` [ RunTime:0.0270s ]
SQL: SELECT `type`,`name`,`value` FROM `ydw_config` WHERE `status` = 1  [ RunTime:0.0260s ]
SQL: SHOW COLUMNS FROM `ydw_user` [ RunTime:0.0300s ]
NOTIC: [2] Missing argument 2 for password_md5(), called in D:\xampp\htdocs\ydwAPI\Application\Api\Model\UserModel.class.php on line 50 and defined D:\xampp\htdocs\ydwAPI\Application\Api\Common\function.php 第 8 行.
SQL: SHOW COLUMNS FROM `ydw_mobile_login` [ RunTime:0.0300s ]
SQL: SELECT `uid`,`mobile` FROM `ydw_mobile_login` WHERE `mobile` = '' AND `password` = '' LIMIT 1   [ RunTime:0.0300s ]
SQL: SELECT `id`,`realname` FROM `ydw_user` WHERE `id` = null LIMIT 1   [ RunTime:0.0270s ]

[ 2017-06-20T13:20:45+08:00 ] 127.0.0.1 /ydwAPI/index.php?s=Api/User/login
INFO: [ app_init ] --START--
INFO: Run Behavior\BuildLiteBehavior [ RunTime:0.000000s ]
INFO: Run Common\Behavior\InitHookBehavior [ RunTime:0.002000s ]
INFO: [ app_init ] --END-- [ RunTime:0.002000s ]
INFO: [ app_begin ] --START--
INFO: Run Behavior\ReadHtmlCacheBehavior [ RunTime:0.001000s ]
INFO: [ app_begin ] --END-- [ RunTime:0.001000s ]
SQL: SHOW COLUMNS FROM `ydw_config` [ RunTime:0.0600s ]
SQL: SELECT `type`,`name`,`value` FROM `ydw_config` WHERE `status` = 1  [ RunTime:0.0370s ]
SQL: SHOW COLUMNS FROM `ydw_user` [ RunTime:0.0360s ]
NOTIC: [2] Missing argument 2 for password_md5(), called in D:\xampp\htdocs\ydwAPI\Application\Api\Model\UserModel.class.php on line 50 and defined D:\xampp\htdocs\ydwAPI\Application\Api\Common\function.php 第 8 行.
SQL: SHOW COLUMNS FROM `ydw_mobile_login` [ RunTime:0.0420s ]
SQL: SELECT `uid`,`mobile` FROM `ydw_mobile_login` WHERE `mobile` = '' AND `password` = '' LIMIT 1   [ RunTime:0.0420s ]
SQL: SELECT `id`,`realname` FROM `ydw_user` WHERE `id` = null LIMIT 1   [ RunTime:0.0380s ]

[ 2017-06-20T13:22:29+08:00 ] 127.0.0.1 /ydwAPI/index.php?s=Api/User/login
INFO: [ app_init ] --START--
INFO: Run Behavior\BuildLiteBehavior [ RunTime:0.000000s ]
INFO: Run Common\Behavior\InitHookBehavior [ RunTime:0.002000s ]
INFO: [ app_init ] --END-- [ RunTime:0.003000s ]
INFO: [ app_begin ] --START--
INFO: Run Behavior\ReadHtmlCacheBehavior [ RunTime:0.001000s ]
INFO: [ app_begin ] --END-- [ RunTime:0.001000s ]
SQL: SHOW COLUMNS FROM `ydw_config` [ RunTime:0.0440s ]
SQL: SELECT `type`,`name`,`value` FROM `ydw_config` WHERE `status` = 1  [ RunTime:0.0610s ]
SQL: SHOW COLUMNS FROM `ydw_user` [ RunTime:0.0510s ]
NOTIC: [2] Missing argument 2 for password_md5(), called in D:\xampp\htdocs\ydwAPI\Application\Api\Model\UserModel.class.php on line 50 and defined D:\xampp\htdocs\ydwAPI\Application\Api\Common\function.php 第 8 行.
SQL: SHOW COLUMNS FROM `ydw_mobile_login` [ RunTime:0.0540s ]
SQL: SELECT `uid`,`mobile` FROM `ydw_mobile_login` WHERE `mobile` = '' AND `password` = '' LIMIT 1   [ RunTime:0.0500s ]
SQL: SELECT `id`,`realname` FROM `ydw_user` WHERE `id` = null LIMIT 1   [ RunTime:0.0410s ]

[ 2017-06-20T13:22:42+08:00 ] 127.0.0.1 /ydwAPI/index.php?s=Api/User/login
INFO: [ app_init ] --START--
INFO: Run Behavior\BuildLiteBehavior [ RunTime:0.000000s ]
INFO: Run Common\Behavior\InitHookBehavior [ RunTime:0.002000s ]
INFO: [ app_init ] --END-- [ RunTime:0.002000s ]
INFO: [ app_begin ] --START--
INFO: Run Behavior\ReadHtmlCacheBehavior [ RunTime:0.001000s ]
INFO: [ app_begin ] --END-- [ RunTime:0.001000s ]
SQL: SHOW COLUMNS FROM `ydw_config` [ RunTime:0.0250s ]
SQL: SELECT `type`,`name`,`value` FROM `ydw_config` WHERE `status` = 1  [ RunTime:0.0350s ]
SQL: SHOW COLUMNS FROM `ydw_user` [ RunTime:0.0430s ]
NOTIC: [2] Missing argument 2 for password_md5(), called in D:\xampp\htdocs\ydwAPI\Application\Api\Model\UserModel.class.php on line 50 and defined D:\xampp\htdocs\ydwAPI\Application\Api\Common\function.php 第 8 行.
SQL: SHOW COLUMNS FROM `ydw_mobile_login` [ RunTime:0.0480s ]
SQL: SELECT `uid`,`mobile` FROM `ydw_mobile_login` WHERE `mobile` = '' AND `password` = '' LIMIT 1   [ RunTime:0.0230s ]
SQL: SELECT `id`,`realname` FROM `ydw_user` WHERE `id` = null LIMIT 1   [ RunTime:0.0300s ]
NOTIC: [2] Missing argument 3 for Api\Controller\BaseController::ajaxDie(), called in D:\xampp\htdocs\ydwAPI\Application\Api\Controller\UserController.class.php on line 30 and defined D:\xampp\htdocs\ydwAPI\Application\Api\Controller\BaseController.class.php 第 38 行.
NOTIC: [2] Missing argument 4 for Api\Controller\BaseController::ajaxDie(), called in D:\xampp\htdocs\ydwAPI\Application\Api\Controller\UserController.class.php on line 30 and defined D:\xampp\htdocs\ydwAPI\Application\Api\Controller\BaseController.class.php 第 38 行.
NOTIC: [8] Undefined variable: dataHot D:\xampp\htdocs\ydwAPI\Application\Api\Controller\BaseController.class.php 第 44 行.
NOTIC: [8] Undefined variable: sign_status D:\xampp\htdocs\ydwAPI\Application\Api\Controller\BaseController.class.php 第 47 行.

[ 2017-06-20T13:24:46+08:00 ] 127.0.0.1 /ydwAPI/index.php?s=Api/User/login
INFO: [ app_init ] --START--
INFO: Run Behavior\BuildLiteBehavior [ RunTime:0.000000s ]
INFO: Run Common\Behavior\InitHookBehavior [ RunTime:0.002000s ]
INFO: [ app_init ] --END-- [ RunTime:0.002000s ]
INFO: [ app_begin ] --START--
INFO: Run Behavior\ReadHtmlCacheBehavior [ RunTime:0.001000s ]
INFO: [ app_begin ] --END-- [ RunTime:0.001000s ]
SQL: SHOW COLUMNS FROM `ydw_config` [ RunTime:0.0430s ]
SQL: SELECT `type`,`name`,`value` FROM `ydw_config` WHERE `status` = 1  [ RunTime:0.0290s ]
NOTIC: [8] Undefined index: mobile D:\xampp\htdocs\ydwAPI\Application\Api\Controller\UserController.class.php 第 9 行.
SQL: SHOW COLUMNS FROM `ydw_user` [ RunTime:0.0300s ]
NOTIC: [2] Missing argument 2 for password_md5(), called in D:\xampp\htdocs\ydwAPI\Application\Api\Model\UserModel.class.php on line 50 and defined D:\xampp\htdocs\ydwAPI\Application\Api\Common\function.php 第 8 行.
SQL: SHOW COLUMNS FROM `ydw_mobile_login` [ RunTime:0.0230s ]
SQL: SELECT `uid`,`mobile` FROM `ydw_mobile_login` WHERE `mobile` = '' AND `password` = '' LIMIT 1   [ RunTime:0.0230s ]
SQL: SELECT `id`,`realname` FROM `ydw_user` WHERE `id` = null LIMIT 1   [ RunTime:0.0360s ]
NOTIC: [2] Missing argument 3 for Api\Controller\BaseController::ajaxDie(), called in D:\xampp\htdocs\ydwAPI\Application\Api\Controller\UserController.class.php on line 31 and defined D:\xampp\htdocs\ydwAPI\Application\Api\Controller\BaseController.class.php 第 38 行.
NOTIC: [2] Missing argument 4 for Api\Controller\BaseController::ajaxDie(), called in D:\xampp\htdocs\ydwAPI\Application\Api\Controller\UserController.class.php on line 31 and defined D:\xampp\htdocs\ydwAPI\Application\Api\Controller\BaseController.class.php 第 38 行.
NOTIC: [8] Undefined variable: dataHot D:\xampp\htdocs\ydwAPI\Application\Api\Controller\BaseController.class.php 第 44 行.
NOTIC: [8] Undefined variable: sign_status D:\xampp\htdocs\ydwAPI\Application\Api\Controller\BaseController.class.php 第 47 行.

[ 2017-06-20T13:25:37+08:00 ] 127.0.0.1 /ydwAPI/index.php?s=Api/User/login
INFO: [ app_init ] --START--
INFO: Run Behavior\BuildLiteBehavior [ RunTime:0.000000s ]
INFO: Run Common\Behavior\InitHookBehavior [ RunTime:0.003000s ]
INFO: [ app_init ] --END-- [ RunTime:0.003000s ]
INFO: [ app_begin ] --START--
INFO: Run Behavior\ReadHtmlCacheBehavior [ RunTime:0.000000s ]
INFO: [ app_begin ] --END-- [ RunTime:0.000000s ]
SQL: SHOW COLUMNS FROM `ydw_config` [ RunTime:0.0780s ]
SQL: SELECT `type`,`name`,`value` FROM `ydw_config` WHERE `status` = 1  [ RunTime:0.0830s ]
SQL: SHOW COLUMNS FROM `ydw_user` [ RunTime:0.0670s ]
NOTIC: [2] Missing argument 2 for password_md5(), called in D:\xampp\htdocs\ydwAPI\Application\Api\Model\UserModel.class.php on line 50 and defined D:\xampp\htdocs\ydwAPI\Application\Api\Common\function.php 第 8 行.
SQL: SHOW COLUMNS FROM `ydw_mobile_login` [ RunTime:0.0590s ]
SQL: SELECT `uid`,`mobile` FROM `ydw_mobile_login` WHERE `mobile` = '' AND `password` = '' LIMIT 1   [ RunTime:0.0490s ]
SQL: SELECT `id`,`realname` FROM `ydw_user` WHERE `id` = null LIMIT 1   [ RunTime:0.0430s ]
NOTIC: [2] Missing argument 3 for Api\Controller\BaseController::ajaxDie(), called in D:\xampp\htdocs\ydwAPI\Application\Api\Controller\UserController.class.php on line 31 and defined D:\xampp\htdocs\ydwAPI\Application\Api\Controller\BaseController.class.php 第 38 行.
NOTIC: [2] Missing argument 4 for Api\Controller\BaseController::ajaxDie(), called in D:\xampp\htdocs\ydwAPI\Application\Api\Controller\UserController.class.php on line 31 and defined D:\xampp\htdocs\ydwAPI\Application\Api\Controller\BaseController.class.php 第 38 行.
NOTIC: [8] Undefined variable: dataHot D:\xampp\htdocs\ydwAPI\Application\Api\Controller\BaseController.class.php 第 44 行.
NOTIC: [8] Undefined variable: sign_status D:\xampp\htdocs\ydwAPI\Application\Api\Controller\BaseController.class.php 第 47 行.

[ 2017-06-20T13:28:33+08:00 ] 127.0.0.1 /ydwAPI/index.php?s=Api/User/login
INFO: [ app_init ] --START--
INFO: Run Behavior\BuildLiteBehavior [ RunTime:0.000000s ]
INFO: Run Common\Behavior\InitHookBehavior [ RunTime:0.003000s ]
INFO: [ app_init ] --END-- [ RunTime:0.004000s ]
INFO: [ app_begin ] --START--
INFO: Run Behavior\ReadHtmlCacheBehavior [ RunTime:0.000000s ]
INFO: [ app_begin ] --END-- [ RunTime:0.000000s ]
SQL: SHOW COLUMNS FROM `ydw_config` [ RunTime:0.0720s ]
SQL: SELECT `type`,`name`,`value` FROM `ydw_config` WHERE `status` = 1  [ RunTime:0.2510s ]
SQL: SHOW COLUMNS FROM `ydw_user` [ RunTime:0.0550s ]
NOTIC: [2] Missing argument 2 for password_md5(), called in D:\xampp\htdocs\ydwAPI\Application\Api\Model\UserModel.class.php on line 50 and defined D:\xampp\htdocs\ydwAPI\Application\Api\Common\function.php 第 8 行.
SQL: SHOW COLUMNS FROM `ydw_mobile_login` [ RunTime:0.0560s ]
SQL: SELECT `uid`,`mobile` FROM `ydw_mobile_login` WHERE `mobile` = '15638215985' AND `password` = 'ea75b1fd6ef80f4d60848c053b80521d' LIMIT 1   [ RunTime:0.0500s ]
SQL: SELECT `id`,`realname` FROM `ydw_user` WHERE `id` = 3 LIMIT 1   [ RunTime:0.0630s ]
SQL: UPDATE `ydw_user` SET `last_login_time`='1497936513',`token`='bc21ed71079ad738f47d01005c3fa788' WHERE ( id=3 ) [ RunTime:0.0500s ]
NOTIC: [2] Missing argument 3 for Api\Controller\BaseController::ajaxDie(), called in D:\xampp\htdocs\ydwAPI\Application\Api\Controller\UserController.class.php on line 29 and defined D:\xampp\htdocs\ydwAPI\Application\Api\Controller\BaseController.class.php 第 38 行.
NOTIC: [2] Missing argument 4 for Api\Controller\BaseController::ajaxDie(), called in D:\xampp\htdocs\ydwAPI\Application\Api\Controller\UserController.class.php on line 29 and defined D:\xampp\htdocs\ydwAPI\Application\Api\Controller\BaseController.class.php 第 38 行.
NOTIC: [8] Undefined variable: dataHot D:\xampp\htdocs\ydwAPI\Application\Api\Controller\BaseController.class.php 第 44 行.
NOTIC: [8] Undefined variable: sign_status D:\xampp\htdocs\ydwAPI\Application\Api\Controller\BaseController.class.php 第 47 行.

[ 2017-06-20T13:43:08+08:00 ] 127.0.0.1 /ydwAPI/index.php?s=Api/User/login
INFO: [ app_init ] --START--
INFO: Run Behavior\BuildLiteBehavior [ RunTime:0.000000s ]
INFO: Run Common\Behavior\InitHookBehavior [ RunTime:0.002000s ]
INFO: [ app_init ] --END-- [ RunTime:0.002000s ]
INFO: [ app_begin ] --START--
INFO: Run Behavior\ReadHtmlCacheBehavior [ RunTime:0.000000s ]
INFO: [ app_begin ] --END-- [ RunTime:0.000000s ]
SQL: SHOW COLUMNS FROM `ydw_config` [ RunTime:0.1400s ]
SQL: SELECT `type`,`name`,`value` FROM `ydw_config` WHERE `status` = 1  [ RunTime:0.1710s ]
SQL: SHOW COLUMNS FROM `ydw_user` [ RunTime:0.1840s ]
NOTIC: [2] Missing argument 2 for password_md5(), called in D:\xampp\htdocs\ydwAPI\Application\Api\Model\UserModel.class.php on line 50 and defined D:\xampp\htdocs\ydwAPI\Application\Api\Common\function.php 第 8 行.
SQL: SHOW COLUMNS FROM `ydw_mobile_login` [ RunTime:0.1570s ]
SQL: SELECT `uid`,`mobile` FROM `ydw_mobile_login` WHERE `mobile` = '15638215985' AND `password` = 'ea75b1fd6ef80f4d60848c053b80521d' LIMIT 1   [ RunTime:0.5090s ]
SQL: SELECT `id`,`realname` FROM `ydw_user` WHERE `id` = 3 LIMIT 1   [ RunTime:0.1660s ]
SQL: UPDATE `ydw_user` SET `last_login_time`='1497937388',`token`='70192b47dffbef90b112d45e9776f28e' WHERE ( id=3 ) [ RunTime:0.1610s ]
NOTIC: [2] Missing argument 3 for Api\Controller\BaseController::ajaxDie(), called in D:\xampp\htdocs\ydwAPI\Application\Api\Controller\UserController.class.php on line 29 and defined D:\xampp\htdocs\ydwAPI\Application\Api\Controller\BaseController.class.php 第 38 行.
NOTIC: [2] Missing argument 4 for Api\Controller\BaseController::ajaxDie(), called in D:\xampp\htdocs\ydwAPI\Application\Api\Controller\UserController.class.php on line 29 and defined D:\xampp\htdocs\ydwAPI\Application\Api\Controller\BaseController.class.php 第 38 行.
NOTIC: [8] Undefined variable: dataHot D:\xampp\htdocs\ydwAPI\Application\Api\Controller\BaseController.class.php 第 44 行.
NOTIC: [8] Undefined variable: sign_status D:\xampp\htdocs\ydwAPI\Application\Api\Controller\BaseController.class.php 第 47 行.

[ 2017-06-20T14:33:38+08:00 ] 127.0.0.1 /ydwAPI/index.php?s=Api/User/login
INFO: [ app_init ] --START--
INFO: Run Behavior\BuildLiteBehavior [ RunTime:0.000000s ]
INFO: Run Common\Behavior\InitHookBehavior [ RunTime:0.003000s ]
INFO: [ app_init ] --END-- [ RunTime:0.003000s ]
INFO: [ app_begin ] --START--
INFO: Run Behavior\ReadHtmlCacheBehavior [ RunTime:0.001000s ]
INFO: [ app_begin ] --END-- [ RunTime:0.001000s ]
SQL: SHOW COLUMNS FROM `ydw_config` [ RunTime:0.0260s ]
SQL: SELECT `type`,`name`,`value` FROM `ydw_config` WHERE `status` = 1  [ RunTime:0.0250s ]
SQL: SHOW COLUMNS FROM `ydw_user` [ RunTime:0.0250s ]
NOTIC: [2] Missing argument 2 for password_md5(), called in D:\xampp\htdocs\ydwAPI\Application\Api\Model\UserModel.class.php on line 50 and defined D:\xampp\htdocs\ydwAPI\Application\Api\Common\function.php 第 8 行.
SQL: SHOW COLUMNS FROM `ydw_mobile_login` [ RunTime:0.0370s ]
SQL: SELECT `uid`,`mobile` FROM `ydw_mobile_login` WHERE `mobile` = '15638215985' AND `password` = 'ea75b1fd6ef80f4d60848c053b80521d' LIMIT 1   [ RunTime:0.0530s ]
SQL: SELECT `id`,`realname` FROM `ydw_user` WHERE `id` = 3 LIMIT 1   [ RunTime:0.0330s ]
SQL: UPDATE `ydw_user` SET `last_login_time`='1497940417',`token`='f81bdfaddf9597967d288bcbb7b39fc3' WHERE ( id=3 ) [ RunTime:0.0280s ]
NOTIC: [2] Missing argument 3 for Api\Controller\BaseController::ajaxDie(), called in D:\xampp\htdocs\ydwAPI\Application\Api\Controller\UserController.class.php on line 29 and defined D:\xampp\htdocs\ydwAPI\Application\Api\Controller\BaseController.class.php 第 38 行.
NOTIC: [2] Missing argument 4 for Api\Controller\BaseController::ajaxDie(), called in D:\xampp\htdocs\ydwAPI\Application\Api\Controller\UserController.class.php on line 29 and defined D:\xampp\htdocs\ydwAPI\Application\Api\Controller\BaseController.class.php 第 38 行.
NOTIC: [8] Undefined variable: dataHot D:\xampp\htdocs\ydwAPI\Application\Api\Controller\BaseController.class.php 第 44 行.
NOTIC: [8] Undefined variable: sign_status D:\xampp\htdocs\ydwAPI\Application\Api\Controller\BaseController.class.php 第 47 行.

[ 2017-06-20T14:33:53+08:00 ] 127.0.0.1 /ydwAPI/index.php?s=Api/User/login
INFO: [ app_init ] --START--
INFO: Run Behavior\BuildLiteBehavior [ RunTime:0.000000s ]
INFO: Run Common\Behavior\InitHookBehavior [ RunTime:0.003000s ]
INFO: [ app_init ] --END-- [ RunTime:0.003000s ]
INFO: [ app_begin ] --START--
INFO: Run Behavior\ReadHtmlCacheBehavior [ RunTime:0.000000s ]
INFO: [ app_begin ] --END-- [ RunTime:0.001000s ]
SQL: SHOW COLUMNS FROM `ydw_config` [ RunTime:0.0240s ]
SQL: SELECT `type`,`name`,`value` FROM `ydw_config` WHERE `status` = 1  [ RunTime:0.0260s ]
SQL: SHOW COLUMNS FROM `ydw_user` [ RunTime:0.0250s ]
NOTIC: [2] Missing argument 2 for password_md5(), called in D:\xampp\htdocs\ydwAPI\Application\Api\Model\UserModel.class.php on line 50 and defined D:\xampp\htdocs\ydwAPI\Application\Api\Common\function.php 第 8 行.
SQL: SHOW COLUMNS FROM `ydw_mobile_login` [ RunTime:0.0250s ]
SQL: SELECT `uid`,`mobile` FROM `ydw_mobile_login` WHERE `mobile` = '15638215985' AND `password` = 'ea75b1fd6ef80f4d60848c053b80521d' LIMIT 1   [ RunTime:0.0250s ]
SQL: SELECT `id`,`realname` FROM `ydw_user` WHERE `id` = 3 LIMIT 1   [ RunTime:0.0250s ]
SQL: UPDATE `ydw_user` SET `last_login_time`='1497940433',`token`='5120f25f38a88a550214035d2fd4193e' WHERE ( id=3 ) [ RunTime:0.0220s ]
NOTIC: [2] Missing argument 3 for Api\Controller\BaseController::ajaxDie(), called in D:\xampp\htdocs\ydwAPI\Application\Api\Controller\UserController.class.php on line 28 and defined D:\xampp\htdocs\ydwAPI\Application\Api\Controller\BaseController.class.php 第 38 行.
NOTIC: [2] Missing argument 4 for Api\Controller\BaseController::ajaxDie(), called in D:\xampp\htdocs\ydwAPI\Application\Api\Controller\UserController.class.php on line 28 and defined D:\xampp\htdocs\ydwAPI\Application\Api\Controller\BaseController.class.php 第 38 行.
NOTIC: [8] Undefined variable: dataHot D:\xampp\htdocs\ydwAPI\Application\Api\Controller\BaseController.class.php 第 44 行.
NOTIC: [8] Undefined variable: sign_status D:\xampp\htdocs\ydwAPI\Application\Api\Controller\BaseController.class.php 第 47 行.

[ 2017-06-20T14:34:15+08:00 ] 127.0.0.1 /ydwAPI/index.php?s=Api/User/login
INFO: [ app_init ] --START--
INFO: Run Behavior\BuildLiteBehavior [ RunTime:0.000000s ]
INFO: Run Common\Behavior\InitHookBehavior [ RunTime:0.001000s ]
INFO: [ app_init ] --END-- [ RunTime:0.001000s ]
INFO: [ app_begin ] --START--
INFO: Run Behavior\ReadHtmlCacheBehavior [ RunTime:0.001000s ]
INFO: [ app_begin ] --END-- [ RunTime:0.001000s ]
SQL: SHOW COLUMNS FROM `ydw_config` [ RunTime:0.1300s ]
SQL: SELECT `type`,`name`,`value` FROM `ydw_config` WHERE `status` = 1  [ RunTime:0.1280s ]
SQL: SHOW COLUMNS FROM `ydw_user` [ RunTime:0.1360s ]
NOTIC: [2] Missing argument 2 for password_md5(), called in D:\xampp\htdocs\ydwAPI\Application\Api\Model\UserModel.class.php on line 50 and defined D:\xampp\htdocs\ydwAPI\Application\Api\Common\function.php 第 8 行.
SQL: SHOW COLUMNS FROM `ydw_mobile_login` [ RunTime:0.1300s ]
SQL: SELECT `uid`,`mobile` FROM `ydw_mobile_login` WHERE `mobile` = '15638215985' AND `password` = 'ea75b1fd6ef80f4d60848c053b80521d' LIMIT 1   [ RunTime:0.1430s ]
SQL: SELECT `id`,`realname` FROM `ydw_user` WHERE `id` = 3 LIMIT 1   [ RunTime:0.1350s ]
SQL: UPDATE `ydw_user` SET `last_login_time`='1497940455',`token`='2a7aea4eb354d2be6fa85ddc85562587' WHERE ( id=3 ) [ RunTime:0.1270s ]
NOTIC: [2] Missing argument 3 for Api\Controller\BaseController::ajaxDie(), called in D:\xampp\htdocs\ydwAPI\Application\Api\Controller\UserController.class.php on line 28 and defined D:\xampp\htdocs\ydwAPI\Application\Api\Controller\BaseController.class.php 第 38 行.
NOTIC: [2] Missing argument 4 for Api\Controller\BaseController::ajaxDie(), called in D:\xampp\htdocs\ydwAPI\Application\Api\Controller\UserController.class.php on line 28 and defined D:\xampp\htdocs\ydwAPI\Application\Api\Controller\BaseController.class.php 第 38 行.
NOTIC: [8] Undefined variable: dataHot D:\xampp\htdocs\ydwAPI\Application\Api\Controller\BaseController.class.php 第 44 行.
NOTIC: [8] Undefined variable: sign_status D:\xampp\htdocs\ydwAPI\Application\Api\Controller\BaseController.class.php 第 47 行.

[ 2017-06-20T15:37:12+08:00 ] 127.0.0.1 /ydwAPI/index.php?s=Api/User/login
INFO: [ app_init ] --START--
INFO: Run Behavior\BuildLiteBehavior [ RunTime:0.000000s ]
INFO: Run Common\Behavior\InitHookBehavior [ RunTime:0.002000s ]
INFO: [ app_init ] --END-- [ RunTime:0.002000s ]
INFO: [ app_begin ] --START--
INFO: Run Behavior\ReadHtmlCacheBehavior [ RunTime:0.001000s ]
INFO: [ app_begin ] --END-- [ RunTime:0.001000s ]
SQL: SHOW COLUMNS FROM `ydw_config` [ RunTime:0.0310s ]
SQL: SELECT `type`,`name`,`value` FROM `ydw_config` WHERE `status` = 1  [ RunTime:0.1080s ]
SQL: SHOW COLUMNS FROM `ydw_user` [ RunTime:0.0970s ]
NOTIC: [2] Missing argument 2 for password_md5(), called in D:\xampp\htdocs\ydwAPI\Application\Api\Model\UserModel.class.php on line 50 and defined D:\xampp\htdocs\ydwAPI\Application\Api\Common\function.php 第 8 行.
SQL: SHOW COLUMNS FROM `ydw_mobile_login` [ RunTime:0.0550s ]
SQL: SELECT `uid`,`mobile` FROM `ydw_mobile_login` WHERE `mobile` = '15638215985' AND `password` = 'ea75b1fd6ef80f4d60848c053b80521d' LIMIT 1   [ RunTime:0.0390s ]
SQL: SELECT `id`,`realname` FROM `ydw_user` WHERE `id` = 3 LIMIT 1   [ RunTime:0.0310s ]
SQL: UPDATE `ydw_user` SET `last_login_time`='1497944232',`token`='fe39cb2db88f179fd08c78968ca72cc2' WHERE ( id=3 ) [ RunTime:0.0350s ]
NOTIC: [2] Missing argument 3 for Api\Controller\BaseController::ajaxDie(), called in D:\xampp\htdocs\ydwAPI\Application\Api\Controller\UserController.class.php on line 28 and defined D:\xampp\htdocs\ydwAPI\Application\Api\Controller\BaseController.class.php 第 38 行.
NOTIC: [2] Missing argument 4 for Api\Controller\BaseController::ajaxDie(), called in D:\xampp\htdocs\ydwAPI\Application\Api\Controller\UserController.class.php on line 28 and defined D:\xampp\htdocs\ydwAPI\Application\Api\Controller\BaseController.class.php 第 38 行.
NOTIC: [8] Undefined variable: dataHot D:\xampp\htdocs\ydwAPI\Application\Api\Controller\BaseController.class.php 第 44 行.
NOTIC: [8] Undefined variable: sign_status D:\xampp\htdocs\ydwAPI\Application\Api\Controller\BaseController.class.php 第 47 行.

[ 2017-06-20T15:42:30+08:00 ] 127.0.0.1 /ydwAPI/index.php?s=Api/User/login
INFO: [ app_init ] --START--
INFO: Run Behavior\BuildLiteBehavior [ RunTime:0.000000s ]
INFO: Run Common\Behavior\InitHookBehavior [ RunTime:0.002000s ]
INFO: [ app_init ] --END-- [ RunTime:0.003000s ]
INFO: [ app_begin ] --START--
INFO: Run Behavior\ReadHtmlCacheBehavior [ RunTime:0.000000s ]
INFO: [ app_begin ] --END-- [ RunTime:0.000000s ]
SQL: SHOW COLUMNS FROM `ydw_config` [ RunTime:0.0780s ]
SQL: SELECT `type`,`name`,`value` FROM `ydw_config` WHERE `status` = 1  [ RunTime:0.0590s ]
SQL: SHOW COLUMNS FROM `ydw_user` [ RunTime:0.0320s ]
NOTIC: [2] Missing argument 2 for password_md5(), called in D:\xampp\htdocs\ydwAPI\Application\Api\Model\UserModel.class.php on line 50 and defined D:\xampp\htdocs\ydwAPI\Application\Api\Common\function.php 第 8 行.
SQL: SHOW COLUMNS FROM `ydw_mobile_login` [ RunTime:0.0470s ]
SQL: SELECT `uid`,`mobile` FROM `ydw_mobile_login` WHERE `mobile` = '15638215985' AND `password` = 'ea75b1fd6ef80f4d60848c053b80521d' LIMIT 1   [ RunTime:0.0500s ]
SQL: SELECT `id`,`realname` FROM `ydw_user` WHERE `id` = 3 LIMIT 1   [ RunTime:0.0600s ]
SQL: UPDATE `ydw_user` SET `last_login_time`='1497944550',`token`='bbada1c266fae799dd3b0a948c07e927' WHERE ( id=3 ) [ RunTime:0.1700s ]
NOTIC: [2] Missing argument 3 for Api\Controller\BaseController::ajaxDie(), called in D:\xampp\htdocs\ydwAPI\Application\Api\Controller\UserController.class.php on line 28 and defined D:\xampp\htdocs\ydwAPI\Application\Api\Controller\BaseController.class.php 第 38 行.
NOTIC: [2] Missing argument 4 for Api\Controller\BaseController::ajaxDie(), called in D:\xampp\htdocs\ydwAPI\Application\Api\Controller\UserController.class.php on line 28 and defined D:\xampp\htdocs\ydwAPI\Application\Api\Controller\BaseController.class.php 第 38 行.
NOTIC: [8] Undefined variable: dataHot D:\xampp\htdocs\ydwAPI\Application\Api\Controller\BaseController.class.php 第 44 行.
NOTIC: [8] Undefined variable: sign_status D:\xampp\htdocs\ydwAPI\Application\Api\Controller\BaseController.class.php 第 47 行.

[ 2017-06-20T15:43:01+08:00 ] 127.0.0.1 /ydwAPI/index.php?s=Api/User/login
INFO: [ app_init ] --START--
INFO: Run Behavior\BuildLiteBehavior [ RunTime:0.000000s ]
INFO: Run Common\Behavior\InitHookBehavior [ RunTime:0.002000s ]
INFO: [ app_init ] --END-- [ RunTime:0.003000s ]
INFO: [ app_begin ] --START--
INFO: Run Behavior\ReadHtmlCacheBehavior [ RunTime:0.000000s ]
INFO: [ app_begin ] --END-- [ RunTime:0.000000s ]
SQL: SHOW COLUMNS FROM `ydw_config` [ RunTime:0.0280s ]
SQL: SELECT `type`,`name`,`value` FROM `ydw_config` WHERE `status` = 1  [ RunTime:0.0300s ]
SQL: SHOW COLUMNS FROM `ydw_user` [ RunTime:0.0250s ]
NOTIC: [2] Missing argument 2 for password_md5(), called in D:\xampp\htdocs\ydwAPI\Application\Api\Model\UserModel.class.php on line 50 and defined D:\xampp\htdocs\ydwAPI\Application\Api\Common\function.php 第 8 行.
SQL: SHOW COLUMNS FROM `ydw_mobile_login` [ RunTime:0.0250s ]
SQL: SELECT `uid`,`mobile` FROM `ydw_mobile_login` WHERE `mobile` = '15638215985' AND `password` = 'ea75b1fd6ef80f4d60848c053b80521d' LIMIT 1   [ RunTime:0.0260s ]
SQL: SELECT `id`,`realname` FROM `ydw_user` WHERE `id` = 3 LIMIT 1   [ RunTime:0.0250s ]
SQL: UPDATE `ydw_user` SET `last_login_time`='1497944581',`token`='a4a8bf6d67a9cf46aad5637377db07ee' WHERE ( id=3 ) [ RunTime:0.0250s ]
NOTIC: [2] Missing argument 3 for Api\Controller\BaseController::ajaxDie(), called in D:\xampp\htdocs\ydwAPI\Application\Api\Controller\UserController.class.php on line 28 and defined D:\xampp\htdocs\ydwAPI\Application\Api\Controller\BaseController.class.php 第 38 行.
NOTIC: [2] Missing argument 4 for Api\Controller\BaseController::ajaxDie(), called in D:\xampp\htdocs\ydwAPI\Application\Api\Controller\UserController.class.php on line 28 and defined D:\xampp\htdocs\ydwAPI\Application\Api\Controller\BaseController.class.php 第 38 行.
NOTIC: [8] Undefined variable: dataHot D:\xampp\htdocs\ydwAPI\Application\Api\Controller\BaseController.class.php 第 44 行.
NOTIC: [8] Undefined variable: sign_status D:\xampp\htdocs\ydwAPI\Application\Api\Controller\BaseController.class.php 第 47 行.

