[ 2017-06-12T16:02:18+08:00 ] 192.168.2.42 /ydwAPI/index.php?s=Api/AppHall/demand_hall
INFO: [ app_init ] --START--
INFO: Run Behavior\BuildLiteBehavior [ RunTime:0.000000s ]
INFO: Run Common\Behavior\InitHookBehavior [ RunTime:0.004000s ]
INFO: [ app_init ] --END-- [ RunTime:0.006000s ]
INFO: [ app_begin ] --START--
INFO: Run Behavior\ReadHtmlCacheBehavior [ RunTime:0.001000s ]
INFO: [ app_begin ] --END-- [ RunTime:0.001000s ]
SQL: SHOW COLUMNS FROM `ydw_config` [ RunTime:0.0030s ]
SQL: SELECT `type`,`name`,`value` FROM `ydw_config` WHERE `status` = 1  [ RunTime:0.0010s ]
SQL: SHOW COLUMNS FROM `ydw_demand` [ RunTime:0.0070s ]
SQL: SELECT `id`,`uid`,`cate_id`,`cate_name`,`goods_id`,`goods_name`,`goods_attr_id`,`goods_attr_name`,`num`,`contacts`,`mobile`,`mobile_show` FROM `ydw_demand` WHERE `status` NOT IN ('-1') ORDER BY id desc LIMIT 20   [ RunTime:0.0000s ]
SQL: SHOW COLUMNS FROM `ydw_user` [ RunTime:0.0030s ]
SQL: SELECT `company_auth_status` FROM `ydw_user` WHERE `id` = 3501 LIMIT 1   [ RunTime:0.0000s ]
SQL: SHOW COLUMNS FROM `ydw_company_confirm` [ RunTime:0.0030s ]
SQL: SELECT `confirm_status` FROM `ydw_company_confirm` WHERE `user_id` = 3501 LIMIT 1   [ RunTime:0.0010s ]
NOTIC: [8] Undefined index: price_type D:\xampp\htdocs\ydwAPI\Application\Api\Controller\AppHallController.class.php 第 99 行.
NOTIC: [8] Undefined index: origin_type D:\xampp\htdocs\ydwAPI\Application\Api\Controller\AppHallController.class.php 第 101 行.
NOTIC: [8] Undefined index: origin_type D:\xampp\htdocs\ydwAPI\Application\Api\Controller\AppHallController.class.php 第 103 行.
SQL: SELECT `company_auth_status` FROM `ydw_user` WHERE `id` = 3501 LIMIT 1   [ RunTime:0.0000s ]
SQL: SELECT `confirm_status` FROM `ydw_company_confirm` WHERE `user_id` = 3501 LIMIT 1   [ RunTime:0.0000s ]
NOTIC: [8] Undefined index: price_type D:\xampp\htdocs\ydwAPI\Application\Api\Controller\AppHallController.class.php 第 99 行.
NOTIC: [8] Undefined index: origin_type D:\xampp\htdocs\ydwAPI\Application\Api\Controller\AppHallController.class.php 第 101 行.
NOTIC: [8] Undefined index: origin_type D:\xampp\htdocs\ydwAPI\Application\Api\Controller\AppHallController.class.php 第 103 行.
SQL: SELECT `company_auth_status` FROM `ydw_user` WHERE `id` = 3501 LIMIT 1   [ RunTime:0.0010s ]
SQL: SELECT `confirm_status` FROM `ydw_company_confirm` WHERE `user_id` = 3501 LIMIT 1   [ RunTime:0.0000s ]
NOTIC: [8] Undefined index: price_type D:\xampp\htdocs\ydwAPI\Application\Api\Controller\AppHallController.class.php 第 99 行.
NOTIC: [8] Undefined index: origin_type D:\xampp\htdocs\ydwAPI\Application\Api\Controller\AppHallController.class.php 第 101 行.
NOTIC: [8] Undefined index: origin_type D:\xampp\htdocs\ydwAPI\Application\Api\Controller\AppHallController.class.php 第 103 行.
SQL: SELECT `company_auth_status` FROM `ydw_user` WHERE `id` = 3501 LIMIT 1   [ RunTime:0.0000s ]
SQL: SELECT `confirm_status` FROM `ydw_company_confirm` WHERE `user_id` = 3501 LIMIT 1   [ RunTime:0.0000s ]
NOTIC: [8] Undefined index: price_type D:\xampp\htdocs\ydwAPI\Application\Api\Controller\AppHallController.class.php 第 99 行.
NOTIC: [8] Undefined index: origin_type D:\xampp\htdocs\ydwAPI\Application\Api\Controller\AppHallController.class.php 第 101 行.
NOTIC: [8] Undefined index: origin_type D:\xampp\htdocs\ydwAPI\Application\Api\Controller\AppHallController.class.php 第 103 行.
SQL: SELECT `company_auth_status` FROM `ydw_user` WHERE `id` = 3501 LIMIT 1   [ RunTime:0.0000s ]
SQL: SELECT `confirm_status` FROM `ydw_company_confirm` WHERE `user_id` = 3501 LIMIT 1   [ RunTime:0.0000s ]
NOTIC: [8] Undefined index: price_type D:\xampp\htdocs\ydwAPI\Application\Api\Controller\AppHallController.class.php 第 99 行.
NOTIC: [8] Undefined index: origin_type D:\xampp\htdocs\ydwAPI\Application\Api\Controller\AppHallController.class.php 第 101 行.
NOTIC: [8] Undefined index: origin_type D:\xampp\htdocs\ydwAPI\Application\Api\Controller\AppHallController.class.php 第 103 行.
SQL: SELECT `company_auth_status` FROM `ydw_user` WHERE `id` = 3501 LIMIT 1   [ RunTime:0.0000s ]
SQL: SELECT `confirm_status` FROM `ydw_company_confirm` WHERE `user_id` = 3501 LIMIT 1   [ RunTime:0.0000s ]
NOTIC: [8] Undefined index: price_type D:\xampp\htdocs\ydwAPI\Application\Api\Controller\AppHallController.class.php 第 99 行.
NOTIC: [8] Undefined index: origin_type D:\xampp\htdocs\ydwAPI\Application\Api\Controller\AppHallController.class.php 第 101 行.
NOTIC: [8] Undefined index: origin_type D:\xampp\htdocs\ydwAPI\Application\Api\Controller\AppHallController.class.php 第 103 行.
SQL: SELECT `company_auth_status` FROM `ydw_user` WHERE `id` = 3550 LIMIT 1   [ RunTime:0.0000s ]
SQL: SELECT `confirm_status` FROM `ydw_company_confirm` WHERE `user_id` = 3550 LIMIT 1   [ RunTime:0.0000s ]
NOTIC: [8] Undefined index: price_type D:\xampp\htdocs\ydwAPI\Application\Api\Controller\AppHallController.class.php 第 99 行.
NOTIC: [8] Undefined index: origin_type D:\xampp\htdocs\ydwAPI\Application\Api\Controller\AppHallController.class.php 第 101 行.
NOTIC: [8] Undefined index: origin_type D:\xampp\htdocs\ydwAPI\Application\Api\Controller\AppHallController.class.php 第 103 行.
SQL: SELECT `company_auth_status` FROM `ydw_user` WHERE `id` = 289 LIMIT 1   [ RunTime:0.0000s ]
SQL: SELECT `confirm_status` FROM `ydw_company_confirm` WHERE `user_id` = 289 LIMIT 1   [ RunTime:0.0010s ]
NOTIC: [8] Undefined index: price_type D:\xampp\htdocs\ydwAPI\Application\Api\Controller\AppHallController.class.php 第 99 行.
NOTIC: [8] Undefined index: origin_type D:\xampp\htdocs\ydwAPI\Application\Api\Controller\AppHallController.class.php 第 101 行.
NOTIC: [8] Undefined index: origin_type D:\xampp\htdocs\ydwAPI\Application\Api\Controller\AppHallController.class.php 第 103 行.
SQL: SELECT `company_auth_status` FROM `ydw_user` WHERE `id` = 35 LIMIT 1   [ RunTime:0.0000s ]
SQL: SELECT `confirm_status` FROM `ydw_company_confirm` WHERE `user_id` = 35 LIMIT 1   [ RunTime:0.0000s ]
NOTIC: [8] Undefined index: price_type D:\xampp\htdocs\ydwAPI\Application\Api\Controller\AppHallController.class.php 第 99 行.
NOTIC: [8] Undefined index: origin_type D:\xampp\htdocs\ydwAPI\Application\Api\Controller\AppHallController.class.php 第 101 行.
NOTIC: [8] Undefined index: origin_type D:\xampp\htdocs\ydwAPI\Application\Api\Controller\AppHallController.class.php 第 103 行.
SQL: SELECT `company_auth_status` FROM `ydw_user` WHERE `id` = 3501 LIMIT 1   [ RunTime:0.0000s ]
SQL: SELECT `confirm_status` FROM `ydw_company_confirm` WHERE `user_id` = 3501 LIMIT 1   [ RunTime:0.0010s ]
NOTIC: [8] Undefined index: price_type D:\xampp\htdocs\ydwAPI\Application\Api\Controller\AppHallController.class.php 第 99 行.
NOTIC: [8] Undefined index: origin_type D:\xampp\htdocs\ydwAPI\Application\Api\Controller\AppHallController.class.php 第 101 行.
NOTIC: [8] Undefined index: origin_type D:\xampp\htdocs\ydwAPI\Application\Api\Controller\AppHallController.class.php 第 103 行.
SQL: SELECT `company_auth_status` FROM `ydw_user` WHERE `id` = 3501 LIMIT 1   [ RunTime:0.0000s ]
SQL: SELECT `confirm_status` FROM `ydw_company_confirm` WHERE `user_id` = 3501 LIMIT 1   [ RunTime:0.0000s ]
NOTIC: [8] Undefined index: price_type D:\xampp\htdocs\ydwAPI\Application\Api\Controller\AppHallController.class.php 第 99 行.
NOTIC: [8] Undefined index: origin_type D:\xampp\htdocs\ydwAPI\Application\Api\Controller\AppHallController.class.php 第 101 行.
NOTIC: [8] Undefined index: origin_type D:\xampp\htdocs\ydwAPI\Application\Api\Controller\AppHallController.class.php 第 103 行.
SQL: SELECT `company_auth_status` FROM `ydw_user` WHERE `id` = 3501 LIMIT 1   [ RunTime:0.0000s ]
SQL: SELECT `confirm_status` FROM `ydw_company_confirm` WHERE `user_id` = 3501 LIMIT 1   [ RunTime:0.0010s ]
NOTIC: [8] Undefined index: price_type D:\xampp\htdocs\ydwAPI\Application\Api\Controller\AppHallController.class.php 第 99 行.
NOTIC: [8] Undefined index: origin_type D:\xampp\htdocs\ydwAPI\Application\Api\Controller\AppHallController.class.php 第 101 行.
NOTIC: [8] Undefined index: origin_type D:\xampp\htdocs\ydwAPI\Application\Api\Controller\AppHallController.class.php 第 103 行.
SQL: SELECT `company_auth_status` FROM `ydw_user` WHERE `id` = 2807 LIMIT 1   [ RunTime:0.0000s ]
SQL: SELECT `confirm_status` FROM `ydw_company_confirm` WHERE `user_id` = 2807 LIMIT 1   [ RunTime:0.0000s ]
NOTIC: [8] Undefined index: price_type D:\xampp\htdocs\ydwAPI\Application\Api\Controller\AppHallController.class.php 第 99 行.
NOTIC: [8] Undefined index: origin_type D:\xampp\htdocs\ydwAPI\Application\Api\Controller\AppHallController.class.php 第 101 行.
NOTIC: [8] Undefined index: origin_type D:\xampp\htdocs\ydwAPI\Application\Api\Controller\AppHallController.class.php 第 103 行.
SQL: SELECT `company_auth_status` FROM `ydw_user` WHERE `id` = 1044 LIMIT 1   [ RunTime:0.0000s ]
SQL: SELECT `confirm_status` FROM `ydw_company_confirm` WHERE `user_id` = 1044 LIMIT 1   [ RunTime:0.0000s ]
NOTIC: [8] Undefined index: price_type D:\xampp\htdocs\ydwAPI\Application\Api\Controller\AppHallController.class.php 第 99 行.
NOTIC: [8] Undefined index: origin_type D:\xampp\htdocs\ydwAPI\Application\Api\Controller\AppHallController.class.php 第 101 行.
NOTIC: [8] Undefined index: origin_type D:\xampp\htdocs\ydwAPI\Application\Api\Controller\AppHallController.class.php 第 103 行.
SQL: SELECT `company_auth_status` FROM `ydw_user` WHERE `id` = 3446 LIMIT 1   [ RunTime:0.0000s ]
SQL: SELECT `confirm_status` FROM `ydw_company_confirm` WHERE `user_id` = 3446 LIMIT 1   [ RunTime:0.0000s ]
NOTIC: [8] Undefined index: price_type D:\xampp\htdocs\ydwAPI\Application\Api\Controller\AppHallController.class.php 第 99 行.
NOTIC: [8] Undefined index: origin_type D:\xampp\htdocs\ydwAPI\Application\Api\Controller\AppHallController.class.php 第 101 行.
NOTIC: [8] Undefined index: origin_type D:\xampp\htdocs\ydwAPI\Application\Api\Controller\AppHallController.class.php 第 103 行.
SQL: SELECT `company_auth_status` FROM `ydw_user` WHERE `id` = 3446 LIMIT 1   [ RunTime:0.0000s ]
SQL: SELECT `confirm_status` FROM `ydw_company_confirm` WHERE `user_id` = 3446 LIMIT 1   [ RunTime:0.0000s ]
NOTIC: [8] Undefined index: price_type D:\xampp\htdocs\ydwAPI\Application\Api\Controller\AppHallController.class.php 第 99 行.
NOTIC: [8] Undefined index: origin_type D:\xampp\htdocs\ydwAPI\Application\Api\Controller\AppHallController.class.php 第 101 行.
NOTIC: [8] Undefined index: origin_type D:\xampp\htdocs\ydwAPI\Application\Api\Controller\AppHallController.class.php 第 103 行.
SQL: SELECT `company_auth_status` FROM `ydw_user` WHERE `id` = 35 LIMIT 1   [ RunTime:0.0010s ]
SQL: SELECT `confirm_status` FROM `ydw_company_confirm` WHERE `user_id` = 35 LIMIT 1   [ RunTime:0.0000s ]
NOTIC: [8] Undefined index: price_type D:\xampp\htdocs\ydwAPI\Application\Api\Controller\AppHallController.class.php 第 99 行.
NOTIC: [8] Undefined index: origin_type D:\xampp\htdocs\ydwAPI\Application\Api\Controller\AppHallController.class.php 第 101 行.
NOTIC: [8] Undefined index: origin_type D:\xampp\htdocs\ydwAPI\Application\Api\Controller\AppHallController.class.php 第 103 行.
SQL: SELECT `company_auth_status` FROM `ydw_user` WHERE `id` = 3256 LIMIT 1   [ RunTime:0.0000s ]
SQL: SELECT `confirm_status` FROM `ydw_company_confirm` WHERE `user_id` = 3256 LIMIT 1   [ RunTime:0.0000s ]
NOTIC: [8] Undefined index: price_type D:\xampp\htdocs\ydwAPI\Application\Api\Controller\AppHallController.class.php 第 99 行.
NOTIC: [8] Undefined index: origin_type D:\xampp\htdocs\ydwAPI\Application\Api\Controller\AppHallController.class.php 第 101 行.
NOTIC: [8] Undefined index: origin_type D:\xampp\htdocs\ydwAPI\Application\Api\Controller\AppHallController.class.php 第 103 行.
SQL: SELECT `company_auth_status` FROM `ydw_user` WHERE `id` = 91 LIMIT 1   [ RunTime:0.0000s ]
SQL: SELECT `confirm_status` FROM `ydw_company_confirm` WHERE `user_id` = 91 LIMIT 1   [ RunTime:0.0000s ]
NOTIC: [8] Undefined index: price_type D:\xampp\htdocs\ydwAPI\Application\Api\Controller\AppHallController.class.php 第 99 行.
NOTIC: [8] Undefined index: origin_type D:\xampp\htdocs\ydwAPI\Application\Api\Controller\AppHallController.class.php 第 101 行.
NOTIC: [8] Undefined index: origin_type D:\xampp\htdocs\ydwAPI\Application\Api\Controller\AppHallController.class.php 第 103 行.
SQL: SELECT `company_auth_status` FROM `ydw_user` WHERE `id` = 3248 LIMIT 1   [ RunTime:0.0000s ]
SQL: SELECT `confirm_status` FROM `ydw_company_confirm` WHERE `user_id` = 3248 LIMIT 1   [ RunTime:0.0000s ]
NOTIC: [8] Undefined index: price_type D:\xampp\htdocs\ydwAPI\Application\Api\Controller\AppHallController.class.php 第 99 行.
NOTIC: [8] Undefined index: origin_type D:\xampp\htdocs\ydwAPI\Application\Api\Controller\AppHallController.class.php 第 101 行.
NOTIC: [8] Undefined index: origin_type D:\xampp\htdocs\ydwAPI\Application\Api\Controller\AppHallController.class.php 第 103 行.
NOTIC: [2] Missing argument 3 for Api\Controller\BaseController::ajaxDie(), called in D:\xampp\htdocs\ydwAPI\Application\Api\Controller\AppHallController.class.php on line 109 and defined D:\xampp\htdocs\ydwAPI\Application\Api\Controller\BaseController.class.php 第 38 行.
NOTIC: [2] Missing argument 4 for Api\Controller\BaseController::ajaxDie(), called in D:\xampp\htdocs\ydwAPI\Application\Api\Controller\AppHallController.class.php on line 109 and defined D:\xampp\htdocs\ydwAPI\Application\Api\Controller\BaseController.class.php 第 38 行.
NOTIC: [8] Undefined variable: dataHot D:\xampp\htdocs\ydwAPI\Application\Api\Controller\BaseController.class.php 第 44 行.
NOTIC: [8] Undefined variable: sign_status D:\xampp\htdocs\ydwAPI\Application\Api\Controller\BaseController.class.php 第 47 行.

[ 2017-06-12T16:02:31+08:00 ] 192.168.2.42 /ydwAPI/index.php?s=Api/AppHerbal/herbal_detail
INFO: [ app_init ] --START--
INFO: Run Behavior\BuildLiteBehavior [ RunTime:0.000000s ]
INFO: Run Common\Behavior\InitHookBehavior [ RunTime:0.003000s ]
INFO: [ app_init ] --END-- [ RunTime:0.003000s ]
INFO: [ app_begin ] --START--
INFO: Run Behavior\ReadHtmlCacheBehavior [ RunTime:0.000000s ]
INFO: [ app_begin ] --END-- [ RunTime:0.000000s ]
SQL: SHOW COLUMNS FROM `ydw_config` [ RunTime:0.0040s ]
SQL: SELECT `type`,`name`,`value` FROM `ydw_config` WHERE `status` = 1  [ RunTime:0.0010s ]
NOTIC: [2] Missing argument 3 for Api\Controller\BaseController::ajaxDie(), called in D:\xampp\htdocs\ydwAPI\Application\Api\Controller\AppHerbalController.class.php on line 35 and defined D:\xampp\htdocs\ydwAPI\Application\Api\Controller\BaseController.class.php 第 38 行.
NOTIC: [2] Missing argument 4 for Api\Controller\BaseController::ajaxDie(), called in D:\xampp\htdocs\ydwAPI\Application\Api\Controller\AppHerbalController.class.php on line 35 and defined D:\xampp\htdocs\ydwAPI\Application\Api\Controller\BaseController.class.php 第 38 行.
NOTIC: [8] Undefined variable: dataHot D:\xampp\htdocs\ydwAPI\Application\Api\Controller\BaseController.class.php 第 44 行.
NOTIC: [8] Undefined variable: sign_status D:\xampp\htdocs\ydwAPI\Application\Api\Controller\BaseController.class.php 第 47 行.

[ 2017-06-12T16:02:37+08:00 ] 192.168.2.42 /ydwAPI/index.php?s=Api/AppHerbal/herbal_detail
INFO: [ app_init ] --START--
INFO: Run Behavior\BuildLiteBehavior [ RunTime:0.000000s ]
INFO: Run Common\Behavior\InitHookBehavior [ RunTime:0.002000s ]
INFO: [ app_init ] --END-- [ RunTime:0.002000s ]
INFO: [ app_begin ] --START--
INFO: Run Behavior\ReadHtmlCacheBehavior [ RunTime:0.000000s ]
INFO: [ app_begin ] --END-- [ RunTime:0.000000s ]
SQL: SHOW COLUMNS FROM `ydw_config` [ RunTime:0.0030s ]
SQL: SELECT `type`,`name`,`value` FROM `ydw_config` WHERE `status` = 1  [ RunTime:0.0000s ]
NOTIC: [2] Missing argument 3 for Api\Controller\BaseController::ajaxDie(), called in D:\xampp\htdocs\ydwAPI\Application\Api\Controller\AppHerbalController.class.php on line 35 and defined D:\xampp\htdocs\ydwAPI\Application\Api\Controller\BaseController.class.php 第 38 行.
NOTIC: [2] Missing argument 4 for Api\Controller\BaseController::ajaxDie(), called in D:\xampp\htdocs\ydwAPI\Application\Api\Controller\AppHerbalController.class.php on line 35 and defined D:\xampp\htdocs\ydwAPI\Application\Api\Controller\BaseController.class.php 第 38 行.
NOTIC: [8] Undefined variable: dataHot D:\xampp\htdocs\ydwAPI\Application\Api\Controller\BaseController.class.php 第 44 行.
NOTIC: [8] Undefined variable: sign_status D:\xampp\htdocs\ydwAPI\Application\Api\Controller\BaseController.class.php 第 47 行.

[ 2017-06-12T16:02:52+08:00 ] 192.168.2.42 /ydwAPI/index.php?s=Api/AppHerbal/herbal_detail
INFO: [ app_init ] --START--
INFO: Run Behavior\BuildLiteBehavior [ RunTime:0.000000s ]
INFO: Run Common\Behavior\InitHookBehavior [ RunTime:0.002000s ]
INFO: [ app_init ] --END-- [ RunTime:0.002000s ]
INFO: [ app_begin ] --START--
INFO: Run Behavior\ReadHtmlCacheBehavior [ RunTime:0.001000s ]
INFO: [ app_begin ] --END-- [ RunTime:0.001000s ]
SQL: SHOW COLUMNS FROM `ydw_config` [ RunTime:0.0030s ]
SQL: SELECT `type`,`name`,`value` FROM `ydw_config` WHERE `status` = 1  [ RunTime:0.0000s ]
NOTIC: [2] Missing argument 3 for Api\Controller\BaseController::ajaxDie(), called in D:\xampp\htdocs\ydwAPI\Application\Api\Controller\AppHerbalController.class.php on line 35 and defined D:\xampp\htdocs\ydwAPI\Application\Api\Controller\BaseController.class.php 第 38 行.
NOTIC: [2] Missing argument 4 for Api\Controller\BaseController::ajaxDie(), called in D:\xampp\htdocs\ydwAPI\Application\Api\Controller\AppHerbalController.class.php on line 35 and defined D:\xampp\htdocs\ydwAPI\Application\Api\Controller\BaseController.class.php 第 38 行.
NOTIC: [8] Undefined variable: dataHot D:\xampp\htdocs\ydwAPI\Application\Api\Controller\BaseController.class.php 第 44 行.
NOTIC: [8] Undefined variable: sign_status D:\xampp\htdocs\ydwAPI\Application\Api\Controller\BaseController.class.php 第 47 行.

[ 2017-06-12T16:03:40+08:00 ] 192.168.2.42 /ydwAPI/index.php?s=Api/AppHerbal/herbal_detail
INFO: [ app_init ] --START--
INFO: Run Behavior\BuildLiteBehavior [ RunTime:0.000000s ]
INFO: Run Common\Behavior\InitHookBehavior [ RunTime:0.002000s ]
INFO: [ app_init ] --END-- [ RunTime:0.003000s ]
INFO: [ app_begin ] --START--
INFO: Run Behavior\ReadHtmlCacheBehavior [ RunTime:0.001000s ]
INFO: [ app_begin ] --END-- [ RunTime:0.001000s ]
SQL: SHOW COLUMNS FROM `ydw_config` [ RunTime:0.0030s ]
SQL: SELECT `type`,`name`,`value` FROM `ydw_config` WHERE `status` = 1  [ RunTime:0.0000s ]
NOTIC: [2] Missing argument 3 for Api\Controller\BaseController::ajaxDie(), called in D:\xampp\htdocs\ydwAPI\Application\Api\Controller\AppHerbalController.class.php on line 35 and defined D:\xampp\htdocs\ydwAPI\Application\Api\Controller\BaseController.class.php 第 38 行.
NOTIC: [2] Missing argument 4 for Api\Controller\BaseController::ajaxDie(), called in D:\xampp\htdocs\ydwAPI\Application\Api\Controller\AppHerbalController.class.php on line 35 and defined D:\xampp\htdocs\ydwAPI\Application\Api\Controller\BaseController.class.php 第 38 行.
NOTIC: [8] Undefined variable: dataHot D:\xampp\htdocs\ydwAPI\Application\Api\Controller\BaseController.class.php 第 44 行.
NOTIC: [8] Undefined variable: sign_status D:\xampp\htdocs\ydwAPI\Application\Api\Controller\BaseController.class.php 第 47 行.

[ 2017-06-12T16:03:48+08:00 ] 192.168.2.42 /ydwAPI/index.php?s=Api/AppHerbal/herbal_detail
INFO: [ app_init ] --START--
INFO: Run Behavior\BuildLiteBehavior [ RunTime:0.000000s ]
INFO: Run Common\Behavior\InitHookBehavior [ RunTime:0.002000s ]
INFO: [ app_init ] --END-- [ RunTime:0.002000s ]
INFO: [ app_begin ] --START--
INFO: Run Behavior\ReadHtmlCacheBehavior [ RunTime:0.001000s ]
INFO: [ app_begin ] --END-- [ RunTime:0.001000s ]
SQL: SHOW COLUMNS FROM `ydw_config` [ RunTime:0.0030s ]
SQL: SELECT `type`,`name`,`value` FROM `ydw_config` WHERE `status` = 1  [ RunTime:0.0000s ]
SQL: SHOW COLUMNS FROM `ydw_c_ysdq` [ RunTime:0.0020s ]
SQL: SELECT * FROM `ydw_c_ysdq` WHERE `id` = 621 LIMIT 1   [ RunTime:0.0010s ]
NOTIC: [2] Missing argument 3 for Api\Controller\BaseController::ajaxDie(), called in D:\xampp\htdocs\ydwAPI\Application\Api\Controller\AppHerbalController.class.php on line 41 and defined D:\xampp\htdocs\ydwAPI\Application\Api\Controller\BaseController.class.php 第 38 行.
NOTIC: [2] Missing argument 4 for Api\Controller\BaseController::ajaxDie(), called in D:\xampp\htdocs\ydwAPI\Application\Api\Controller\AppHerbalController.class.php on line 41 and defined D:\xampp\htdocs\ydwAPI\Application\Api\Controller\BaseController.class.php 第 38 行.
NOTIC: [8] Undefined variable: dataHot D:\xampp\htdocs\ydwAPI\Application\Api\Controller\BaseController.class.php 第 44 行.
NOTIC: [8] Undefined variable: sign_status D:\xampp\htdocs\ydwAPI\Application\Api\Controller\BaseController.class.php 第 47 行.

[ 2017-06-12T16:18:27+08:00 ] 192.168.2.42 /ydwAPI/index.php?s=Api/AppHerbal/getMarketDetails
INFO: [ app_init ] --START--
INFO: Run Behavior\BuildLiteBehavior [ RunTime:0.000000s ]
INFO: Run Common\Behavior\InitHookBehavior [ RunTime:0.002000s ]
INFO: [ app_init ] --END-- [ RunTime:0.002000s ]
INFO: [ app_begin ] --START--
INFO: Run Behavior\ReadHtmlCacheBehavior [ RunTime:0.001000s ]
INFO: [ app_begin ] --END-- [ RunTime:0.001000s ]
SQL: SHOW COLUMNS FROM `ydw_config` [ RunTime:0.0030s ]
SQL: SELECT `type`,`name`,`value` FROM `ydw_config` WHERE `status` = 1  [ RunTime:0.0010s ]
SQL: SHOW COLUMNS FROM `ydw_c_ysdt` [ RunTime:0.0020s ]
ERR: Think\Model:getMarketDetails方法不存在！

[ 2017-06-12T16:18:28+08:00 ] 192.168.2.42 /ydwAPI/index.php?s=Api/AppHerbal/getMarketDetails
INFO: [ app_init ] --START--
INFO: Run Behavior\BuildLiteBehavior [ RunTime:0.000000s ]
INFO: Run Common\Behavior\InitHookBehavior [ RunTime:0.001000s ]
INFO: [ app_init ] --END-- [ RunTime:0.002000s ]
INFO: [ app_begin ] --START--
INFO: Run Behavior\ReadHtmlCacheBehavior [ RunTime:0.000000s ]
INFO: [ app_begin ] --END-- [ RunTime:0.000000s ]
SQL: SHOW COLUMNS FROM `ydw_config` [ RunTime:0.0030s ]
SQL: SELECT `type`,`name`,`value` FROM `ydw_config` WHERE `status` = 1  [ RunTime:0.0010s ]
SQL: SHOW COLUMNS FROM `ydw_c_ysdt` [ RunTime:0.0030s ]
ERR: Think\Model:getMarketDetails方法不存在！

[ 2017-06-12T16:19:15+08:00 ] 192.168.2.42 /ydwAPI/index.php?s=Api/AppHerbal/getMarketDetails
INFO: [ app_init ] --START--
INFO: Run Behavior\BuildLiteBehavior [ RunTime:0.000000s ]
INFO: Run Common\Behavior\InitHookBehavior [ RunTime:0.001000s ]
INFO: [ app_init ] --END-- [ RunTime:0.002000s ]
INFO: [ app_begin ] --START--
INFO: Run Behavior\ReadHtmlCacheBehavior [ RunTime:0.001000s ]
INFO: [ app_begin ] --END-- [ RunTime:0.001000s ]
SQL: SHOW COLUMNS FROM `ydw_config` [ RunTime:0.0040s ]
SQL: SELECT `type`,`name`,`value` FROM `ydw_config` WHERE `status` = 1  [ RunTime:0.0010s ]
SQL: SHOW COLUMNS FROM `ydw_c_ysdt` [ RunTime:0.0030s ]
ERR: SQLSTATE[42000]: Syntax error or access violation: 1064 You have an error in your SQL syntax; check the manual that corresponds to your MariaDB server version for the right syntax to use near 'desc,thumb as img,`author`,`content`,create_time as time FROM `ydw_c_ysdt` WHERE' at line 1

[ 2017-06-12T16:19:18+08:00 ] 192.168.2.42 /ydwAPI/index.php?s=Api/AppHerbal/getMarketDetails
INFO: [ app_init ] --START--
INFO: Run Behavior\BuildLiteBehavior [ RunTime:0.000000s ]
INFO: Run Common\Behavior\InitHookBehavior [ RunTime:0.002000s ]
INFO: [ app_init ] --END-- [ RunTime:0.003000s ]
INFO: [ app_begin ] --START--
INFO: Run Behavior\ReadHtmlCacheBehavior [ RunTime:0.001000s ]
INFO: [ app_begin ] --END-- [ RunTime:0.001000s ]
SQL: SHOW COLUMNS FROM `ydw_config` [ RunTime:0.0020s ]
SQL: SELECT `type`,`name`,`value` FROM `ydw_config` WHERE `status` = 1  [ RunTime:0.0000s ]
SQL: SHOW COLUMNS FROM `ydw_c_ysdt` [ RunTime:0.0040s ]
ERR: SQLSTATE[42000]: Syntax error or access violation: 1064 You have an error in your SQL syntax; check the manual that corresponds to your MariaDB server version for the right syntax to use near 'desc,thumb as img,`author`,`content`,create_time as time FROM `ydw_c_ysdt` WHERE' at line 1

[ 2017-06-12T16:25:18+08:00 ] 192.168.2.42 /ydwAPI/index.php?s=Api/AppHerbal/getMarketDetails
INFO: [ app_init ] --START--
INFO: Run Behavior\BuildLiteBehavior [ RunTime:0.000000s ]
INFO: Run Common\Behavior\InitHookBehavior [ RunTime:0.003000s ]
INFO: [ app_init ] --END-- [ RunTime:0.004000s ]
INFO: [ app_begin ] --START--
INFO: Run Behavior\ReadHtmlCacheBehavior [ RunTime:0.001000s ]
INFO: [ app_begin ] --END-- [ RunTime:0.001000s ]
SQL: SHOW COLUMNS FROM `ydw_config` [ RunTime:0.0020s ]
SQL: SELECT `type`,`name`,`value` FROM `ydw_config` WHERE `status` = 1  [ RunTime:0.0010s ]
SQL: SHOW COLUMNS FROM `ydw_c_ysdt` [ RunTime:0.0020s ]
SQL: SELECT `id`,`title`,description as tion,`thumb`,`author`,`content`,create_time as time FROM `ydw_c_ysdt` WHERE `id` = 621 LIMIT 1   [ RunTime:0.0000s ]
NOTIC: [2] Missing argument 3 for Api\Controller\BaseController::ajaxDie(), called in D:\xampp\htdocs\ydwAPI\Application\Api\Controller\AppHerbalController.class.php on line 504 and defined D:\xampp\htdocs\ydwAPI\Application\Api\Controller\BaseController.class.php 第 38 行.
NOTIC: [2] Missing argument 4 for Api\Controller\BaseController::ajaxDie(), called in D:\xampp\htdocs\ydwAPI\Application\Api\Controller\AppHerbalController.class.php on line 504 and defined D:\xampp\htdocs\ydwAPI\Application\Api\Controller\BaseController.class.php 第 38 行.
NOTIC: [8] Undefined variable: dataHot D:\xampp\htdocs\ydwAPI\Application\Api\Controller\BaseController.class.php 第 44 行.
NOTIC: [8] Undefined variable: sign_status D:\xampp\htdocs\ydwAPI\Application\Api\Controller\BaseController.class.php 第 47 行.

[ 2017-06-12T16:25:23+08:00 ] 192.168.2.42 /ydwAPI/index.php?s=Api/AppHerbal/getMarketDetails
INFO: [ app_init ] --START--
INFO: Run Behavior\BuildLiteBehavior [ RunTime:0.000000s ]
INFO: Run Common\Behavior\InitHookBehavior [ RunTime:0.003000s ]
INFO: [ app_init ] --END-- [ RunTime:0.003000s ]
INFO: [ app_begin ] --START--
INFO: Run Behavior\ReadHtmlCacheBehavior [ RunTime:0.001000s ]
INFO: [ app_begin ] --END-- [ RunTime:0.001000s ]
SQL: SHOW COLUMNS FROM `ydw_config` [ RunTime:0.0020s ]
SQL: SELECT `type`,`name`,`value` FROM `ydw_config` WHERE `status` = 1  [ RunTime:0.0000s ]
SQL: SHOW COLUMNS FROM `ydw_c_ysdt` [ RunTime:0.0030s ]
SQL: SELECT `id`,`title`,description as tion,`thumb`,`author`,`content`,create_time as time FROM `ydw_c_ysdt` WHERE `id` = 621 LIMIT 1   [ RunTime:0.0010s ]
NOTIC: [2] Missing argument 3 for Api\Controller\BaseController::ajaxDie(), called in D:\xampp\htdocs\ydwAPI\Application\Api\Controller\AppHerbalController.class.php on line 504 and defined D:\xampp\htdocs\ydwAPI\Application\Api\Controller\BaseController.class.php 第 38 行.
NOTIC: [2] Missing argument 4 for Api\Controller\BaseController::ajaxDie(), called in D:\xampp\htdocs\ydwAPI\Application\Api\Controller\AppHerbalController.class.php on line 504 and defined D:\xampp\htdocs\ydwAPI\Application\Api\Controller\BaseController.class.php 第 38 行.
NOTIC: [8] Undefined variable: dataHot D:\xampp\htdocs\ydwAPI\Application\Api\Controller\BaseController.class.php 第 44 行.
NOTIC: [8] Undefined variable: sign_status D:\xampp\htdocs\ydwAPI\Application\Api\Controller\BaseController.class.php 第 47 行.

[ 2017-06-12T16:31:32+08:00 ] 192.168.2.42 /ydwAPI/index.php?s=Api/AppHerbal/getMarketDetails
INFO: [ app_init ] --START--
INFO: Run Behavior\BuildLiteBehavior [ RunTime:0.000000s ]
INFO: Run Common\Behavior\InitHookBehavior [ RunTime:0.002000s ]
INFO: [ app_init ] --END-- [ RunTime:0.003000s ]
INFO: [ app_begin ] --START--
INFO: Run Behavior\ReadHtmlCacheBehavior [ RunTime:0.000000s ]
INFO: [ app_begin ] --END-- [ RunTime:0.000000s ]
SQL: SHOW COLUMNS FROM `ydw_config` [ RunTime:0.0020s ]
SQL: SELECT `type`,`name`,`value` FROM `ydw_config` WHERE `status` = 1  [ RunTime:0.0000s ]
SQL: SHOW COLUMNS FROM `ydw_c_ysdt` [ RunTime:0.0030s ]
SQL: SELECT `id`,`title`,description as tion,`thumb`,`author`,`content`,create_time as time FROM `ydw_c_ysdt` WHERE `id` = 621 LIMIT 1   [ RunTime:0.0000s ]
NOTIC: [2] Missing argument 3 for Api\Controller\BaseController::ajaxDie(), called in D:\xampp\htdocs\ydwAPI\Application\Api\Controller\AppHerbalController.class.php on line 504 and defined D:\xampp\htdocs\ydwAPI\Application\Api\Controller\BaseController.class.php 第 38 行.
NOTIC: [2] Missing argument 4 for Api\Controller\BaseController::ajaxDie(), called in D:\xampp\htdocs\ydwAPI\Application\Api\Controller\AppHerbalController.class.php on line 504 and defined D:\xampp\htdocs\ydwAPI\Application\Api\Controller\BaseController.class.php 第 38 行.
NOTIC: [8] Undefined variable: dataHot D:\xampp\htdocs\ydwAPI\Application\Api\Controller\BaseController.class.php 第 44 行.
NOTIC: [8] Undefined variable: sign_status D:\xampp\htdocs\ydwAPI\Application\Api\Controller\BaseController.class.php 第 47 行.

[ 2017-06-12T16:32:23+08:00 ] 192.168.2.42 /ydwAPI/index.php?s=Api/AppHerbal/getMarketDetails
INFO: [ app_init ] --START--
INFO: Run Behavior\BuildLiteBehavior [ RunTime:0.000000s ]
INFO: Run Common\Behavior\InitHookBehavior [ RunTime:0.002000s ]
INFO: [ app_init ] --END-- [ RunTime:0.003000s ]
INFO: [ app_begin ] --START--
INFO: Run Behavior\ReadHtmlCacheBehavior [ RunTime:0.000000s ]
INFO: [ app_begin ] --END-- [ RunTime:0.000000s ]
SQL: SHOW COLUMNS FROM `ydw_config` [ RunTime:0.0030s ]
SQL: SELECT `type`,`name`,`value` FROM `ydw_config` WHERE `status` = 1  [ RunTime:0.0010s ]
SQL: SHOW COLUMNS FROM `ydw_c_ysdt` [ RunTime:0.0020s ]
SQL: SELECT `id`,`title`,description as tion,`thumb`,`author`,`content`,create_time as time FROM `ydw_c_ysdt` WHERE `id` = 621 LIMIT 1   [ RunTime:0.0010s ]
NOTIC: [2] Missing argument 3 for Api\Controller\BaseController::ajaxDie(), called in D:\xampp\htdocs\ydwAPI\Application\Api\Controller\AppHerbalController.class.php on line 504 and defined D:\xampp\htdocs\ydwAPI\Application\Api\Controller\BaseController.class.php 第 38 行.
NOTIC: [2] Missing argument 4 for Api\Controller\BaseController::ajaxDie(), called in D:\xampp\htdocs\ydwAPI\Application\Api\Controller\AppHerbalController.class.php on line 504 and defined D:\xampp\htdocs\ydwAPI\Application\Api\Controller\BaseController.class.php 第 38 行.
NOTIC: [8] Undefined variable: dataHot D:\xampp\htdocs\ydwAPI\Application\Api\Controller\BaseController.class.php 第 44 行.
NOTIC: [8] Undefined variable: sign_status D:\xampp\htdocs\ydwAPI\Application\Api\Controller\BaseController.class.php 第 47 行.

[ 2017-06-12T16:32:23+08:00 ] 192.168.2.42 /ydwAPI/index.php?s=Api/AppHerbal/getMarketDetails
INFO: [ app_init ] --START--
INFO: Run Behavior\BuildLiteBehavior [ RunTime:0.000000s ]
INFO: Run Common\Behavior\InitHookBehavior [ RunTime:0.002000s ]
INFO: [ app_init ] --END-- [ RunTime:0.003000s ]
INFO: [ app_begin ] --START--
INFO: Run Behavior\ReadHtmlCacheBehavior [ RunTime:0.000000s ]
INFO: [ app_begin ] --END-- [ RunTime:0.000000s ]
SQL: SHOW COLUMNS FROM `ydw_config` [ RunTime:0.0030s ]
SQL: SELECT `type`,`name`,`value` FROM `ydw_config` WHERE `status` = 1  [ RunTime:0.0000s ]
SQL: SHOW COLUMNS FROM `ydw_c_ysdt` [ RunTime:0.0030s ]
SQL: SELECT `id`,`title`,description as tion,`thumb`,`author`,`content`,create_time as time FROM `ydw_c_ysdt` WHERE `id` = 621 LIMIT 1   [ RunTime:0.0000s ]
NOTIC: [2] Missing argument 3 for Api\Controller\BaseController::ajaxDie(), called in D:\xampp\htdocs\ydwAPI\Application\Api\Controller\AppHerbalController.class.php on line 504 and defined D:\xampp\htdocs\ydwAPI\Application\Api\Controller\BaseController.class.php 第 38 行.
NOTIC: [2] Missing argument 4 for Api\Controller\BaseController::ajaxDie(), called in D:\xampp\htdocs\ydwAPI\Application\Api\Controller\AppHerbalController.class.php on line 504 and defined D:\xampp\htdocs\ydwAPI\Application\Api\Controller\BaseController.class.php 第 38 行.
NOTIC: [8] Undefined variable: dataHot D:\xampp\htdocs\ydwAPI\Application\Api\Controller\BaseController.class.php 第 44 行.
NOTIC: [8] Undefined variable: sign_status D:\xampp\htdocs\ydwAPI\Application\Api\Controller\BaseController.class.php 第 47 行.

[ 2017-06-12T16:32:24+08:00 ] 192.168.2.42 /ydwAPI/index.php?s=Api/AppHerbal/getMarketDetails
INFO: [ app_init ] --START--
INFO: Run Behavior\BuildLiteBehavior [ RunTime:0.000000s ]
INFO: Run Common\Behavior\InitHookBehavior [ RunTime:0.002000s ]
INFO: [ app_init ] --END-- [ RunTime:0.003000s ]
INFO: [ app_begin ] --START--
INFO: Run Behavior\ReadHtmlCacheBehavior [ RunTime:0.000000s ]
INFO: [ app_begin ] --END-- [ RunTime:0.000000s ]
SQL: SHOW COLUMNS FROM `ydw_config` [ RunTime:0.0020s ]
SQL: SELECT `type`,`name`,`value` FROM `ydw_config` WHERE `status` = 1  [ RunTime:0.0000s ]
SQL: SHOW COLUMNS FROM `ydw_c_ysdt` [ RunTime:0.0030s ]
SQL: SELECT `id`,`title`,description as tion,`thumb`,`author`,`content`,create_time as time FROM `ydw_c_ysdt` WHERE `id` = 621 LIMIT 1   [ RunTime:0.0000s ]
NOTIC: [2] Missing argument 3 for Api\Controller\BaseController::ajaxDie(), called in D:\xampp\htdocs\ydwAPI\Application\Api\Controller\AppHerbalController.class.php on line 504 and defined D:\xampp\htdocs\ydwAPI\Application\Api\Controller\BaseController.class.php 第 38 行.
NOTIC: [2] Missing argument 4 for Api\Controller\BaseController::ajaxDie(), called in D:\xampp\htdocs\ydwAPI\Application\Api\Controller\AppHerbalController.class.php on line 504 and defined D:\xampp\htdocs\ydwAPI\Application\Api\Controller\BaseController.class.php 第 38 行.
NOTIC: [8] Undefined variable: dataHot D:\xampp\htdocs\ydwAPI\Application\Api\Controller\BaseController.class.php 第 44 行.
NOTIC: [8] Undefined variable: sign_status D:\xampp\htdocs\ydwAPI\Application\Api\Controller\BaseController.class.php 第 47 行.

[ 2017-06-12T16:32:24+08:00 ] 192.168.2.42 /ydwAPI/index.php?s=Api/AppHerbal/getMarketDetails
INFO: [ app_init ] --START--
INFO: Run Behavior\BuildLiteBehavior [ RunTime:0.000000s ]
INFO: Run Common\Behavior\InitHookBehavior [ RunTime:0.003000s ]
INFO: [ app_init ] --END-- [ RunTime:0.004000s ]
INFO: [ app_begin ] --START--
INFO: Run Behavior\ReadHtmlCacheBehavior [ RunTime:0.000000s ]
INFO: [ app_begin ] --END-- [ RunTime:0.001000s ]
SQL: SHOW COLUMNS FROM `ydw_config` [ RunTime:0.0020s ]
SQL: SELECT `type`,`name`,`value` FROM `ydw_config` WHERE `status` = 1  [ RunTime:0.0000s ]
SQL: SHOW COLUMNS FROM `ydw_c_ysdt` [ RunTime:0.0040s ]
SQL: SELECT `id`,`title`,description as tion,`thumb`,`author`,`content`,create_time as time FROM `ydw_c_ysdt` WHERE `id` = 621 LIMIT 1   [ RunTime:0.0010s ]
NOTIC: [2] Missing argument 3 for Api\Controller\BaseController::ajaxDie(), called in D:\xampp\htdocs\ydwAPI\Application\Api\Controller\AppHerbalController.class.php on line 504 and defined D:\xampp\htdocs\ydwAPI\Application\Api\Controller\BaseController.class.php 第 38 行.
NOTIC: [2] Missing argument 4 for Api\Controller\BaseController::ajaxDie(), called in D:\xampp\htdocs\ydwAPI\Application\Api\Controller\AppHerbalController.class.php on line 504 and defined D:\xampp\htdocs\ydwAPI\Application\Api\Controller\BaseController.class.php 第 38 行.
NOTIC: [8] Undefined variable: dataHot D:\xampp\htdocs\ydwAPI\Application\Api\Controller\BaseController.class.php 第 44 行.
NOTIC: [8] Undefined variable: sign_status D:\xampp\htdocs\ydwAPI\Application\Api\Controller\BaseController.class.php 第 47 行.

[ 2017-06-12T16:32:25+08:00 ] 192.168.2.42 /ydwAPI/index.php?s=Api/AppHerbal/getMarketDetails
INFO: [ app_init ] --START--
INFO: Run Behavior\BuildLiteBehavior [ RunTime:0.000000s ]
INFO: Run Common\Behavior\InitHookBehavior [ RunTime:0.002000s ]
INFO: [ app_init ] --END-- [ RunTime:0.002000s ]
INFO: [ app_begin ] --START--
INFO: Run Behavior\ReadHtmlCacheBehavior [ RunTime:0.001000s ]
INFO: [ app_begin ] --END-- [ RunTime:0.001000s ]
SQL: SHOW COLUMNS FROM `ydw_config` [ RunTime:0.0020s ]
SQL: SELECT `type`,`name`,`value` FROM `ydw_config` WHERE `status` = 1  [ RunTime:0.0000s ]
SQL: SHOW COLUMNS FROM `ydw_c_ysdt` [ RunTime:0.0030s ]
SQL: SELECT `id`,`title`,description as tion,`thumb`,`author`,`content`,create_time as time FROM `ydw_c_ysdt` WHERE `id` = 621 LIMIT 1   [ RunTime:0.0000s ]
NOTIC: [2] Missing argument 3 for Api\Controller\BaseController::ajaxDie(), called in D:\xampp\htdocs\ydwAPI\Application\Api\Controller\AppHerbalController.class.php on line 504 and defined D:\xampp\htdocs\ydwAPI\Application\Api\Controller\BaseController.class.php 第 38 行.
NOTIC: [2] Missing argument 4 for Api\Controller\BaseController::ajaxDie(), called in D:\xampp\htdocs\ydwAPI\Application\Api\Controller\AppHerbalController.class.php on line 504 and defined D:\xampp\htdocs\ydwAPI\Application\Api\Controller\BaseController.class.php 第 38 行.
NOTIC: [8] Undefined variable: dataHot D:\xampp\htdocs\ydwAPI\Application\Api\Controller\BaseController.class.php 第 44 行.
NOTIC: [8] Undefined variable: sign_status D:\xampp\htdocs\ydwAPI\Application\Api\Controller\BaseController.class.php 第 47 行.

[ 2017-06-12T16:32:25+08:00 ] 192.168.2.42 /ydwAPI/index.php?s=Api/AppHerbal/getMarketDetails
INFO: [ app_init ] --START--
INFO: Run Behavior\BuildLiteBehavior [ RunTime:0.001000s ]
INFO: Run Common\Behavior\InitHookBehavior [ RunTime:0.001000s ]
INFO: [ app_init ] --END-- [ RunTime:0.002000s ]
INFO: [ app_begin ] --START--
INFO: Run Behavior\ReadHtmlCacheBehavior [ RunTime:0.001000s ]
INFO: [ app_begin ] --END-- [ RunTime:0.001000s ]
SQL: SHOW COLUMNS FROM `ydw_config` [ RunTime:0.0040s ]
SQL: SELECT `type`,`name`,`value` FROM `ydw_config` WHERE `status` = 1  [ RunTime:0.0010s ]
SQL: SHOW COLUMNS FROM `ydw_c_ysdt` [ RunTime:0.0030s ]
SQL: SELECT `id`,`title`,description as tion,`thumb`,`author`,`content`,create_time as time FROM `ydw_c_ysdt` WHERE `id` = 621 LIMIT 1   [ RunTime:0.0010s ]
NOTIC: [2] Missing argument 3 for Api\Controller\BaseController::ajaxDie(), called in D:\xampp\htdocs\ydwAPI\Application\Api\Controller\AppHerbalController.class.php on line 504 and defined D:\xampp\htdocs\ydwAPI\Application\Api\Controller\BaseController.class.php 第 38 行.
NOTIC: [2] Missing argument 4 for Api\Controller\BaseController::ajaxDie(), called in D:\xampp\htdocs\ydwAPI\Application\Api\Controller\AppHerbalController.class.php on line 504 and defined D:\xampp\htdocs\ydwAPI\Application\Api\Controller\BaseController.class.php 第 38 行.
NOTIC: [8] Undefined variable: dataHot D:\xampp\htdocs\ydwAPI\Application\Api\Controller\BaseController.class.php 第 44 行.
NOTIC: [8] Undefined variable: sign_status D:\xampp\htdocs\ydwAPI\Application\Api\Controller\BaseController.class.php 第 47 行.

[ 2017-06-12T16:32:25+08:00 ] 192.168.2.42 /ydwAPI/index.php?s=Api/AppHerbal/getMarketDetails
INFO: [ app_init ] --START--
INFO: Run Behavior\BuildLiteBehavior [ RunTime:0.000000s ]
INFO: Run Common\Behavior\InitHookBehavior [ RunTime:0.002000s ]
INFO: [ app_init ] --END-- [ RunTime:0.002000s ]
INFO: [ app_begin ] --START--
INFO: Run Behavior\ReadHtmlCacheBehavior [ RunTime:0.001000s ]
INFO: [ app_begin ] --END-- [ RunTime:0.001000s ]
SQL: SHOW COLUMNS FROM `ydw_config` [ RunTime:0.0030s ]
SQL: SELECT `type`,`name`,`value` FROM `ydw_config` WHERE `status` = 1  [ RunTime:0.0000s ]
SQL: SHOW COLUMNS FROM `ydw_c_ysdt` [ RunTime:0.0050s ]
SQL: SELECT `id`,`title`,description as tion,`thumb`,`author`,`content`,create_time as time FROM `ydw_c_ysdt` WHERE `id` = 621 LIMIT 1   [ RunTime:0.0000s ]
NOTIC: [2] Missing argument 3 for Api\Controller\BaseController::ajaxDie(), called in D:\xampp\htdocs\ydwAPI\Application\Api\Controller\AppHerbalController.class.php on line 504 and defined D:\xampp\htdocs\ydwAPI\Application\Api\Controller\BaseController.class.php 第 38 行.
NOTIC: [2] Missing argument 4 for Api\Controller\BaseController::ajaxDie(), called in D:\xampp\htdocs\ydwAPI\Application\Api\Controller\AppHerbalController.class.php on line 504 and defined D:\xampp\htdocs\ydwAPI\Application\Api\Controller\BaseController.class.php 第 38 行.
NOTIC: [8] Undefined variable: dataHot D:\xampp\htdocs\ydwAPI\Application\Api\Controller\BaseController.class.php 第 44 行.
NOTIC: [8] Undefined variable: sign_status D:\xampp\htdocs\ydwAPI\Application\Api\Controller\BaseController.class.php 第 47 行.

[ 2017-06-12T16:32:25+08:00 ] 192.168.2.42 /ydwAPI/index.php?s=Api/AppHerbal/getMarketDetails
INFO: [ app_init ] --START--
INFO: Run Behavior\BuildLiteBehavior [ RunTime:0.000000s ]
INFO: Run Common\Behavior\InitHookBehavior [ RunTime:0.003000s ]
INFO: [ app_init ] --END-- [ RunTime:0.003000s ]
INFO: [ app_begin ] --START--
INFO: Run Behavior\ReadHtmlCacheBehavior [ RunTime:0.000000s ]
INFO: [ app_begin ] --END-- [ RunTime:0.000000s ]
SQL: SHOW COLUMNS FROM `ydw_config` [ RunTime:0.0020s ]
SQL: SELECT `type`,`name`,`value` FROM `ydw_config` WHERE `status` = 1  [ RunTime:0.0000s ]
SQL: SHOW COLUMNS FROM `ydw_c_ysdt` [ RunTime:0.0030s ]
SQL: SELECT `id`,`title`,description as tion,`thumb`,`author`,`content`,create_time as time FROM `ydw_c_ysdt` WHERE `id` = 621 LIMIT 1   [ RunTime:0.0000s ]
NOTIC: [2] Missing argument 3 for Api\Controller\BaseController::ajaxDie(), called in D:\xampp\htdocs\ydwAPI\Application\Api\Controller\AppHerbalController.class.php on line 504 and defined D:\xampp\htdocs\ydwAPI\Application\Api\Controller\BaseController.class.php 第 38 行.
NOTIC: [2] Missing argument 4 for Api\Controller\BaseController::ajaxDie(), called in D:\xampp\htdocs\ydwAPI\Application\Api\Controller\AppHerbalController.class.php on line 504 and defined D:\xampp\htdocs\ydwAPI\Application\Api\Controller\BaseController.class.php 第 38 行.
NOTIC: [8] Undefined variable: dataHot D:\xampp\htdocs\ydwAPI\Application\Api\Controller\BaseController.class.php 第 44 行.
NOTIC: [8] Undefined variable: sign_status D:\xampp\htdocs\ydwAPI\Application\Api\Controller\BaseController.class.php 第 47 行.

[ 2017-06-12T16:32:25+08:00 ] 192.168.2.42 /ydwAPI/index.php?s=Api/AppHerbal/getMarketDetails
INFO: [ app_init ] --START--
INFO: Run Behavior\BuildLiteBehavior [ RunTime:0.000000s ]
INFO: Run Common\Behavior\InitHookBehavior [ RunTime:0.003000s ]
INFO: [ app_init ] --END-- [ RunTime:0.004000s ]
INFO: [ app_begin ] --START--
INFO: Run Behavior\ReadHtmlCacheBehavior [ RunTime:0.001000s ]
INFO: [ app_begin ] --END-- [ RunTime:0.001000s ]
SQL: SHOW COLUMNS FROM `ydw_config` [ RunTime:0.0020s ]
SQL: SELECT `type`,`name`,`value` FROM `ydw_config` WHERE `status` = 1  [ RunTime:0.0000s ]
SQL: SHOW COLUMNS FROM `ydw_c_ysdt` [ RunTime:0.0030s ]
SQL: SELECT `id`,`title`,description as tion,`thumb`,`author`,`content`,create_time as time FROM `ydw_c_ysdt` WHERE `id` = 621 LIMIT 1   [ RunTime:0.0010s ]
NOTIC: [2] Missing argument 3 for Api\Controller\BaseController::ajaxDie(), called in D:\xampp\htdocs\ydwAPI\Application\Api\Controller\AppHerbalController.class.php on line 504 and defined D:\xampp\htdocs\ydwAPI\Application\Api\Controller\BaseController.class.php 第 38 行.
NOTIC: [2] Missing argument 4 for Api\Controller\BaseController::ajaxDie(), called in D:\xampp\htdocs\ydwAPI\Application\Api\Controller\AppHerbalController.class.php on line 504 and defined D:\xampp\htdocs\ydwAPI\Application\Api\Controller\BaseController.class.php 第 38 行.
NOTIC: [8] Undefined variable: dataHot D:\xampp\htdocs\ydwAPI\Application\Api\Controller\BaseController.class.php 第 44 行.
NOTIC: [8] Undefined variable: sign_status D:\xampp\htdocs\ydwAPI\Application\Api\Controller\BaseController.class.php 第 47 行.

[ 2017-06-12T16:32:43+08:00 ] 192.168.2.42 /ydwAPI/index.php?s=Api/AppHerbal/getMarketDetails
INFO: [ app_init ] --START--
INFO: Run Behavior\BuildLiteBehavior [ RunTime:0.000000s ]
INFO: Run Common\Behavior\InitHookBehavior [ RunTime:0.002000s ]
INFO: [ app_init ] --END-- [ RunTime:0.002000s ]
INFO: [ app_begin ] --START--
INFO: Run Behavior\ReadHtmlCacheBehavior [ RunTime:0.000000s ]
INFO: [ app_begin ] --END-- [ RunTime:0.001000s ]
SQL: SHOW COLUMNS FROM `ydw_config` [ RunTime:0.0020s ]
SQL: SELECT `type`,`name`,`value` FROM `ydw_config` WHERE `status` = 1  [ RunTime:0.0000s ]
SQL: SHOW COLUMNS FROM `ydw_c_ysdt` [ RunTime:0.0030s ]
SQL: SELECT `id`,`title`,description as tion,`thumb`,`author`,`content`,create_time as time FROM `ydw_c_ysdt` WHERE `id` = 621 LIMIT 1   [ RunTime:0.0000s ]
NOTIC: [2] Missing argument 3 for Api\Controller\BaseController::ajaxDie(), called in D:\xampp\htdocs\ydwAPI\Application\Api\Controller\AppHerbalController.class.php on line 504 and defined D:\xampp\htdocs\ydwAPI\Application\Api\Controller\BaseController.class.php 第 38 行.
NOTIC: [2] Missing argument 4 for Api\Controller\BaseController::ajaxDie(), called in D:\xampp\htdocs\ydwAPI\Application\Api\Controller\AppHerbalController.class.php on line 504 and defined D:\xampp\htdocs\ydwAPI\Application\Api\Controller\BaseController.class.php 第 38 行.
NOTIC: [8] Undefined variable: dataHot D:\xampp\htdocs\ydwAPI\Application\Api\Controller\BaseController.class.php 第 44 行.
NOTIC: [8] Undefined variable: sign_status D:\xampp\htdocs\ydwAPI\Application\Api\Controller\BaseController.class.php 第 47 行.

[ 2017-06-12T16:32:44+08:00 ] 192.168.2.42 /ydwAPI/index.php?s=Api/AppHerbal/getMarketDetails
INFO: [ app_init ] --START--
INFO: Run Behavior\BuildLiteBehavior [ RunTime:0.000000s ]
INFO: Run Common\Behavior\InitHookBehavior [ RunTime:0.002000s ]
INFO: [ app_init ] --END-- [ RunTime:0.003000s ]
INFO: [ app_begin ] --START--
INFO: Run Behavior\ReadHtmlCacheBehavior [ RunTime:0.000000s ]
INFO: [ app_begin ] --END-- [ RunTime:0.000000s ]
SQL: SHOW COLUMNS FROM `ydw_config` [ RunTime:0.0030s ]
SQL: SELECT `type`,`name`,`value` FROM `ydw_config` WHERE `status` = 1  [ RunTime:0.0010s ]
SQL: SHOW COLUMNS FROM `ydw_c_ysdt` [ RunTime:0.0020s ]
SQL: SELECT `id`,`title`,description as tion,`thumb`,`author`,`content`,create_time as time FROM `ydw_c_ysdt` WHERE `id` = 621 LIMIT 1   [ RunTime:0.0010s ]
NOTIC: [2] Missing argument 3 for Api\Controller\BaseController::ajaxDie(), called in D:\xampp\htdocs\ydwAPI\Application\Api\Controller\AppHerbalController.class.php on line 504 and defined D:\xampp\htdocs\ydwAPI\Application\Api\Controller\BaseController.class.php 第 38 行.
NOTIC: [2] Missing argument 4 for Api\Controller\BaseController::ajaxDie(), called in D:\xampp\htdocs\ydwAPI\Application\Api\Controller\AppHerbalController.class.php on line 504 and defined D:\xampp\htdocs\ydwAPI\Application\Api\Controller\BaseController.class.php 第 38 行.
NOTIC: [8] Undefined variable: dataHot D:\xampp\htdocs\ydwAPI\Application\Api\Controller\BaseController.class.php 第 44 行.
NOTIC: [8] Undefined variable: sign_status D:\xampp\htdocs\ydwAPI\Application\Api\Controller\BaseController.class.php 第 47 行.

[ 2017-06-12T16:32:49+08:00 ] 192.168.2.42 /ydwAPI/index.php?s=Api/AppHerbal/getMarketDetails
INFO: [ app_init ] --START--
INFO: Run Behavior\BuildLiteBehavior [ RunTime:0.000000s ]
INFO: Run Common\Behavior\InitHookBehavior [ RunTime:0.002000s ]
INFO: [ app_init ] --END-- [ RunTime:0.002000s ]
INFO: [ app_begin ] --START--
INFO: Run Behavior\ReadHtmlCacheBehavior [ RunTime:0.000000s ]
INFO: [ app_begin ] --END-- [ RunTime:0.000000s ]
SQL: SHOW COLUMNS FROM `ydw_config` [ RunTime:0.0020s ]
SQL: SELECT `type`,`name`,`value` FROM `ydw_config` WHERE `status` = 1  [ RunTime:0.0010s ]
SQL: SHOW COLUMNS FROM `ydw_c_ysdt` [ RunTime:0.0020s ]
SQL: SELECT `id`,`title`,description as tion,`thumb`,`author`,`content`,create_time as time FROM `ydw_c_ysdt` WHERE `id` = 621 LIMIT 1   [ RunTime:0.0010s ]
NOTIC: [2] Missing argument 3 for Api\Controller\BaseController::ajaxDie(), called in D:\xampp\htdocs\ydwAPI\Application\Api\Controller\AppHerbalController.class.php on line 504 and defined D:\xampp\htdocs\ydwAPI\Application\Api\Controller\BaseController.class.php 第 38 行.
NOTIC: [2] Missing argument 4 for Api\Controller\BaseController::ajaxDie(), called in D:\xampp\htdocs\ydwAPI\Application\Api\Controller\AppHerbalController.class.php on line 504 and defined D:\xampp\htdocs\ydwAPI\Application\Api\Controller\BaseController.class.php 第 38 行.
NOTIC: [8] Undefined variable: dataHot D:\xampp\htdocs\ydwAPI\Application\Api\Controller\BaseController.class.php 第 44 行.
NOTIC: [8] Undefined variable: sign_status D:\xampp\htdocs\ydwAPI\Application\Api\Controller\BaseController.class.php 第 47 行.

[ 2017-06-12T16:32:50+08:00 ] 192.168.2.42 /ydwAPI/index.php?s=Api/AppHerbal/getMarketDetails
INFO: [ app_init ] --START--
INFO: Run Behavior\BuildLiteBehavior [ RunTime:0.000000s ]
INFO: Run Common\Behavior\InitHookBehavior [ RunTime:0.002000s ]
INFO: [ app_init ] --END-- [ RunTime:0.003000s ]
INFO: [ app_begin ] --START--
INFO: Run Behavior\ReadHtmlCacheBehavior [ RunTime:0.000000s ]
INFO: [ app_begin ] --END-- [ RunTime:0.000000s ]
SQL: SHOW COLUMNS FROM `ydw_config` [ RunTime:0.0040s ]
SQL: SELECT `type`,`name`,`value` FROM `ydw_config` WHERE `status` = 1  [ RunTime:0.0010s ]
SQL: SHOW COLUMNS FROM `ydw_c_ysdt` [ RunTime:0.0020s ]
SQL: SELECT `id`,`title`,description as tion,`thumb`,`author`,`content`,create_time as time FROM `ydw_c_ysdt` WHERE `id` = 621 LIMIT 1   [ RunTime:0.0000s ]
NOTIC: [2] Missing argument 3 for Api\Controller\BaseController::ajaxDie(), called in D:\xampp\htdocs\ydwAPI\Application\Api\Controller\AppHerbalController.class.php on line 504 and defined D:\xampp\htdocs\ydwAPI\Application\Api\Controller\BaseController.class.php 第 38 行.
NOTIC: [2] Missing argument 4 for Api\Controller\BaseController::ajaxDie(), called in D:\xampp\htdocs\ydwAPI\Application\Api\Controller\AppHerbalController.class.php on line 504 and defined D:\xampp\htdocs\ydwAPI\Application\Api\Controller\BaseController.class.php 第 38 行.
NOTIC: [8] Undefined variable: dataHot D:\xampp\htdocs\ydwAPI\Application\Api\Controller\BaseController.class.php 第 44 行.
NOTIC: [8] Undefined variable: sign_status D:\xampp\htdocs\ydwAPI\Application\Api\Controller\BaseController.class.php 第 47 行.

[ 2017-06-12T16:33:03+08:00 ] 192.168.2.42 /ydwAPI/index.php?s=Api/AppHerbal/getMarketDetails
INFO: [ app_init ] --START--
INFO: Run Behavior\BuildLiteBehavior [ RunTime:0.000000s ]
INFO: Run Common\Behavior\InitHookBehavior [ RunTime:0.002000s ]
INFO: [ app_init ] --END-- [ RunTime:0.002000s ]
INFO: [ app_begin ] --START--
INFO: Run Behavior\ReadHtmlCacheBehavior [ RunTime:0.001000s ]
INFO: [ app_begin ] --END-- [ RunTime:0.001000s ]
SQL: SHOW COLUMNS FROM `ydw_config` [ RunTime:0.0020s ]
SQL: SELECT `type`,`name`,`value` FROM `ydw_config` WHERE `status` = 1  [ RunTime:0.0000s ]
SQL: SHOW COLUMNS FROM `ydw_c_ysdt` [ RunTime:0.0020s ]
SQL: SELECT `id`,`title`,description as tion,`thumb`,`author`,`content`,create_time as time FROM `ydw_c_ysdt` WHERE `id` = 621 LIMIT 1   [ RunTime:0.0000s ]
NOTIC: [2] Missing argument 3 for Api\Controller\BaseController::ajaxDie(), called in D:\xampp\htdocs\ydwAPI\Application\Api\Controller\AppHerbalController.class.php on line 504 and defined D:\xampp\htdocs\ydwAPI\Application\Api\Controller\BaseController.class.php 第 38 行.
NOTIC: [2] Missing argument 4 for Api\Controller\BaseController::ajaxDie(), called in D:\xampp\htdocs\ydwAPI\Application\Api\Controller\AppHerbalController.class.php on line 504 and defined D:\xampp\htdocs\ydwAPI\Application\Api\Controller\BaseController.class.php 第 38 行.
NOTIC: [8] Undefined variable: dataHot D:\xampp\htdocs\ydwAPI\Application\Api\Controller\BaseController.class.php 第 44 行.
NOTIC: [8] Undefined variable: sign_status D:\xampp\htdocs\ydwAPI\Application\Api\Controller\BaseController.class.php 第 47 行.

[ 2017-06-12T16:33:26+08:00 ] 192.168.2.42 /ydwAPI/index.php?s=Api/AppHerbal/getMarketDetails
INFO: [ app_init ] --START--
INFO: Run Behavior\BuildLiteBehavior [ RunTime:0.000000s ]
INFO: Run Common\Behavior\InitHookBehavior [ RunTime:0.001000s ]
INFO: [ app_init ] --END-- [ RunTime:0.002000s ]
INFO: [ app_begin ] --START--
INFO: Run Behavior\ReadHtmlCacheBehavior [ RunTime:0.001000s ]
INFO: [ app_begin ] --END-- [ RunTime:0.001000s ]
SQL: SHOW COLUMNS FROM `ydw_config` [ RunTime:0.0020s ]
SQL: SELECT `type`,`name`,`value` FROM `ydw_config` WHERE `status` = 1  [ RunTime:0.0000s ]
SQL: SHOW COLUMNS FROM `ydw_c_ysdt` [ RunTime:0.0030s ]
SQL: SELECT `id`,`title`,description as tion,`thumb`,`author`,`content`,create_time as time FROM `ydw_c_ysdt` WHERE `id` = 621 LIMIT 1   [ RunTime:0.0000s ]
NOTIC: [2] Missing argument 3 for Api\Controller\BaseController::ajaxDie(), called in D:\xampp\htdocs\ydwAPI\Application\Api\Controller\AppHerbalController.class.php on line 504 and defined D:\xampp\htdocs\ydwAPI\Application\Api\Controller\BaseController.class.php 第 38 行.
NOTIC: [2] Missing argument 4 for Api\Controller\BaseController::ajaxDie(), called in D:\xampp\htdocs\ydwAPI\Application\Api\Controller\AppHerbalController.class.php on line 504 and defined D:\xampp\htdocs\ydwAPI\Application\Api\Controller\BaseController.class.php 第 38 行.
NOTIC: [8] Undefined variable: dataHot D:\xampp\htdocs\ydwAPI\Application\Api\Controller\BaseController.class.php 第 44 行.
NOTIC: [8] Undefined variable: sign_status D:\xampp\htdocs\ydwAPI\Application\Api\Controller\BaseController.class.php 第 47 行.

[ 2017-06-12T16:33:34+08:00 ] 192.168.2.42 /ydwAPI/index.php?s=Api/AppHerbal/getMarketDetails
INFO: [ app_init ] --START--
INFO: Run Behavior\BuildLiteBehavior [ RunTime:0.000000s ]
INFO: Run Common\Behavior\InitHookBehavior [ RunTime:0.002000s ]
INFO: [ app_init ] --END-- [ RunTime:0.002000s ]
INFO: [ app_begin ] --START--
INFO: Run Behavior\ReadHtmlCacheBehavior [ RunTime:0.000000s ]
INFO: [ app_begin ] --END-- [ RunTime:0.000000s ]
SQL: SHOW COLUMNS FROM `ydw_config` [ RunTime:0.0030s ]
SQL: SELECT `type`,`name`,`value` FROM `ydw_config` WHERE `status` = 1  [ RunTime:0.0010s ]
SQL: SHOW COLUMNS FROM `ydw_c_ysdt` [ RunTime:0.0030s ]
SQL: SELECT `id`,`title`,description as tion,`thumb`,`author`,`content`,create_time as time FROM `ydw_c_ysdt` WHERE `id` = 621 LIMIT 1   [ RunTime:0.0000s ]
NOTIC: [2] Missing argument 3 for Api\Controller\BaseController::ajaxDie(), called in D:\xampp\htdocs\ydwAPI\Application\Api\Controller\AppHerbalController.class.php on line 504 and defined D:\xampp\htdocs\ydwAPI\Application\Api\Controller\BaseController.class.php 第 38 行.
NOTIC: [2] Missing argument 4 for Api\Controller\BaseController::ajaxDie(), called in D:\xampp\htdocs\ydwAPI\Application\Api\Controller\AppHerbalController.class.php on line 504 and defined D:\xampp\htdocs\ydwAPI\Application\Api\Controller\BaseController.class.php 第 38 行.
NOTIC: [8] Undefined variable: dataHot D:\xampp\htdocs\ydwAPI\Application\Api\Controller\BaseController.class.php 第 44 行.
NOTIC: [8] Undefined variable: sign_status D:\xampp\htdocs\ydwAPI\Application\Api\Controller\BaseController.class.php 第 47 行.

[ 2017-06-12T16:33:44+08:00 ] 192.168.2.42 /ydwAPI/index.php?s=Api/AppHerbal/getMarketDetails
INFO: [ app_init ] --START--
INFO: Run Behavior\BuildLiteBehavior [ RunTime:0.000000s ]
INFO: Run Common\Behavior\InitHookBehavior [ RunTime:0.002000s ]
INFO: [ app_init ] --END-- [ RunTime:0.002000s ]
INFO: [ app_begin ] --START--
INFO: Run Behavior\ReadHtmlCacheBehavior [ RunTime:0.001000s ]
INFO: [ app_begin ] --END-- [ RunTime:0.001000s ]
SQL: SHOW COLUMNS FROM `ydw_config` [ RunTime:0.0030s ]
SQL: SELECT `type`,`name`,`value` FROM `ydw_config` WHERE `status` = 1  [ RunTime:0.0000s ]
SQL: SHOW COLUMNS FROM `ydw_c_ysdt` [ RunTime:0.0020s ]
SQL: SELECT `id`,`title`,description as tion,`thumb`,`author`,`content`,create_time as time FROM `ydw_c_ysdt` WHERE `id` = 621 LIMIT 1   [ RunTime:0.0000s ]
NOTIC: [2] Missing argument 3 for Api\Controller\BaseController::ajaxDie(), called in D:\xampp\htdocs\ydwAPI\Application\Api\Controller\AppHerbalController.class.php on line 504 and defined D:\xampp\htdocs\ydwAPI\Application\Api\Controller\BaseController.class.php 第 38 行.
NOTIC: [2] Missing argument 4 for Api\Controller\BaseController::ajaxDie(), called in D:\xampp\htdocs\ydwAPI\Application\Api\Controller\AppHerbalController.class.php on line 504 and defined D:\xampp\htdocs\ydwAPI\Application\Api\Controller\BaseController.class.php 第 38 行.
NOTIC: [8] Undefined variable: dataHot D:\xampp\htdocs\ydwAPI\Application\Api\Controller\BaseController.class.php 第 44 行.
NOTIC: [8] Undefined variable: sign_status D:\xampp\htdocs\ydwAPI\Application\Api\Controller\BaseController.class.php 第 47 行.

[ 2017-06-12T16:33:51+08:00 ] 192.168.2.42 /ydwAPI/index.php?s=Api/AppHerbal/getMarketDetails
INFO: [ app_init ] --START--
INFO: Run Behavior\BuildLiteBehavior [ RunTime:0.000000s ]
INFO: Run Common\Behavior\InitHookBehavior [ RunTime:0.001000s ]
INFO: [ app_init ] --END-- [ RunTime:0.001000s ]
INFO: [ app_begin ] --START--
INFO: Run Behavior\ReadHtmlCacheBehavior [ RunTime:0.000000s ]
INFO: [ app_begin ] --END-- [ RunTime:0.000000s ]
SQL: SHOW COLUMNS FROM `ydw_config` [ RunTime:0.0030s ]
SQL: SELECT `type`,`name`,`value` FROM `ydw_config` WHERE `status` = 1  [ RunTime:0.0000s ]
SQL: SHOW COLUMNS FROM `ydw_c_ysdt` [ RunTime:0.0020s ]
SQL: SELECT `id`,`title`,description as tion,`thumb`,`author`,`content`,create_time as time FROM `ydw_c_ysdt` WHERE `id` = 621 LIMIT 1   [ RunTime:0.0000s ]
NOTIC: [2] Missing argument 3 for Api\Controller\BaseController::ajaxDie(), called in D:\xampp\htdocs\ydwAPI\Application\Api\Controller\AppHerbalController.class.php on line 504 and defined D:\xampp\htdocs\ydwAPI\Application\Api\Controller\BaseController.class.php 第 38 行.
NOTIC: [2] Missing argument 4 for Api\Controller\BaseController::ajaxDie(), called in D:\xampp\htdocs\ydwAPI\Application\Api\Controller\AppHerbalController.class.php on line 504 and defined D:\xampp\htdocs\ydwAPI\Application\Api\Controller\BaseController.class.php 第 38 行.
NOTIC: [8] Undefined variable: dataHot D:\xampp\htdocs\ydwAPI\Application\Api\Controller\BaseController.class.php 第 44 行.
NOTIC: [8] Undefined variable: sign_status D:\xampp\htdocs\ydwAPI\Application\Api\Controller\BaseController.class.php 第 47 行.

[ 2017-06-12T16:34:01+08:00 ] 192.168.2.42 /ydwAPI/index.php?s=Api/AppHerbal/getMarketDetails
INFO: [ app_init ] --START--
INFO: Run Behavior\BuildLiteBehavior [ RunTime:0.000000s ]
INFO: Run Common\Behavior\InitHookBehavior [ RunTime:0.003000s ]
INFO: [ app_init ] --END-- [ RunTime:0.003000s ]
INFO: [ app_begin ] --START--
INFO: Run Behavior\ReadHtmlCacheBehavior [ RunTime:0.001000s ]
INFO: [ app_begin ] --END-- [ RunTime:0.001000s ]
SQL: SHOW COLUMNS FROM `ydw_config` [ RunTime:0.0020s ]
SQL: SELECT `type`,`name`,`value` FROM `ydw_config` WHERE `status` = 1  [ RunTime:0.0010s ]
SQL: SHOW COLUMNS FROM `ydw_c_ysdt` [ RunTime:0.0020s ]
SQL: SELECT `id`,`title`,description as tion,`thumb`,`author`,`content`,create_time as time FROM `ydw_c_ysdt` WHERE `id` = 621 LIMIT 1   [ RunTime:0.0000s ]
NOTIC: [2] Missing argument 3 for Api\Controller\BaseController::ajaxDie(), called in D:\xampp\htdocs\ydwAPI\Application\Api\Controller\AppHerbalController.class.php on line 504 and defined D:\xampp\htdocs\ydwAPI\Application\Api\Controller\BaseController.class.php 第 38 行.
NOTIC: [2] Missing argument 4 for Api\Controller\BaseController::ajaxDie(), called in D:\xampp\htdocs\ydwAPI\Application\Api\Controller\AppHerbalController.class.php on line 504 and defined D:\xampp\htdocs\ydwAPI\Application\Api\Controller\BaseController.class.php 第 38 行.
NOTIC: [8] Undefined variable: dataHot D:\xampp\htdocs\ydwAPI\Application\Api\Controller\BaseController.class.php 第 44 行.
NOTIC: [8] Undefined variable: sign_status D:\xampp\htdocs\ydwAPI\Application\Api\Controller\BaseController.class.php 第 47 行.

[ 2017-06-12T16:34:07+08:00 ] 192.168.2.42 /ydwAPI/index.php?s=Api/AppHerbal/getMarketDetails
INFO: [ app_init ] --START--
INFO: Run Behavior\BuildLiteBehavior [ RunTime:0.000000s ]
INFO: Run Common\Behavior\InitHookBehavior [ RunTime:0.003000s ]
INFO: [ app_init ] --END-- [ RunTime:0.003000s ]
INFO: [ app_begin ] --START--
INFO: Run Behavior\ReadHtmlCacheBehavior [ RunTime:0.001000s ]
INFO: [ app_begin ] --END-- [ RunTime:0.001000s ]
SQL: SHOW COLUMNS FROM `ydw_config` [ RunTime:0.0030s ]
SQL: SELECT `type`,`name`,`value` FROM `ydw_config` WHERE `status` = 1  [ RunTime:0.0000s ]
SQL: SHOW COLUMNS FROM `ydw_c_ysdt` [ RunTime:0.0020s ]
SQL: SELECT `id`,`title`,description as tion,`thumb`,`author`,`content`,create_time as time FROM `ydw_c_ysdt` WHERE `id` = 621 LIMIT 1   [ RunTime:0.0000s ]
NOTIC: [2] Missing argument 3 for Api\Controller\BaseController::ajaxDie(), called in D:\xampp\htdocs\ydwAPI\Application\Api\Controller\AppHerbalController.class.php on line 504 and defined D:\xampp\htdocs\ydwAPI\Application\Api\Controller\BaseController.class.php 第 38 行.
NOTIC: [2] Missing argument 4 for Api\Controller\BaseController::ajaxDie(), called in D:\xampp\htdocs\ydwAPI\Application\Api\Controller\AppHerbalController.class.php on line 504 and defined D:\xampp\htdocs\ydwAPI\Application\Api\Controller\BaseController.class.php 第 38 行.
NOTIC: [8] Undefined variable: dataHot D:\xampp\htdocs\ydwAPI\Application\Api\Controller\BaseController.class.php 第 44 行.
NOTIC: [8] Undefined variable: sign_status D:\xampp\htdocs\ydwAPI\Application\Api\Controller\BaseController.class.php 第 47 行.

[ 2017-06-12T16:34:10+08:00 ] 192.168.2.42 /ydwAPI/index.php?s=Api/AppHerbal/getMarketDetails
INFO: [ app_init ] --START--
INFO: Run Behavior\BuildLiteBehavior [ RunTime:0.000000s ]
INFO: Run Common\Behavior\InitHookBehavior [ RunTime:0.002000s ]
INFO: [ app_init ] --END-- [ RunTime:0.002000s ]
INFO: [ app_begin ] --START--
INFO: Run Behavior\ReadHtmlCacheBehavior [ RunTime:0.000000s ]
INFO: [ app_begin ] --END-- [ RunTime:0.000000s ]
SQL: SHOW COLUMNS FROM `ydw_config` [ RunTime:0.0020s ]
SQL: SELECT `type`,`name`,`value` FROM `ydw_config` WHERE `status` = 1  [ RunTime:0.0000s ]
SQL: SHOW COLUMNS FROM `ydw_c_ysdt` [ RunTime:0.0020s ]
SQL: SELECT `id`,`title`,description as tion,`thumb`,`author`,`content`,create_time as time FROM `ydw_c_ysdt` WHERE `id` = 621 LIMIT 1   [ RunTime:0.0000s ]
NOTIC: [2] Missing argument 3 for Api\Controller\BaseController::ajaxDie(), called in D:\xampp\htdocs\ydwAPI\Application\Api\Controller\AppHerbalController.class.php on line 504 and defined D:\xampp\htdocs\ydwAPI\Application\Api\Controller\BaseController.class.php 第 38 行.
NOTIC: [2] Missing argument 4 for Api\Controller\BaseController::ajaxDie(), called in D:\xampp\htdocs\ydwAPI\Application\Api\Controller\AppHerbalController.class.php on line 504 and defined D:\xampp\htdocs\ydwAPI\Application\Api\Controller\BaseController.class.php 第 38 行.
NOTIC: [8] Undefined variable: dataHot D:\xampp\htdocs\ydwAPI\Application\Api\Controller\BaseController.class.php 第 44 行.
NOTIC: [8] Undefined variable: sign_status D:\xampp\htdocs\ydwAPI\Application\Api\Controller\BaseController.class.php 第 47 行.

[ 2017-06-12T16:38:54+08:00 ] 192.168.2.42 /ydwAPI/index.php?s=Api/AppHerbal/getMarketDetails
INFO: [ app_init ] --START--
INFO: Run Behavior\BuildLiteBehavior [ RunTime:0.000000s ]
INFO: Run Common\Behavior\InitHookBehavior [ RunTime:0.003000s ]
INFO: [ app_init ] --END-- [ RunTime:0.003000s ]
INFO: [ app_begin ] --START--
INFO: Run Behavior\ReadHtmlCacheBehavior [ RunTime:0.003000s ]
INFO: [ app_begin ] --END-- [ RunTime:0.004000s ]
SQL: SHOW COLUMNS FROM `ydw_config` [ RunTime:0.0040s ]
SQL: SELECT `type`,`name`,`value` FROM `ydw_config` WHERE `status` = 1  [ RunTime:0.0000s ]
SQL: SHOW COLUMNS FROM `ydw_c_ysdt` [ RunTime:0.0030s ]
SQL: SELECT `id`,`title`,description as tion,`thumb`,`author`,`content`,create_time as time FROM `ydw_c_ysdt` WHERE `id` = 25 LIMIT 1   [ RunTime:0.0010s ]
NOTIC: [2] Missing argument 3 for Api\Controller\BaseController::ajaxDie(), called in D:\xampp\htdocs\ydwAPI\Application\Api\Controller\AppHerbalController.class.php on line 504 and defined D:\xampp\htdocs\ydwAPI\Application\Api\Controller\BaseController.class.php 第 38 行.
NOTIC: [2] Missing argument 4 for Api\Controller\BaseController::ajaxDie(), called in D:\xampp\htdocs\ydwAPI\Application\Api\Controller\AppHerbalController.class.php on line 504 and defined D:\xampp\htdocs\ydwAPI\Application\Api\Controller\BaseController.class.php 第 38 行.
NOTIC: [8] Undefined variable: dataHot D:\xampp\htdocs\ydwAPI\Application\Api\Controller\BaseController.class.php 第 44 行.
NOTIC: [8] Undefined variable: sign_status D:\xampp\htdocs\ydwAPI\Application\Api\Controller\BaseController.class.php 第 47 行.

[ 2017-06-12T16:50:30+08:00 ] 192.168.2.42 /ydwAPI/index.php?s=Api/AppHerbal/getMarketDetails
INFO: [ app_init ] --START--
INFO: Run Behavior\BuildLiteBehavior [ RunTime:0.000000s ]
INFO: Run Common\Behavior\InitHookBehavior [ RunTime:0.004000s ]
INFO: [ app_init ] --END-- [ RunTime:0.004000s ]
INFO: [ app_begin ] --START--
INFO: Run Behavior\ReadHtmlCacheBehavior [ RunTime:0.001000s ]
INFO: [ app_begin ] --END-- [ RunTime:0.001000s ]
SQL: SHOW COLUMNS FROM `ydw_config` [ RunTime:0.0020s ]
SQL: SELECT `type`,`name`,`value` FROM `ydw_config` WHERE `status` = 1  [ RunTime:0.0010s ]
SQL: SHOW COLUMNS FROM `ydw_c_ysdt` [ RunTime:0.0030s ]
SQL: SELECT `id`,`title`,description as tion,`thumb`,`author`,`content`,create_time as time FROM `ydw_c_ysdt` WHERE `id` = 25 LIMIT 1   [ RunTime:0.0000s ]
NOTIC: [2] Missing argument 3 for Api\Controller\BaseController::ajaxDie(), called in D:\xampp\htdocs\ydwAPI\Application\Api\Controller\AppHerbalController.class.php on line 504 and defined D:\xampp\htdocs\ydwAPI\Application\Api\Controller\BaseController.class.php 第 38 行.
NOTIC: [2] Missing argument 4 for Api\Controller\BaseController::ajaxDie(), called in D:\xampp\htdocs\ydwAPI\Application\Api\Controller\AppHerbalController.class.php on line 504 and defined D:\xampp\htdocs\ydwAPI\Application\Api\Controller\BaseController.class.php 第 38 行.
NOTIC: [8] Undefined variable: dataHot D:\xampp\htdocs\ydwAPI\Application\Api\Controller\BaseController.class.php 第 44 行.
NOTIC: [8] Undefined variable: sign_status D:\xampp\htdocs\ydwAPI\Application\Api\Controller\BaseController.class.php 第 47 行.

[ 2017-06-12T16:50:33+08:00 ] 192.168.2.42 /ydwAPI/index.php?s=Api/AppHerbal/getMarketDetails
INFO: [ app_init ] --START--
INFO: Run Behavior\BuildLiteBehavior [ RunTime:0.000000s ]
INFO: Run Common\Behavior\InitHookBehavior [ RunTime:0.001000s ]
INFO: [ app_init ] --END-- [ RunTime:0.002000s ]
INFO: [ app_begin ] --START--
INFO: Run Behavior\ReadHtmlCacheBehavior [ RunTime:0.001000s ]
INFO: [ app_begin ] --END-- [ RunTime:0.001000s ]
SQL: SHOW COLUMNS FROM `ydw_config` [ RunTime:0.0030s ]
SQL: SELECT `type`,`name`,`value` FROM `ydw_config` WHERE `status` = 1  [ RunTime:0.0000s ]
SQL: SHOW COLUMNS FROM `ydw_c_ysdt` [ RunTime:0.0030s ]
SQL: SELECT `id`,`title`,description as tion,`thumb`,`author`,`content`,create_time as time FROM `ydw_c_ysdt` WHERE `id` = 25 LIMIT 1   [ RunTime:0.0000s ]
NOTIC: [2] Missing argument 3 for Api\Controller\BaseController::ajaxDie(), called in D:\xampp\htdocs\ydwAPI\Application\Api\Controller\AppHerbalController.class.php on line 504 and defined D:\xampp\htdocs\ydwAPI\Application\Api\Controller\BaseController.class.php 第 38 行.
NOTIC: [2] Missing argument 4 for Api\Controller\BaseController::ajaxDie(), called in D:\xampp\htdocs\ydwAPI\Application\Api\Controller\AppHerbalController.class.php on line 504 and defined D:\xampp\htdocs\ydwAPI\Application\Api\Controller\BaseController.class.php 第 38 行.
NOTIC: [8] Undefined variable: dataHot D:\xampp\htdocs\ydwAPI\Application\Api\Controller\BaseController.class.php 第 44 行.
NOTIC: [8] Undefined variable: sign_status D:\xampp\htdocs\ydwAPI\Application\Api\Controller\BaseController.class.php 第 47 行.

[ 2017-06-12T16:50:37+08:00 ] 192.168.2.42 /ydwAPI/index.php?s=Api/AppHerbal/getMarketDetails
INFO: [ app_init ] --START--
INFO: Run Behavior\BuildLiteBehavior [ RunTime:0.000000s ]
INFO: Run Common\Behavior\InitHookBehavior [ RunTime:0.002000s ]
INFO: [ app_init ] --END-- [ RunTime:0.002000s ]
INFO: [ app_begin ] --START--
INFO: Run Behavior\ReadHtmlCacheBehavior [ RunTime:0.000000s ]
INFO: [ app_begin ] --END-- [ RunTime:0.000000s ]
SQL: SHOW COLUMNS FROM `ydw_config` [ RunTime:0.0020s ]
SQL: SELECT `type`,`name`,`value` FROM `ydw_config` WHERE `status` = 1  [ RunTime:0.0000s ]
SQL: SHOW COLUMNS FROM `ydw_c_ysdt` [ RunTime:0.0030s ]
SQL: SELECT `id`,`title`,description as tion,`thumb`,`author`,`content`,create_time as time FROM `ydw_c_ysdt` WHERE `id` = 25 LIMIT 1   [ RunTime:0.0000s ]
NOTIC: [2] Missing argument 3 for Api\Controller\BaseController::ajaxDie(), called in D:\xampp\htdocs\ydwAPI\Application\Api\Controller\AppHerbalController.class.php on line 504 and defined D:\xampp\htdocs\ydwAPI\Application\Api\Controller\BaseController.class.php 第 38 行.
NOTIC: [2] Missing argument 4 for Api\Controller\BaseController::ajaxDie(), called in D:\xampp\htdocs\ydwAPI\Application\Api\Controller\AppHerbalController.class.php on line 504 and defined D:\xampp\htdocs\ydwAPI\Application\Api\Controller\BaseController.class.php 第 38 行.
NOTIC: [8] Undefined variable: dataHot D:\xampp\htdocs\ydwAPI\Application\Api\Controller\BaseController.class.php 第 44 行.
NOTIC: [8] Undefined variable: sign_status D:\xampp\htdocs\ydwAPI\Application\Api\Controller\BaseController.class.php 第 47 行.

[ 2017-06-12T16:53:22+08:00 ] 192.168.2.42 /ydwAPI/index.php?s=Api/AppHerbal/getMarketDetails
INFO: [ app_init ] --START--
INFO: Run Behavior\BuildLiteBehavior [ RunTime:0.000000s ]
INFO: Run Common\Behavior\InitHookBehavior [ RunTime:0.002000s ]
INFO: [ app_init ] --END-- [ RunTime:0.003000s ]
INFO: [ app_begin ] --START--
INFO: Run Behavior\ReadHtmlCacheBehavior [ RunTime:0.000000s ]
INFO: [ app_begin ] --END-- [ RunTime:0.000000s ]
SQL: SHOW COLUMNS FROM `ydw_config` [ RunTime:0.0030s ]
SQL: SELECT `type`,`name`,`value` FROM `ydw_config` WHERE `status` = 1  [ RunTime:0.0000s ]
SQL: SHOW COLUMNS FROM `ydw_c_ysdt` [ RunTime:0.0020s ]
SQL: SHOW COLUMNS FROM `ydw_c_tthq_1` [ RunTime:0.0020s ]
SQL: SELECT `id`,`title`,description as des,`thumb`,`author`,`content`,create_time as time FROM `ydw_c_tthq_1` WHERE `id` = 25 LIMIT 1   [ RunTime:0.0000s ]
NOTIC: [2] Missing argument 3 for Api\Controller\BaseController::ajaxDie(), called in D:\xampp\htdocs\ydwAPI\Application\Api\Controller\AppHerbalController.class.php on line 510 and defined D:\xampp\htdocs\ydwAPI\Application\Api\Controller\BaseController.class.php 第 38 行.
NOTIC: [2] Missing argument 4 for Api\Controller\BaseController::ajaxDie(), called in D:\xampp\htdocs\ydwAPI\Application\Api\Controller\AppHerbalController.class.php on line 510 and defined D:\xampp\htdocs\ydwAPI\Application\Api\Controller\BaseController.class.php 第 38 行.
NOTIC: [8] Undefined variable: dataHot D:\xampp\htdocs\ydwAPI\Application\Api\Controller\BaseController.class.php 第 44 行.
NOTIC: [8] Undefined variable: sign_status D:\xampp\htdocs\ydwAPI\Application\Api\Controller\BaseController.class.php 第 47 行.

[ 2017-06-12T16:53:25+08:00 ] 192.168.2.42 /ydwAPI/index.php?s=Api/AppHerbal/getMarketDetails
INFO: [ app_init ] --START--
INFO: Run Behavior\BuildLiteBehavior [ RunTime:0.000000s ]
INFO: Run Common\Behavior\InitHookBehavior [ RunTime:0.002000s ]
INFO: [ app_init ] --END-- [ RunTime:0.002000s ]
INFO: [ app_begin ] --START--
INFO: Run Behavior\ReadHtmlCacheBehavior [ RunTime:0.001000s ]
INFO: [ app_begin ] --END-- [ RunTime:0.001000s ]
SQL: SHOW COLUMNS FROM `ydw_config` [ RunTime:0.0030s ]
SQL: SELECT `type`,`name`,`value` FROM `ydw_config` WHERE `status` = 1  [ RunTime:0.0000s ]
SQL: SHOW COLUMNS FROM `ydw_c_ysdt` [ RunTime:0.0030s ]
SQL: SHOW COLUMNS FROM `ydw_c_tthq_1` [ RunTime:0.0030s ]
SQL: SELECT `id`,`title`,description as des,`thumb`,`author`,`content`,create_time as time FROM `ydw_c_tthq_1` WHERE `id` = 25 LIMIT 1   [ RunTime:0.0000s ]
NOTIC: [2] Missing argument 3 for Api\Controller\BaseController::ajaxDie(), called in D:\xampp\htdocs\ydwAPI\Application\Api\Controller\AppHerbalController.class.php on line 510 and defined D:\xampp\htdocs\ydwAPI\Application\Api\Controller\BaseController.class.php 第 38 行.
NOTIC: [2] Missing argument 4 for Api\Controller\BaseController::ajaxDie(), called in D:\xampp\htdocs\ydwAPI\Application\Api\Controller\AppHerbalController.class.php on line 510 and defined D:\xampp\htdocs\ydwAPI\Application\Api\Controller\BaseController.class.php 第 38 行.
NOTIC: [8] Undefined variable: dataHot D:\xampp\htdocs\ydwAPI\Application\Api\Controller\BaseController.class.php 第 44 行.
NOTIC: [8] Undefined variable: sign_status D:\xampp\htdocs\ydwAPI\Application\Api\Controller\BaseController.class.php 第 47 行.

[ 2017-06-12T16:53:32+08:00 ] 192.168.2.42 /ydwAPI/index.php?s=Api/AppHerbal/getMarketDetails
INFO: [ app_init ] --START--
INFO: Run Behavior\BuildLiteBehavior [ RunTime:0.000000s ]
INFO: Run Common\Behavior\InitHookBehavior [ RunTime:0.002000s ]
INFO: [ app_init ] --END-- [ RunTime:0.002000s ]
INFO: [ app_begin ] --START--
INFO: Run Behavior\ReadHtmlCacheBehavior [ RunTime:0.001000s ]
INFO: [ app_begin ] --END-- [ RunTime:0.001000s ]
SQL: SHOW COLUMNS FROM `ydw_config` [ RunTime:0.0020s ]
SQL: SELECT `type`,`name`,`value` FROM `ydw_config` WHERE `status` = 1  [ RunTime:0.0000s ]
SQL: SHOW COLUMNS FROM `ydw_c_ysdt` [ RunTime:0.0030s ]
SQL: SHOW COLUMNS FROM `ydw_c_tthq_1` [ RunTime:0.0030s ]
SQL: SELECT `id`,`title`,description as des,`thumb`,`author`,`content`,create_time as time FROM `ydw_c_tthq_1` WHERE `id` = 25 LIMIT 1   [ RunTime:0.0000s ]
NOTIC: [2] Missing argument 3 for Api\Controller\BaseController::ajaxDie(), called in D:\xampp\htdocs\ydwAPI\Application\Api\Controller\AppHerbalController.class.php on line 510 and defined D:\xampp\htdocs\ydwAPI\Application\Api\Controller\BaseController.class.php 第 38 行.
NOTIC: [2] Missing argument 4 for Api\Controller\BaseController::ajaxDie(), called in D:\xampp\htdocs\ydwAPI\Application\Api\Controller\AppHerbalController.class.php on line 510 and defined D:\xampp\htdocs\ydwAPI\Application\Api\Controller\BaseController.class.php 第 38 行.
NOTIC: [8] Undefined variable: dataHot D:\xampp\htdocs\ydwAPI\Application\Api\Controller\BaseController.class.php 第 44 行.
NOTIC: [8] Undefined variable: sign_status D:\xampp\htdocs\ydwAPI\Application\Api\Controller\BaseController.class.php 第 47 行.

[ 2017-06-12T16:54:26+08:00 ] 192.168.2.42 /ydwAPI/index.php?s=Api/AppHerbal/getMarketDetails
INFO: [ app_init ] --START--
INFO: Run Behavior\BuildLiteBehavior [ RunTime:0.000000s ]
INFO: Run Common\Behavior\InitHookBehavior [ RunTime:0.002000s ]
INFO: [ app_init ] --END-- [ RunTime:0.002000s ]
INFO: [ app_begin ] --START--
INFO: Run Behavior\ReadHtmlCacheBehavior [ RunTime:0.001000s ]
INFO: [ app_begin ] --END-- [ RunTime:0.001000s ]
SQL: SHOW COLUMNS FROM `ydw_config` [ RunTime:0.0030s ]
SQL: SELECT `type`,`name`,`value` FROM `ydw_config` WHERE `status` = 1  [ RunTime:0.0000s ]
SQL: SHOW COLUMNS FROM `ydw_c_ysdt` [ RunTime:0.0020s ]
SQL: SHOW COLUMNS FROM `ydw_c_tthq_1` [ RunTime:0.0020s ]
SQL: SELECT `id`,`title`,description as des,`thumb`,`author`,`content`,create_time as time FROM `ydw_c_tthq_1` WHERE `id` = 25 LIMIT 1   [ RunTime:0.0010s ]
NOTIC: [2] Missing argument 3 for Api\Controller\BaseController::ajaxDie(), called in D:\xampp\htdocs\ydwAPI\Application\Api\Controller\AppHerbalController.class.php on line 510 and defined D:\xampp\htdocs\ydwAPI\Application\Api\Controller\BaseController.class.php 第 38 行.
NOTIC: [2] Missing argument 4 for Api\Controller\BaseController::ajaxDie(), called in D:\xampp\htdocs\ydwAPI\Application\Api\Controller\AppHerbalController.class.php on line 510 and defined D:\xampp\htdocs\ydwAPI\Application\Api\Controller\BaseController.class.php 第 38 行.
NOTIC: [8] Undefined variable: dataHot D:\xampp\htdocs\ydwAPI\Application\Api\Controller\BaseController.class.php 第 44 行.
NOTIC: [8] Undefined variable: sign_status D:\xampp\htdocs\ydwAPI\Application\Api\Controller\BaseController.class.php 第 47 行.

[ 2017-06-12T16:54:28+08:00 ] 192.168.2.42 /ydwAPI/index.php?s=Api/AppHerbal/getMarketDetails
INFO: [ app_init ] --START--
INFO: Run Behavior\BuildLiteBehavior [ RunTime:0.000000s ]
INFO: Run Common\Behavior\InitHookBehavior [ RunTime:0.002000s ]
INFO: [ app_init ] --END-- [ RunTime:0.002000s ]
INFO: [ app_begin ] --START--
INFO: Run Behavior\ReadHtmlCacheBehavior [ RunTime:0.001000s ]
INFO: [ app_begin ] --END-- [ RunTime:0.001000s ]
SQL: SHOW COLUMNS FROM `ydw_config` [ RunTime:0.0020s ]
SQL: SELECT `type`,`name`,`value` FROM `ydw_config` WHERE `status` = 1  [ RunTime:0.0000s ]
SQL: SHOW COLUMNS FROM `ydw_c_ysdt` [ RunTime:0.0030s ]
SQL: SHOW COLUMNS FROM `ydw_c_tthq_1` [ RunTime:0.0020s ]
SQL: SELECT `id`,`title`,description as des,`thumb`,`author`,`content`,create_time as time FROM `ydw_c_tthq_1` WHERE `id` = 25 LIMIT 1   [ RunTime:0.0000s ]
NOTIC: [2] Missing argument 3 for Api\Controller\BaseController::ajaxDie(), called in D:\xampp\htdocs\ydwAPI\Application\Api\Controller\AppHerbalController.class.php on line 510 and defined D:\xampp\htdocs\ydwAPI\Application\Api\Controller\BaseController.class.php 第 38 行.
NOTIC: [2] Missing argument 4 for Api\Controller\BaseController::ajaxDie(), called in D:\xampp\htdocs\ydwAPI\Application\Api\Controller\AppHerbalController.class.php on line 510 and defined D:\xampp\htdocs\ydwAPI\Application\Api\Controller\BaseController.class.php 第 38 行.
NOTIC: [8] Undefined variable: dataHot D:\xampp\htdocs\ydwAPI\Application\Api\Controller\BaseController.class.php 第 44 行.
NOTIC: [8] Undefined variable: sign_status D:\xampp\htdocs\ydwAPI\Application\Api\Controller\BaseController.class.php 第 47 行.

[ 2017-06-12T16:54:34+08:00 ] 192.168.2.42 /ydwAPI/index.php?s=Api/AppHerbal/getMarketDetails
INFO: [ app_init ] --START--
INFO: Run Behavior\BuildLiteBehavior [ RunTime:0.000000s ]
INFO: Run Common\Behavior\InitHookBehavior [ RunTime:0.002000s ]
INFO: [ app_init ] --END-- [ RunTime:0.003000s ]
INFO: [ app_begin ] --START--
INFO: Run Behavior\ReadHtmlCacheBehavior [ RunTime:0.001000s ]
INFO: [ app_begin ] --END-- [ RunTime:0.001000s ]
SQL: SHOW COLUMNS FROM `ydw_config` [ RunTime:0.0030s ]
SQL: SELECT `type`,`name`,`value` FROM `ydw_config` WHERE `status` = 1  [ RunTime:0.0000s ]
SQL: SHOW COLUMNS FROM `ydw_c_ysdt` [ RunTime:0.0030s ]
SQL: SHOW COLUMNS FROM `ydw_c_tthq_1` [ RunTime:0.0020s ]
SQL: SELECT `id`,`title`,description as des,`thumb`,`author`,`content`,create_time as time FROM `ydw_c_tthq_1` WHERE `id` = 15 LIMIT 1   [ RunTime:0.0010s ]
NOTIC: [2] Missing argument 3 for Api\Controller\BaseController::ajaxDie(), called in D:\xampp\htdocs\ydwAPI\Application\Api\Controller\AppHerbalController.class.php on line 510 and defined D:\xampp\htdocs\ydwAPI\Application\Api\Controller\BaseController.class.php 第 38 行.
NOTIC: [2] Missing argument 4 for Api\Controller\BaseController::ajaxDie(), called in D:\xampp\htdocs\ydwAPI\Application\Api\Controller\AppHerbalController.class.php on line 510 and defined D:\xampp\htdocs\ydwAPI\Application\Api\Controller\BaseController.class.php 第 38 行.
NOTIC: [8] Undefined variable: dataHot D:\xampp\htdocs\ydwAPI\Application\Api\Controller\BaseController.class.php 第 44 行.
NOTIC: [8] Undefined variable: sign_status D:\xampp\htdocs\ydwAPI\Application\Api\Controller\BaseController.class.php 第 47 行.

[ 2017-06-12T16:54:38+08:00 ] 192.168.2.42 /ydwAPI/index.php?s=Api/AppHerbal/getMarketDetails
INFO: [ app_init ] --START--
INFO: Run Behavior\BuildLiteBehavior [ RunTime:0.000000s ]
INFO: Run Common\Behavior\InitHookBehavior [ RunTime:0.003000s ]
INFO: [ app_init ] --END-- [ RunTime:0.003000s ]
INFO: [ app_begin ] --START--
INFO: Run Behavior\ReadHtmlCacheBehavior [ RunTime:0.001000s ]
INFO: [ app_begin ] --END-- [ RunTime:0.001000s ]
SQL: SHOW COLUMNS FROM `ydw_config` [ RunTime:0.0020s ]
SQL: SELECT `type`,`name`,`value` FROM `ydw_config` WHERE `status` = 1  [ RunTime:0.0000s ]
SQL: SHOW COLUMNS FROM `ydw_c_ysdt` [ RunTime:0.0030s ]
SQL: SHOW COLUMNS FROM `ydw_c_tthq_1` [ RunTime:0.0020s ]
SQL: SELECT `id`,`title`,description as des,`thumb`,`author`,`content`,create_time as time FROM `ydw_c_tthq_1` WHERE `id` = 10 LIMIT 1   [ RunTime:0.0010s ]
NOTIC: [2] Missing argument 3 for Api\Controller\BaseController::ajaxDie(), called in D:\xampp\htdocs\ydwAPI\Application\Api\Controller\AppHerbalController.class.php on line 510 and defined D:\xampp\htdocs\ydwAPI\Application\Api\Controller\BaseController.class.php 第 38 行.
NOTIC: [2] Missing argument 4 for Api\Controller\BaseController::ajaxDie(), called in D:\xampp\htdocs\ydwAPI\Application\Api\Controller\AppHerbalController.class.php on line 510 and defined D:\xampp\htdocs\ydwAPI\Application\Api\Controller\BaseController.class.php 第 38 行.
NOTIC: [8] Undefined variable: dataHot D:\xampp\htdocs\ydwAPI\Application\Api\Controller\BaseController.class.php 第 44 行.
NOTIC: [8] Undefined variable: sign_status D:\xampp\htdocs\ydwAPI\Application\Api\Controller\BaseController.class.php 第 47 行.

[ 2017-06-12T16:54:41+08:00 ] 192.168.2.42 /ydwAPI/index.php?s=Api/AppHerbal/getMarketDetails
INFO: [ app_init ] --START--
INFO: Run Behavior\BuildLiteBehavior [ RunTime:0.000000s ]
INFO: Run Common\Behavior\InitHookBehavior [ RunTime:0.002000s ]
INFO: [ app_init ] --END-- [ RunTime:0.003000s ]
INFO: [ app_begin ] --START--
INFO: Run Behavior\ReadHtmlCacheBehavior [ RunTime:0.001000s ]
INFO: [ app_begin ] --END-- [ RunTime:0.001000s ]
SQL: SHOW COLUMNS FROM `ydw_config` [ RunTime:0.0030s ]
SQL: SELECT `type`,`name`,`value` FROM `ydw_config` WHERE `status` = 1  [ RunTime:0.0000s ]
SQL: SHOW COLUMNS FROM `ydw_c_ysdt` [ RunTime:0.0030s ]
SQL: SELECT `id`,`title`,description as des,`thumb`,`author`,`content`,create_time as time FROM `ydw_c_ysdt` WHERE `id` = 10 LIMIT 1   [ RunTime:0.0000s ]
NOTIC: [2] Missing argument 3 for Api\Controller\BaseController::ajaxDie(), called in D:\xampp\htdocs\ydwAPI\Application\Api\Controller\AppHerbalController.class.php on line 510 and defined D:\xampp\htdocs\ydwAPI\Application\Api\Controller\BaseController.class.php 第 38 行.
NOTIC: [2] Missing argument 4 for Api\Controller\BaseController::ajaxDie(), called in D:\xampp\htdocs\ydwAPI\Application\Api\Controller\AppHerbalController.class.php on line 510 and defined D:\xampp\htdocs\ydwAPI\Application\Api\Controller\BaseController.class.php 第 38 行.
NOTIC: [8] Undefined variable: dataHot D:\xampp\htdocs\ydwAPI\Application\Api\Controller\BaseController.class.php 第 44 行.
NOTIC: [8] Undefined variable: sign_status D:\xampp\htdocs\ydwAPI\Application\Api\Controller\BaseController.class.php 第 47 行.

[ 2017-06-12T16:54:47+08:00 ] 192.168.2.42 /ydwAPI/index.php?s=Api/AppHerbal/getMarketDetails
INFO: [ app_init ] --START--
INFO: Run Behavior\BuildLiteBehavior [ RunTime:0.000000s ]
INFO: Run Common\Behavior\InitHookBehavior [ RunTime:0.002000s ]
INFO: [ app_init ] --END-- [ RunTime:0.002000s ]
INFO: [ app_begin ] --START--
INFO: Run Behavior\ReadHtmlCacheBehavior [ RunTime:0.000000s ]
INFO: [ app_begin ] --END-- [ RunTime:0.000000s ]
SQL: SHOW COLUMNS FROM `ydw_config` [ RunTime:0.0030s ]
SQL: SELECT `type`,`name`,`value` FROM `ydw_config` WHERE `status` = 1  [ RunTime:0.0000s ]
SQL: SHOW COLUMNS FROM `ydw_c_ysdt` [ RunTime:0.0020s ]
SQL: SHOW COLUMNS FROM `ydw_c_pzfx` [ RunTime:0.0020s ]
SQL: SELECT `id`,`title`,description as des,`thumb`,`author`,`content`,create_time as time FROM `ydw_c_pzfx` WHERE `id` = 10 LIMIT 1   [ RunTime:0.0010s ]
NOTIC: [2] Missing argument 3 for Api\Controller\BaseController::ajaxDie(), called in D:\xampp\htdocs\ydwAPI\Application\Api\Controller\AppHerbalController.class.php on line 510 and defined D:\xampp\htdocs\ydwAPI\Application\Api\Controller\BaseController.class.php 第 38 行.
NOTIC: [2] Missing argument 4 for Api\Controller\BaseController::ajaxDie(), called in D:\xampp\htdocs\ydwAPI\Application\Api\Controller\AppHerbalController.class.php on line 510 and defined D:\xampp\htdocs\ydwAPI\Application\Api\Controller\BaseController.class.php 第 38 行.
NOTIC: [8] Undefined variable: dataHot D:\xampp\htdocs\ydwAPI\Application\Api\Controller\BaseController.class.php 第 44 行.
NOTIC: [8] Undefined variable: sign_status D:\xampp\htdocs\ydwAPI\Application\Api\Controller\BaseController.class.php 第 47 行.

[ 2017-06-12T16:55:33+08:00 ] 192.168.2.42 /ydwAPI/index.php?s=Api/AppHerbal/getMarketDetails
INFO: [ app_init ] --START--
INFO: Run Behavior\BuildLiteBehavior [ RunTime:0.000000s ]
INFO: Run Common\Behavior\InitHookBehavior [ RunTime:0.003000s ]
INFO: [ app_init ] --END-- [ RunTime:0.003000s ]
INFO: [ app_begin ] --START--
INFO: Run Behavior\ReadHtmlCacheBehavior [ RunTime:0.001000s ]
INFO: [ app_begin ] --END-- [ RunTime:0.001000s ]
SQL: SHOW COLUMNS FROM `ydw_config` [ RunTime:0.0030s ]
SQL: SELECT `type`,`name`,`value` FROM `ydw_config` WHERE `status` = 1  [ RunTime:0.0010s ]
SQL: SHOW COLUMNS FROM `ydw_c_ysdt` [ RunTime:0.0030s ]
SQL: SHOW COLUMNS FROM `ydw_c_pzfx` [ RunTime:0.0050s ]
SQL: SELECT `id`,`title`,description as des,`thumb`,`author`,`content`,create_time as time FROM `ydw_c_pzfx` WHERE `id` = 10 LIMIT 1   [ RunTime:0.0020s ]
NOTIC: [2] Missing argument 3 for Api\Controller\BaseController::ajaxDie(), called in D:\xampp\htdocs\ydwAPI\Application\Api\Controller\AppHerbalController.class.php on line 510 and defined D:\xampp\htdocs\ydwAPI\Application\Api\Controller\BaseController.class.php 第 38 行.
NOTIC: [2] Missing argument 4 for Api\Controller\BaseController::ajaxDie(), called in D:\xampp\htdocs\ydwAPI\Application\Api\Controller\AppHerbalController.class.php on line 510 and defined D:\xampp\htdocs\ydwAPI\Application\Api\Controller\BaseController.class.php 第 38 行.
NOTIC: [8] Undefined variable: dataHot D:\xampp\htdocs\ydwAPI\Application\Api\Controller\BaseController.class.php 第 44 行.
NOTIC: [8] Undefined variable: sign_status D:\xampp\htdocs\ydwAPI\Application\Api\Controller\BaseController.class.php 第 47 行.

[ 2017-06-12T16:56:23+08:00 ] 192.168.2.42 /ydwAPI/index.php?s=Api/AppHerbal/getMarketDetails
INFO: [ app_init ] --START--
INFO: Run Behavior\BuildLiteBehavior [ RunTime:0.000000s ]
INFO: Run Common\Behavior\InitHookBehavior [ RunTime:0.002000s ]
INFO: [ app_init ] --END-- [ RunTime:0.003000s ]
INFO: [ app_begin ] --START--
INFO: Run Behavior\ReadHtmlCacheBehavior [ RunTime:0.000000s ]
INFO: [ app_begin ] --END-- [ RunTime:0.000000s ]
SQL: SHOW COLUMNS FROM `ydw_config` [ RunTime:0.0020s ]
SQL: SELECT `type`,`name`,`value` FROM `ydw_config` WHERE `status` = 1  [ RunTime:0.0010s ]
SQL: SHOW COLUMNS FROM `ydw_c_ysdt` [ RunTime:0.0020s ]
SQL: SHOW COLUMNS FROM `ydw_c_pzfx` [ RunTime:0.0040s ]
SQL: SELECT `id`,`title`,description as des,`thumb`,`author`,`content`,create_time as time FROM `ydw_c_pzfx` WHERE `id` = 10 LIMIT 1   [ RunTime:0.0000s ]
NOTIC: [2] Missing argument 3 for Api\Controller\BaseController::ajaxDie(), called in D:\xampp\htdocs\ydwAPI\Application\Api\Controller\AppHerbalController.class.php on line 510 and defined D:\xampp\htdocs\ydwAPI\Application\Api\Controller\BaseController.class.php 第 38 行.
NOTIC: [2] Missing argument 4 for Api\Controller\BaseController::ajaxDie(), called in D:\xampp\htdocs\ydwAPI\Application\Api\Controller\AppHerbalController.class.php on line 510 and defined D:\xampp\htdocs\ydwAPI\Application\Api\Controller\BaseController.class.php 第 38 行.
NOTIC: [8] Undefined variable: dataHot D:\xampp\htdocs\ydwAPI\Application\Api\Controller\BaseController.class.php 第 44 行.
NOTIC: [8] Undefined variable: sign_status D:\xampp\htdocs\ydwAPI\Application\Api\Controller\BaseController.class.php 第 47 行.

[ 2017-06-12T16:56:23+08:00 ] 192.168.2.42 /ydwAPI/index.php?s=Api/AppHerbal/getMarketDetails
INFO: [ app_init ] --START--
INFO: Run Behavior\BuildLiteBehavior [ RunTime:0.000000s ]
INFO: Run Common\Behavior\InitHookBehavior [ RunTime:0.002000s ]
INFO: [ app_init ] --END-- [ RunTime:0.002000s ]
INFO: [ app_begin ] --START--
INFO: Run Behavior\ReadHtmlCacheBehavior [ RunTime:0.001000s ]
INFO: [ app_begin ] --END-- [ RunTime:0.001000s ]
SQL: SHOW COLUMNS FROM `ydw_config` [ RunTime:0.0020s ]
SQL: SELECT `type`,`name`,`value` FROM `ydw_config` WHERE `status` = 1  [ RunTime:0.0010s ]
SQL: SHOW COLUMNS FROM `ydw_c_ysdt` [ RunTime:0.0030s ]
SQL: SHOW COLUMNS FROM `ydw_c_pzfx` [ RunTime:0.0030s ]
SQL: SELECT `id`,`title`,description as des,`thumb`,`author`,`content`,create_time as time FROM `ydw_c_pzfx` WHERE `id` = 10 LIMIT 1   [ RunTime:0.0000s ]
NOTIC: [2] Missing argument 3 for Api\Controller\BaseController::ajaxDie(), called in D:\xampp\htdocs\ydwAPI\Application\Api\Controller\AppHerbalController.class.php on line 510 and defined D:\xampp\htdocs\ydwAPI\Application\Api\Controller\BaseController.class.php 第 38 行.
NOTIC: [2] Missing argument 4 for Api\Controller\BaseController::ajaxDie(), called in D:\xampp\htdocs\ydwAPI\Application\Api\Controller\AppHerbalController.class.php on line 510 and defined D:\xampp\htdocs\ydwAPI\Application\Api\Controller\BaseController.class.php 第 38 行.
NOTIC: [8] Undefined variable: dataHot D:\xampp\htdocs\ydwAPI\Application\Api\Controller\BaseController.class.php 第 44 行.
NOTIC: [8] Undefined variable: sign_status D:\xampp\htdocs\ydwAPI\Application\Api\Controller\BaseController.class.php 第 47 行.

[ 2017-06-12T16:56:24+08:00 ] 192.168.2.42 /ydwAPI/index.php?s=Api/AppHerbal/getMarketDetails
INFO: [ app_init ] --START--
INFO: Run Behavior\BuildLiteBehavior [ RunTime:0.000000s ]
INFO: Run Common\Behavior\InitHookBehavior [ RunTime:0.002000s ]
INFO: [ app_init ] --END-- [ RunTime:0.003000s ]
INFO: [ app_begin ] --START--
INFO: Run Behavior\ReadHtmlCacheBehavior [ RunTime:0.000000s ]
INFO: [ app_begin ] --END-- [ RunTime:0.000000s ]
SQL: SHOW COLUMNS FROM `ydw_config` [ RunTime:0.0040s ]
SQL: SELECT `type`,`name`,`value` FROM `ydw_config` WHERE `status` = 1  [ RunTime:0.0000s ]
SQL: SHOW COLUMNS FROM `ydw_c_ysdt` [ RunTime:0.0030s ]
SQL: SHOW COLUMNS FROM `ydw_c_pzfx` [ RunTime:0.0030s ]
SQL: SELECT `id`,`title`,description as des,`thumb`,`author`,`content`,create_time as time FROM `ydw_c_pzfx` WHERE `id` = 10 LIMIT 1   [ RunTime:0.0010s ]
NOTIC: [2] Missing argument 3 for Api\Controller\BaseController::ajaxDie(), called in D:\xampp\htdocs\ydwAPI\Application\Api\Controller\AppHerbalController.class.php on line 510 and defined D:\xampp\htdocs\ydwAPI\Application\Api\Controller\BaseController.class.php 第 38 行.
NOTIC: [2] Missing argument 4 for Api\Controller\BaseController::ajaxDie(), called in D:\xampp\htdocs\ydwAPI\Application\Api\Controller\AppHerbalController.class.php on line 510 and defined D:\xampp\htdocs\ydwAPI\Application\Api\Controller\BaseController.class.php 第 38 行.
NOTIC: [8] Undefined variable: dataHot D:\xampp\htdocs\ydwAPI\Application\Api\Controller\BaseController.class.php 第 44 行.
NOTIC: [8] Undefined variable: sign_status D:\xampp\htdocs\ydwAPI\Application\Api\Controller\BaseController.class.php 第 47 行.

[ 2017-06-12T16:58:46+08:00 ] 192.168.2.42 /ydwAPI/index.php?s=Api/AppHerbal/getMarketDetails
INFO: [ app_init ] --START--
INFO: Run Behavior\BuildLiteBehavior [ RunTime:0.000000s ]
INFO: Run Common\Behavior\InitHookBehavior [ RunTime:0.003000s ]
INFO: [ app_init ] --END-- [ RunTime:0.003000s ]
INFO: [ app_begin ] --START--
INFO: Run Behavior\ReadHtmlCacheBehavior [ RunTime:0.001000s ]
INFO: [ app_begin ] --END-- [ RunTime:0.001000s ]
SQL: SHOW COLUMNS FROM `ydw_config` [ RunTime:0.0030s ]
SQL: SELECT `type`,`name`,`value` FROM `ydw_config` WHERE `status` = 1  [ RunTime:0.0000s ]
SQL: SHOW COLUMNS FROM `ydw_c_ysdt` [ RunTime:0.0040s ]
SQL: SHOW COLUMNS FROM `ydw_c_pzfx` [ RunTime:0.0030s ]
SQL: UPDATE `ydw_c_pzfx` SET `view`=view+1 WHERE `id` = 10 [ RunTime:0.0000s ]
SQL: SHOW COLUMNS FROM `ydw_c_pzfx` [ RunTime:0.0040s ]
SQL: SELECT `id`,`title`,description as des,`thumb`,`author`,`content`,create_time as time FROM `ydw_c_pzfx` WHERE `id` = 10 LIMIT 1   [ RunTime:0.0010s ]
NOTIC: [2] Missing argument 3 for Api\Controller\BaseController::ajaxDie(), called in D:\xampp\htdocs\ydwAPI\Application\Api\Controller\AppHerbalController.class.php on line 510 and defined D:\xampp\htdocs\ydwAPI\Application\Api\Controller\BaseController.class.php 第 38 行.
NOTIC: [2] Missing argument 4 for Api\Controller\BaseController::ajaxDie(), called in D:\xampp\htdocs\ydwAPI\Application\Api\Controller\AppHerbalController.class.php on line 510 and defined D:\xampp\htdocs\ydwAPI\Application\Api\Controller\BaseController.class.php 第 38 行.
NOTIC: [8] Undefined variable: dataHot D:\xampp\htdocs\ydwAPI\Application\Api\Controller\BaseController.class.php 第 44 行.
NOTIC: [8] Undefined variable: sign_status D:\xampp\htdocs\ydwAPI\Application\Api\Controller\BaseController.class.php 第 47 行.

