[ 2017-04-29T16:23:49+08:00 ] 192.168.2.42 /ydwAPI/index.php?s=Api/AppHall/demand_hall
INFO: [ app_init ] --START--
INFO: Run Behavior\BuildLiteBehavior [ RunTime:0.001000s ]
INFO: Run Common\Behavior\InitHookBehavior [ RunTime:0.005000s ]
INFO: [ app_init ] --END-- [ RunTime:0.006000s ]
INFO: [ app_begin ] --START--
INFO: Run Behavior\ReadHtmlCacheBehavior [ RunTime:0.001000s ]
INFO: [ app_begin ] --END-- [ RunTime:0.001000s ]
SQL: SHOW COLUMNS FROM `ydw_config` [ RunTime:0.0020s ]
SQL: SELECT `type`,`name`,`value` FROM `ydw_config` WHERE `status` = 1  [ RunTime:0.0000s ]
SQL: SHOW COLUMNS FROM `ydw_demand` [ RunTime:0.0040s ]
SQL: SELECT `id`,`uid`,`cate_id`,`cate_name`,`goods_id`,`goods_name`,`goods_attr_id`,`goods_attr_name`,`num`,`contacts`,`mobile` FROM `ydw_demand` WHERE `status` NOT IN ('-1') ORDER BY id desc LIMIT 20   [ RunTime:0.0010s ]
SQL: SHOW COLUMNS FROM `ydw_user` [ RunTime:0.0030s ]
SQL: SELECT `company_auth_status` FROM `ydw_user` WHERE `id` = 1145 LIMIT 1   [ RunTime:0.0010s ]
SQL: SHOW COLUMNS FROM `ydw_company_confirm` [ RunTime:0.0020s ]
SQL: SELECT `confirm_status` FROM `ydw_company_confirm` WHERE `user_id` = 1145 LIMIT 1   [ RunTime:0.0000s ]
NOTIC: [8] Undefined index: price_type D:\xampp\htdocs\ydwAPI\Application\Api\Controller\AppHallController.class.php 第 96 行.
NOTIC: [8] Undefined index: origin_type D:\xampp\htdocs\ydwAPI\Application\Api\Controller\AppHallController.class.php 第 98 行.
NOTIC: [8] Undefined index: origin_type D:\xampp\htdocs\ydwAPI\Application\Api\Controller\AppHallController.class.php 第 100 行.
SQL: SELECT `company_auth_status` FROM `ydw_user` WHERE `id` = 1142 LIMIT 1   [ RunTime:0.0000s ]
SQL: SELECT `confirm_status` FROM `ydw_company_confirm` WHERE `user_id` = 1142 LIMIT 1   [ RunTime:0.0000s ]
NOTIC: [8] Undefined index: price_type D:\xampp\htdocs\ydwAPI\Application\Api\Controller\AppHallController.class.php 第 96 行.
NOTIC: [8] Undefined index: origin_type D:\xampp\htdocs\ydwAPI\Application\Api\Controller\AppHallController.class.php 第 98 行.
NOTIC: [8] Undefined index: origin_type D:\xampp\htdocs\ydwAPI\Application\Api\Controller\AppHallController.class.php 第 100 行.
SQL: SELECT `company_auth_status` FROM `ydw_user` WHERE `id` = 948 LIMIT 1   [ RunTime:0.0000s ]
SQL: SELECT `confirm_status` FROM `ydw_company_confirm` WHERE `user_id` = 948 LIMIT 1   [ RunTime:0.0000s ]
NOTIC: [8] Undefined index: price_type D:\xampp\htdocs\ydwAPI\Application\Api\Controller\AppHallController.class.php 第 96 行.
NOTIC: [8] Undefined index: origin_type D:\xampp\htdocs\ydwAPI\Application\Api\Controller\AppHallController.class.php 第 98 行.
NOTIC: [8] Undefined index: origin_type D:\xampp\htdocs\ydwAPI\Application\Api\Controller\AppHallController.class.php 第 100 行.
SQL: SELECT `company_auth_status` FROM `ydw_user` WHERE `id` = 936 LIMIT 1   [ RunTime:0.0000s ]
SQL: SELECT `confirm_status` FROM `ydw_company_confirm` WHERE `user_id` = 936 LIMIT 1   [ RunTime:0.0010s ]
NOTIC: [8] Undefined index: price_type D:\xampp\htdocs\ydwAPI\Application\Api\Controller\AppHallController.class.php 第 96 行.
NOTIC: [8] Undefined index: origin_type D:\xampp\htdocs\ydwAPI\Application\Api\Controller\AppHallController.class.php 第 98 行.
NOTIC: [8] Undefined index: origin_type D:\xampp\htdocs\ydwAPI\Application\Api\Controller\AppHallController.class.php 第 100 行.
SQL: SELECT `company_auth_status` FROM `ydw_user` WHERE `id` = 909 LIMIT 1   [ RunTime:0.0000s ]
SQL: SELECT `confirm_status` FROM `ydw_company_confirm` WHERE `user_id` = 909 LIMIT 1   [ RunTime:0.0000s ]
NOTIC: [8] Undefined index: price_type D:\xampp\htdocs\ydwAPI\Application\Api\Controller\AppHallController.class.php 第 96 行.
NOTIC: [8] Undefined index: origin_type D:\xampp\htdocs\ydwAPI\Application\Api\Controller\AppHallController.class.php 第 98 行.
NOTIC: [8] Undefined index: origin_type D:\xampp\htdocs\ydwAPI\Application\Api\Controller\AppHallController.class.php 第 100 行.
SQL: SELECT `company_auth_status` FROM `ydw_user` WHERE `id` = 163 LIMIT 1   [ RunTime:0.0000s ]
SQL: SELECT `confirm_status` FROM `ydw_company_confirm` WHERE `user_id` = 163 LIMIT 1   [ RunTime:0.0010s ]
NOTIC: [8] Undefined index: price_type D:\xampp\htdocs\ydwAPI\Application\Api\Controller\AppHallController.class.php 第 96 行.
NOTIC: [8] Undefined index: origin_type D:\xampp\htdocs\ydwAPI\Application\Api\Controller\AppHallController.class.php 第 98 行.
NOTIC: [8] Undefined index: origin_type D:\xampp\htdocs\ydwAPI\Application\Api\Controller\AppHallController.class.php 第 100 行.
SQL: SELECT `company_auth_status` FROM `ydw_user` WHERE `id` = 41 LIMIT 1   [ RunTime:0.0000s ]
SQL: SELECT `confirm_status` FROM `ydw_company_confirm` WHERE `user_id` = 41 LIMIT 1   [ RunTime:0.0000s ]
NOTIC: [8] Undefined index: price_type D:\xampp\htdocs\ydwAPI\Application\Api\Controller\AppHallController.class.php 第 96 行.
NOTIC: [8] Undefined index: origin_type D:\xampp\htdocs\ydwAPI\Application\Api\Controller\AppHallController.class.php 第 98 行.
NOTIC: [8] Undefined index: origin_type D:\xampp\htdocs\ydwAPI\Application\Api\Controller\AppHallController.class.php 第 100 行.
SQL: SELECT `company_auth_status` FROM `ydw_user` WHERE `id` = 41 LIMIT 1   [ RunTime:0.0000s ]
SQL: SELECT `confirm_status` FROM `ydw_company_confirm` WHERE `user_id` = 41 LIMIT 1   [ RunTime:0.0010s ]
NOTIC: [8] Undefined index: price_type D:\xampp\htdocs\ydwAPI\Application\Api\Controller\AppHallController.class.php 第 96 行.
NOTIC: [8] Undefined index: origin_type D:\xampp\htdocs\ydwAPI\Application\Api\Controller\AppHallController.class.php 第 98 行.
NOTIC: [8] Undefined index: origin_type D:\xampp\htdocs\ydwAPI\Application\Api\Controller\AppHallController.class.php 第 100 行.
SQL: SELECT `company_auth_status` FROM `ydw_user` WHERE `id` = 41 LIMIT 1   [ RunTime:0.0000s ]
SQL: SELECT `confirm_status` FROM `ydw_company_confirm` WHERE `user_id` = 41 LIMIT 1   [ RunTime:0.0000s ]
NOTIC: [8] Undefined index: price_type D:\xampp\htdocs\ydwAPI\Application\Api\Controller\AppHallController.class.php 第 96 行.
NOTIC: [8] Undefined index: origin_type D:\xampp\htdocs\ydwAPI\Application\Api\Controller\AppHallController.class.php 第 98 行.
NOTIC: [8] Undefined index: origin_type D:\xampp\htdocs\ydwAPI\Application\Api\Controller\AppHallController.class.php 第 100 行.
SQL: SELECT `company_auth_status` FROM `ydw_user` WHERE `id` = 41 LIMIT 1   [ RunTime:0.0000s ]
SQL: SELECT `confirm_status` FROM `ydw_company_confirm` WHERE `user_id` = 41 LIMIT 1   [ RunTime:0.0000s ]
NOTIC: [8] Undefined index: price_type D:\xampp\htdocs\ydwAPI\Application\Api\Controller\AppHallController.class.php 第 96 行.
NOTIC: [8] Undefined index: origin_type D:\xampp\htdocs\ydwAPI\Application\Api\Controller\AppHallController.class.php 第 98 行.
NOTIC: [8] Undefined index: origin_type D:\xampp\htdocs\ydwAPI\Application\Api\Controller\AppHallController.class.php 第 100 行.
SQL: SELECT `company_auth_status` FROM `ydw_user` WHERE `id` = 41 LIMIT 1   [ RunTime:0.0000s ]
SQL: SELECT `confirm_status` FROM `ydw_company_confirm` WHERE `user_id` = 41 LIMIT 1   [ RunTime:0.0000s ]
NOTIC: [8] Undefined index: price_type D:\xampp\htdocs\ydwAPI\Application\Api\Controller\AppHallController.class.php 第 96 行.
NOTIC: [8] Undefined index: origin_type D:\xampp\htdocs\ydwAPI\Application\Api\Controller\AppHallController.class.php 第 98 行.
NOTIC: [8] Undefined index: origin_type D:\xampp\htdocs\ydwAPI\Application\Api\Controller\AppHallController.class.php 第 100 行.
SQL: SELECT `company_auth_status` FROM `ydw_user` WHERE `id` = 41 LIMIT 1   [ RunTime:0.0000s ]
SQL: SELECT `confirm_status` FROM `ydw_company_confirm` WHERE `user_id` = 41 LIMIT 1   [ RunTime:0.0000s ]
NOTIC: [8] Undefined index: price_type D:\xampp\htdocs\ydwAPI\Application\Api\Controller\AppHallController.class.php 第 96 行.
NOTIC: [8] Undefined index: origin_type D:\xampp\htdocs\ydwAPI\Application\Api\Controller\AppHallController.class.php 第 98 行.
NOTIC: [8] Undefined index: origin_type D:\xampp\htdocs\ydwAPI\Application\Api\Controller\AppHallController.class.php 第 100 行.
SQL: SELECT `company_auth_status` FROM `ydw_user` WHERE `id` = 41 LIMIT 1   [ RunTime:0.0010s ]
SQL: SELECT `confirm_status` FROM `ydw_company_confirm` WHERE `user_id` = 41 LIMIT 1   [ RunTime:0.0000s ]
NOTIC: [8] Undefined index: price_type D:\xampp\htdocs\ydwAPI\Application\Api\Controller\AppHallController.class.php 第 96 行.
NOTIC: [8] Undefined index: origin_type D:\xampp\htdocs\ydwAPI\Application\Api\Controller\AppHallController.class.php 第 98 行.
NOTIC: [8] Undefined index: origin_type D:\xampp\htdocs\ydwAPI\Application\Api\Controller\AppHallController.class.php 第 100 行.
SQL: SELECT `company_auth_status` FROM `ydw_user` WHERE `id` = 41 LIMIT 1   [ RunTime:0.0000s ]
SQL: SELECT `confirm_status` FROM `ydw_company_confirm` WHERE `user_id` = 41 LIMIT 1   [ RunTime:0.0010s ]
NOTIC: [8] Undefined index: price_type D:\xampp\htdocs\ydwAPI\Application\Api\Controller\AppHallController.class.php 第 96 行.
NOTIC: [8] Undefined index: origin_type D:\xampp\htdocs\ydwAPI\Application\Api\Controller\AppHallController.class.php 第 98 行.
NOTIC: [8] Undefined index: origin_type D:\xampp\htdocs\ydwAPI\Application\Api\Controller\AppHallController.class.php 第 100 行.
SQL: SELECT `company_auth_status` FROM `ydw_user` WHERE `id` = 41 LIMIT 1   [ RunTime:0.0000s ]
SQL: SELECT `confirm_status` FROM `ydw_company_confirm` WHERE `user_id` = 41 LIMIT 1   [ RunTime:0.0000s ]
NOTIC: [8] Undefined index: price_type D:\xampp\htdocs\ydwAPI\Application\Api\Controller\AppHallController.class.php 第 96 行.
NOTIC: [8] Undefined index: origin_type D:\xampp\htdocs\ydwAPI\Application\Api\Controller\AppHallController.class.php 第 98 行.
NOTIC: [8] Undefined index: origin_type D:\xampp\htdocs\ydwAPI\Application\Api\Controller\AppHallController.class.php 第 100 行.
SQL: SELECT `company_auth_status` FROM `ydw_user` WHERE `id` = 41 LIMIT 1   [ RunTime:0.0000s ]
SQL: SELECT `confirm_status` FROM `ydw_company_confirm` WHERE `user_id` = 41 LIMIT 1   [ RunTime:0.0000s ]
NOTIC: [8] Undefined index: price_type D:\xampp\htdocs\ydwAPI\Application\Api\Controller\AppHallController.class.php 第 96 行.
NOTIC: [8] Undefined index: origin_type D:\xampp\htdocs\ydwAPI\Application\Api\Controller\AppHallController.class.php 第 98 行.
NOTIC: [8] Undefined index: origin_type D:\xampp\htdocs\ydwAPI\Application\Api\Controller\AppHallController.class.php 第 100 行.
SQL: SELECT `company_auth_status` FROM `ydw_user` WHERE `id` = 41 LIMIT 1   [ RunTime:0.0010s ]
SQL: SELECT `confirm_status` FROM `ydw_company_confirm` WHERE `user_id` = 41 LIMIT 1   [ RunTime:0.0000s ]
NOTIC: [8] Undefined index: price_type D:\xampp\htdocs\ydwAPI\Application\Api\Controller\AppHallController.class.php 第 96 行.
NOTIC: [8] Undefined index: origin_type D:\xampp\htdocs\ydwAPI\Application\Api\Controller\AppHallController.class.php 第 98 行.
NOTIC: [8] Undefined index: origin_type D:\xampp\htdocs\ydwAPI\Application\Api\Controller\AppHallController.class.php 第 100 行.
SQL: SELECT `company_auth_status` FROM `ydw_user` WHERE `id` = 41 LIMIT 1   [ RunTime:0.0000s ]
SQL: SELECT `confirm_status` FROM `ydw_company_confirm` WHERE `user_id` = 41 LIMIT 1   [ RunTime:0.0000s ]
NOTIC: [8] Undefined index: price_type D:\xampp\htdocs\ydwAPI\Application\Api\Controller\AppHallController.class.php 第 96 行.
NOTIC: [8] Undefined index: origin_type D:\xampp\htdocs\ydwAPI\Application\Api\Controller\AppHallController.class.php 第 98 行.
NOTIC: [8] Undefined index: origin_type D:\xampp\htdocs\ydwAPI\Application\Api\Controller\AppHallController.class.php 第 100 行.
SQL: SELECT `company_auth_status` FROM `ydw_user` WHERE `id` = 41 LIMIT 1   [ RunTime:0.0000s ]
SQL: SELECT `confirm_status` FROM `ydw_company_confirm` WHERE `user_id` = 41 LIMIT 1   [ RunTime:0.0000s ]
NOTIC: [8] Undefined index: price_type D:\xampp\htdocs\ydwAPI\Application\Api\Controller\AppHallController.class.php 第 96 行.
NOTIC: [8] Undefined index: origin_type D:\xampp\htdocs\ydwAPI\Application\Api\Controller\AppHallController.class.php 第 98 行.
NOTIC: [8] Undefined index: origin_type D:\xampp\htdocs\ydwAPI\Application\Api\Controller\AppHallController.class.php 第 100 行.
SQL: SELECT `company_auth_status` FROM `ydw_user` WHERE `id` = 41 LIMIT 1   [ RunTime:0.0000s ]
SQL: SELECT `confirm_status` FROM `ydw_company_confirm` WHERE `user_id` = 41 LIMIT 1   [ RunTime:0.0000s ]
NOTIC: [8] Undefined index: price_type D:\xampp\htdocs\ydwAPI\Application\Api\Controller\AppHallController.class.php 第 96 行.
NOTIC: [8] Undefined index: origin_type D:\xampp\htdocs\ydwAPI\Application\Api\Controller\AppHallController.class.php 第 98 行.
NOTIC: [8] Undefined index: origin_type D:\xampp\htdocs\ydwAPI\Application\Api\Controller\AppHallController.class.php 第 100 行.
NOTIC: [2] Missing argument 3 for Api\Controller\BaseController::ajaxDie(), called in D:\xampp\htdocs\ydwAPI\Application\Api\Controller\AppHallController.class.php on line 107 and defined D:\xampp\htdocs\ydwAPI\Application\Api\Controller\BaseController.class.php 第 38 行.
NOTIC: [2] Missing argument 4 for Api\Controller\BaseController::ajaxDie(), called in D:\xampp\htdocs\ydwAPI\Application\Api\Controller\AppHallController.class.php on line 107 and defined D:\xampp\htdocs\ydwAPI\Application\Api\Controller\BaseController.class.php 第 38 行.
NOTIC: [8] Undefined variable: dataHot D:\xampp\htdocs\ydwAPI\Application\Api\Controller\BaseController.class.php 第 44 行.
NOTIC: [8] Undefined variable: sign_status D:\xampp\htdocs\ydwAPI\Application\Api\Controller\BaseController.class.php 第 47 行.

[ 2017-04-29T16:23:58+08:00 ] 192.168.2.42 /ydwAPI/index.php?s=Api/Class/goods_category
INFO: [ app_init ] --START--
INFO: Run Behavior\BuildLiteBehavior [ RunTime:0.000000s ]
INFO: Run Common\Behavior\InitHookBehavior [ RunTime:0.003000s ]
INFO: [ app_init ] --END-- [ RunTime:0.003000s ]
INFO: [ app_begin ] --START--
INFO: Run Behavior\ReadHtmlCacheBehavior [ RunTime:0.001000s ]
INFO: [ app_begin ] --END-- [ RunTime:0.001000s ]
SQL: SHOW COLUMNS FROM `ydw_config` [ RunTime:0.0020s ]
SQL: SELECT `type`,`name`,`value` FROM `ydw_config` WHERE `status` = 1  [ RunTime:0.0010s ]
NOTIC: [2] Missing argument 3 for Api\Controller\BaseController::ajaxDie(), called in D:\xampp\htdocs\ydwAPI\Application\Api\Controller\ClassController.class.php on line 45 and defined D:\xampp\htdocs\ydwAPI\Application\Api\Controller\BaseController.class.php 第 38 行.
NOTIC: [2] Missing argument 4 for Api\Controller\BaseController::ajaxDie(), called in D:\xampp\htdocs\ydwAPI\Application\Api\Controller\ClassController.class.php on line 45 and defined D:\xampp\htdocs\ydwAPI\Application\Api\Controller\BaseController.class.php 第 38 行.
NOTIC: [8] Undefined variable: dataHot D:\xampp\htdocs\ydwAPI\Application\Api\Controller\BaseController.class.php 第 44 行.
NOTIC: [8] Undefined variable: sign_status D:\xampp\htdocs\ydwAPI\Application\Api\Controller\BaseController.class.php 第 47 行.

[ 2017-04-29T16:23:58+08:00 ] 192.168.2.42 /ydwAPI/index.php?s=Api/AppHot/goods_hot
INFO: [ app_init ] --START--
INFO: Run Behavior\BuildLiteBehavior [ RunTime:0.000000s ]
INFO: Run Common\Behavior\InitHookBehavior [ RunTime:0.002000s ]
INFO: [ app_init ] --END-- [ RunTime:0.003000s ]
INFO: [ app_begin ] --START--
INFO: Run Behavior\ReadHtmlCacheBehavior [ RunTime:0.001000s ]
INFO: [ app_begin ] --END-- [ RunTime:0.001000s ]
SQL: SHOW COLUMNS FROM `ydw_config` [ RunTime:0.0030s ]
SQL: SELECT `type`,`name`,`value` FROM `ydw_config` WHERE `status` = 1  [ RunTime:0.0010s ]
SQL: SHOW COLUMNS FROM `ydw_goods` [ RunTime:0.0020s ]
SQL: SELECT `id`,`goods_name`,`goods_img` FROM `ydw_goods` WHERE `is_recom` = 1  [ RunTime:0.0030s ]
NOTIC: [2] Missing argument 3 for Api\Controller\BaseController::ajaxDie(), called in D:\xampp\htdocs\ydwAPI\Application\Api\Controller\AppHotController.class.php on line 11 and defined D:\xampp\htdocs\ydwAPI\Application\Api\Controller\BaseController.class.php 第 38 行.
NOTIC: [2] Missing argument 4 for Api\Controller\BaseController::ajaxDie(), called in D:\xampp\htdocs\ydwAPI\Application\Api\Controller\AppHotController.class.php on line 11 and defined D:\xampp\htdocs\ydwAPI\Application\Api\Controller\BaseController.class.php 第 38 行.
NOTIC: [8] Undefined variable: dataHot D:\xampp\htdocs\ydwAPI\Application\Api\Controller\BaseController.class.php 第 44 行.
NOTIC: [8] Undefined variable: sign_status D:\xampp\htdocs\ydwAPI\Application\Api\Controller\BaseController.class.php 第 47 行.

[ 2017-04-29T16:23:58+08:00 ] 192.168.2.42 /ydwAPI/index.php?s=Api/AppBanner/index
INFO: [ app_init ] --START--
INFO: Run Behavior\BuildLiteBehavior [ RunTime:0.000000s ]
INFO: Run Common\Behavior\InitHookBehavior [ RunTime:0.002000s ]
INFO: [ app_init ] --END-- [ RunTime:0.003000s ]
INFO: [ app_begin ] --START--
INFO: Run Behavior\ReadHtmlCacheBehavior [ RunTime:0.001000s ]
INFO: [ app_begin ] --END-- [ RunTime:0.001000s ]
SQL: SHOW COLUMNS FROM `ydw_config` [ RunTime:0.0020s ]
SQL: SELECT `type`,`name`,`value` FROM `ydw_config` WHERE `status` = 1  [ RunTime:0.0010s ]
SQL: SHOW COLUMNS FROM `ydw_banner` [ RunTime:0.0020s ]
SQL: SELECT `id`,`img_url`,`title`,`link_url` FROM `ydw_banner` WHERE `platform` = 2  [ RunTime:0.0010s ]
NOTIC: [2] Missing argument 3 for Api\Controller\BaseController::ajaxDie(), called in D:\xampp\htdocs\ydwAPI\Application\Api\Controller\AppBannerController.class.php on line 11 and defined D:\xampp\htdocs\ydwAPI\Application\Api\Controller\BaseController.class.php 第 38 行.
NOTIC: [2] Missing argument 4 for Api\Controller\BaseController::ajaxDie(), called in D:\xampp\htdocs\ydwAPI\Application\Api\Controller\AppBannerController.class.php on line 11 and defined D:\xampp\htdocs\ydwAPI\Application\Api\Controller\BaseController.class.php 第 38 行.
NOTIC: [8] Undefined variable: dataHot D:\xampp\htdocs\ydwAPI\Application\Api\Controller\BaseController.class.php 第 44 行.
NOTIC: [8] Undefined variable: sign_status D:\xampp\htdocs\ydwAPI\Application\Api\Controller\BaseController.class.php 第 47 行.

[ 2017-04-29T16:24:00+08:00 ] 192.168.2.42 /ydwAPI/index.php?s=Api/AppHot/goods_hot
INFO: [ app_init ] --START--
INFO: Run Behavior\BuildLiteBehavior [ RunTime:0.000000s ]
INFO: Run Common\Behavior\InitHookBehavior [ RunTime:0.002000s ]
INFO: [ app_init ] --END-- [ RunTime:0.003000s ]
INFO: [ app_begin ] --START--
INFO: Run Behavior\ReadHtmlCacheBehavior [ RunTime:0.001000s ]
INFO: [ app_begin ] --END-- [ RunTime:0.001000s ]
SQL: SHOW COLUMNS FROM `ydw_config` [ RunTime:0.0080s ]
SQL: SELECT `type`,`name`,`value` FROM `ydw_config` WHERE `status` = 1  [ RunTime:0.0000s ]
SQL: SHOW COLUMNS FROM `ydw_goods` [ RunTime:0.0020s ]
SQL: SELECT `id`,`goods_name`,`goods_img` FROM `ydw_goods` WHERE `is_recom` = 1  [ RunTime:0.0020s ]
NOTIC: [2] Missing argument 3 for Api\Controller\BaseController::ajaxDie(), called in D:\xampp\htdocs\ydwAPI\Application\Api\Controller\AppHotController.class.php on line 11 and defined D:\xampp\htdocs\ydwAPI\Application\Api\Controller\BaseController.class.php 第 38 行.
NOTIC: [2] Missing argument 4 for Api\Controller\BaseController::ajaxDie(), called in D:\xampp\htdocs\ydwAPI\Application\Api\Controller\AppHotController.class.php on line 11 and defined D:\xampp\htdocs\ydwAPI\Application\Api\Controller\BaseController.class.php 第 38 行.
NOTIC: [8] Undefined variable: dataHot D:\xampp\htdocs\ydwAPI\Application\Api\Controller\BaseController.class.php 第 44 行.
NOTIC: [8] Undefined variable: sign_status D:\xampp\htdocs\ydwAPI\Application\Api\Controller\BaseController.class.php 第 47 行.

[ 2017-04-29T16:24:00+08:00 ] 192.168.2.42 /ydwAPI/index.php?s=Api/AppBanner/index
INFO: [ app_init ] --START--
INFO: Run Behavior\BuildLiteBehavior [ RunTime:0.000000s ]
INFO: Run Common\Behavior\InitHookBehavior [ RunTime:0.003000s ]
INFO: [ app_init ] --END-- [ RunTime:0.004000s ]
INFO: [ app_begin ] --START--
INFO: Run Behavior\ReadHtmlCacheBehavior [ RunTime:0.000000s ]
INFO: [ app_begin ] --END-- [ RunTime:0.000000s ]
SQL: SHOW COLUMNS FROM `ydw_config` [ RunTime:0.0020s ]
SQL: SELECT `type`,`name`,`value` FROM `ydw_config` WHERE `status` = 1  [ RunTime:0.0010s ]
SQL: SHOW COLUMNS FROM `ydw_banner` [ RunTime:0.0060s ]
SQL: SELECT `id`,`img_url`,`title`,`link_url` FROM `ydw_banner` WHERE `platform` = 2  [ RunTime:0.0000s ]
NOTIC: [2] Missing argument 3 for Api\Controller\BaseController::ajaxDie(), called in D:\xampp\htdocs\ydwAPI\Application\Api\Controller\AppBannerController.class.php on line 11 and defined D:\xampp\htdocs\ydwAPI\Application\Api\Controller\BaseController.class.php 第 38 行.
NOTIC: [2] Missing argument 4 for Api\Controller\BaseController::ajaxDie(), called in D:\xampp\htdocs\ydwAPI\Application\Api\Controller\AppBannerController.class.php on line 11 and defined D:\xampp\htdocs\ydwAPI\Application\Api\Controller\BaseController.class.php 第 38 行.
NOTIC: [8] Undefined variable: dataHot D:\xampp\htdocs\ydwAPI\Application\Api\Controller\BaseController.class.php 第 44 行.
NOTIC: [8] Undefined variable: sign_status D:\xampp\htdocs\ydwAPI\Application\Api\Controller\BaseController.class.php 第 47 行.

[ 2017-04-29T16:24:00+08:00 ] 192.168.2.42 /ydwAPI/index.php?s=Api/Class/goods_category
INFO: [ app_init ] --START--
INFO: Run Behavior\BuildLiteBehavior [ RunTime:0.000000s ]
INFO: Run Common\Behavior\InitHookBehavior [ RunTime:0.002000s ]
INFO: [ app_init ] --END-- [ RunTime:0.003000s ]
INFO: [ app_begin ] --START--
INFO: Run Behavior\ReadHtmlCacheBehavior [ RunTime:0.001000s ]
INFO: [ app_begin ] --END-- [ RunTime:0.001000s ]
SQL: SHOW COLUMNS FROM `ydw_config` [ RunTime:0.0020s ]
SQL: SELECT `type`,`name`,`value` FROM `ydw_config` WHERE `status` = 1  [ RunTime:0.0000s ]
NOTIC: [2] Missing argument 3 for Api\Controller\BaseController::ajaxDie(), called in D:\xampp\htdocs\ydwAPI\Application\Api\Controller\ClassController.class.php on line 45 and defined D:\xampp\htdocs\ydwAPI\Application\Api\Controller\BaseController.class.php 第 38 行.
NOTIC: [2] Missing argument 4 for Api\Controller\BaseController::ajaxDie(), called in D:\xampp\htdocs\ydwAPI\Application\Api\Controller\ClassController.class.php on line 45 and defined D:\xampp\htdocs\ydwAPI\Application\Api\Controller\BaseController.class.php 第 38 行.
NOTIC: [8] Undefined variable: dataHot D:\xampp\htdocs\ydwAPI\Application\Api\Controller\BaseController.class.php 第 44 行.
NOTIC: [8] Undefined variable: sign_status D:\xampp\htdocs\ydwAPI\Application\Api\Controller\BaseController.class.php 第 47 行.

[ 2017-04-29T16:24:02+08:00 ] 192.168.2.42 /ydwAPI/index.php?s=Api/Class/goods_name
INFO: [ app_init ] --START--
INFO: Run Behavior\BuildLiteBehavior [ RunTime:0.000000s ]
INFO: Run Common\Behavior\InitHookBehavior [ RunTime:0.002000s ]
INFO: [ app_init ] --END-- [ RunTime:0.002000s ]
INFO: [ app_begin ] --START--
INFO: Run Behavior\ReadHtmlCacheBehavior [ RunTime:0.001000s ]
INFO: [ app_begin ] --END-- [ RunTime:0.001000s ]
SQL: SHOW COLUMNS FROM `ydw_config` [ RunTime:0.0030s ]
SQL: SELECT `type`,`name`,`value` FROM `ydw_config` WHERE `status` = 1  [ RunTime:0.0010s ]
NOTIC: [2] Missing argument 4 for Api\Controller\BaseController::ajaxDie(), called in D:\xampp\htdocs\ydwAPI\Application\Api\Controller\ClassController.class.php on line 77 and defined D:\xampp\htdocs\ydwAPI\Application\Api\Controller\BaseController.class.php 第 38 行.
NOTIC: [8] Undefined variable: sign_status D:\xampp\htdocs\ydwAPI\Application\Api\Controller\BaseController.class.php 第 47 行.

[ 2017-04-29T16:24:03+08:00 ] 192.168.2.42 /ydwAPI/index.php?s=Api/AppSupply/goods_attributes
INFO: [ app_init ] --START--
INFO: Run Behavior\BuildLiteBehavior [ RunTime:0.000000s ]
INFO: Run Common\Behavior\InitHookBehavior [ RunTime:0.003000s ]
INFO: [ app_init ] --END-- [ RunTime:0.003000s ]
INFO: [ app_begin ] --START--
INFO: Run Behavior\ReadHtmlCacheBehavior [ RunTime:0.001000s ]
INFO: [ app_begin ] --END-- [ RunTime:0.001000s ]
SQL: SHOW COLUMNS FROM `ydw_config` [ RunTime:0.0040s ]
SQL: SELECT `type`,`name`,`value` FROM `ydw_config` WHERE `status` = 1  [ RunTime:0.0000s ]
SQL: SHOW COLUMNS FROM `ydw_user` [ RunTime:0.0020s ]
SQL: SELECT `token` FROM `ydw_user` WHERE `id` = 85 LIMIT 1   [ RunTime:0.0000s ]

[ 2017-04-29T16:24:03+08:00 ] 192.168.2.42 /ydwAPI/index.php?s=Api/AppSupply/supply_lists
INFO: [ app_init ] --START--
INFO: Run Behavior\BuildLiteBehavior [ RunTime:0.000000s ]
INFO: Run Common\Behavior\InitHookBehavior [ RunTime:0.002000s ]
INFO: [ app_init ] --END-- [ RunTime:0.002000s ]
INFO: [ app_begin ] --START--
INFO: Run Behavior\ReadHtmlCacheBehavior [ RunTime:0.001000s ]
INFO: [ app_begin ] --END-- [ RunTime:0.001000s ]
SQL: SHOW COLUMNS FROM `ydw_config` [ RunTime:0.0020s ]
SQL: SELECT `type`,`name`,`value` FROM `ydw_config` WHERE `status` = 1  [ RunTime:0.0000s ]
SQL: SHOW COLUMNS FROM `ydw_supply` [ RunTime:0.0020s ]
SQL: SELECT * FROM `ydw_supply` WHERE `status` NOT IN ('-1') AND `goods_name` = '菝葜' ORDER BY weight desc,id desc LIMIT 5   [ RunTime:0.0150s ]
SQL: SHOW COLUMNS FROM `ydw_user` [ RunTime:0.0020s ]
SQL: SELECT `company_auth_status` FROM `ydw_user` WHERE `id` = 999999 LIMIT 1   [ RunTime:0.0010s ]
SQL: SHOW COLUMNS FROM `ydw_company_confirm` [ RunTime:0.0030s ]
SQL: SELECT `confirm_status` FROM `ydw_company_confirm` WHERE `user_id` = 999999 LIMIT 1   [ RunTime:0.0000s ]
SQL: SELECT `company_auth_status` FROM `ydw_user` WHERE `id` = 999999 LIMIT 1   [ RunTime:0.0000s ]
SQL: SELECT `confirm_status` FROM `ydw_company_confirm` WHERE `user_id` = 999999 LIMIT 1   [ RunTime:0.0000s ]
SQL: SELECT `company_auth_status` FROM `ydw_user` WHERE `id` = 999999 LIMIT 1   [ RunTime:0.0010s ]
SQL: SELECT `confirm_status` FROM `ydw_company_confirm` WHERE `user_id` = 999999 LIMIT 1   [ RunTime:0.0000s ]
SQL: SELECT `company_auth_status` FROM `ydw_user` WHERE `id` = 999999 LIMIT 1   [ RunTime:0.0000s ]
SQL: SELECT `confirm_status` FROM `ydw_company_confirm` WHERE `user_id` = 999999 LIMIT 1   [ RunTime:0.0000s ]
SQL: SELECT `company_auth_status` FROM `ydw_user` WHERE `id` = 999999 LIMIT 1   [ RunTime:0.0010s ]
SQL: SELECT `confirm_status` FROM `ydw_company_confirm` WHERE `user_id` = 999999 LIMIT 1   [ RunTime:0.0000s ]
NOTIC: [2] Missing argument 3 for Api\Controller\BaseController::ajaxDie(), called in D:\xampp\htdocs\ydwAPI\Application\Api\Controller\AppSupplyController.class.php on line 130 and defined D:\xampp\htdocs\ydwAPI\Application\Api\Controller\BaseController.class.php 第 38 行.
NOTIC: [2] Missing argument 4 for Api\Controller\BaseController::ajaxDie(), called in D:\xampp\htdocs\ydwAPI\Application\Api\Controller\AppSupplyController.class.php on line 130 and defined D:\xampp\htdocs\ydwAPI\Application\Api\Controller\BaseController.class.php 第 38 行.
NOTIC: [8] Undefined variable: dataHot D:\xampp\htdocs\ydwAPI\Application\Api\Controller\BaseController.class.php 第 44 行.
NOTIC: [8] Undefined variable: sign_status D:\xampp\htdocs\ydwAPI\Application\Api\Controller\BaseController.class.php 第 47 行.

[ 2017-04-29T16:24:03+08:00 ] 192.168.2.42 /ydwAPI/index.php?s=Api/AppDemand/demand_lists
INFO: [ app_init ] --START--
INFO: Run Behavior\BuildLiteBehavior [ RunTime:0.000000s ]
INFO: Run Common\Behavior\InitHookBehavior [ RunTime:0.002000s ]
INFO: [ app_init ] --END-- [ RunTime:0.003000s ]
INFO: [ app_begin ] --START--
INFO: Run Behavior\ReadHtmlCacheBehavior [ RunTime:0.000000s ]
INFO: [ app_begin ] --END-- [ RunTime:0.000000s ]
SQL: SHOW COLUMNS FROM `ydw_config` [ RunTime:0.0060s ]
SQL: SELECT `type`,`name`,`value` FROM `ydw_config` WHERE `status` = 1  [ RunTime:0.0000s ]
SQL: SHOW COLUMNS FROM `ydw_demand` [ RunTime:0.0030s ]
SQL: SELECT * FROM `ydw_demand` WHERE `status` NOT IN ('-1') AND `goods_name` = '菝葜' ORDER BY id desc LIMIT 5   [ RunTime:0.0010s ]
NOTIC: [2] Invalid argument supplied for foreach() D:\xampp\htdocs\ydwAPI\Application\Api\Controller\AppDemandController.class.php 第 109 行.
NOTIC: [2] Missing argument 3 for Api\Controller\BaseController::ajaxDie(), called in D:\xampp\htdocs\ydwAPI\Application\Api\Controller\AppDemandController.class.php on line 131 and defined D:\xampp\htdocs\ydwAPI\Application\Api\Controller\BaseController.class.php 第 38 行.
NOTIC: [2] Missing argument 4 for Api\Controller\BaseController::ajaxDie(), called in D:\xampp\htdocs\ydwAPI\Application\Api\Controller\AppDemandController.class.php on line 131 and defined D:\xampp\htdocs\ydwAPI\Application\Api\Controller\BaseController.class.php 第 38 行.
NOTIC: [8] Undefined variable: dataHot D:\xampp\htdocs\ydwAPI\Application\Api\Controller\BaseController.class.php 第 44 行.
NOTIC: [8] Undefined variable: sign_status D:\xampp\htdocs\ydwAPI\Application\Api\Controller\BaseController.class.php 第 47 行.

