[ 2017-05-15T16:28:20+08:00 ] 192.168.2.42 /ydwAPI/index.php?s=Api/AppHall/demand_hall
INFO: [ app_init ] --START--
INFO: Run Behavior\BuildLiteBehavior [ RunTime:0.000000s ]
INFO: Run Common\Behavior\InitHookBehavior [ RunTime:0.007000s ]
INFO: [ app_init ] --END-- [ RunTime:0.008000s ]
INFO: [ app_begin ] --START--
INFO: Run Behavior\ReadHtmlCacheBehavior [ RunTime:0.001000s ]
INFO: [ app_begin ] --END-- [ RunTime:0.001000s ]
SQL: SHOW COLUMNS FROM `ydw_config` [ RunTime:0.0030s ]
SQL: SELECT `type`,`name`,`value` FROM `ydw_config` WHERE `status` = 1  [ RunTime:0.0000s ]
SQL: SHOW COLUMNS FROM `ydw_demand` [ RunTime:0.0020s ]
SQL: SELECT `id`,`uid`,`cate_id`,`cate_name`,`goods_id`,`goods_name`,`goods_attr_id`,`goods_attr_name`,`num`,`contacts`,`mobile` FROM `ydw_demand` WHERE `status` NOT IN ('-1') ORDER BY id desc LIMIT 20   [ RunTime:0.0000s ]
SQL: SHOW COLUMNS FROM `ydw_user` [ RunTime:0.0020s ]
SQL: SELECT `company_auth_status` FROM `ydw_user` WHERE `id` = 3 LIMIT 1   [ RunTime:0.0000s ]
SQL: SHOW COLUMNS FROM `ydw_company_confirm` [ RunTime:0.0030s ]
SQL: SELECT `confirm_status` FROM `ydw_company_confirm` WHERE `user_id` = 3 LIMIT 1   [ RunTime:0.0000s ]
NOTIC: [8] Undefined index: price_type D:\xampp\htdocs\ydwAPI\Application\Api\Controller\AppHallController.class.php 第 96 行.
NOTIC: [8] Undefined index: origin_type D:\xampp\htdocs\ydwAPI\Application\Api\Controller\AppHallController.class.php 第 98 行.
NOTIC: [8] Undefined index: origin_type D:\xampp\htdocs\ydwAPI\Application\Api\Controller\AppHallController.class.php 第 100 行.
SQL: SELECT `company_auth_status` FROM `ydw_user` WHERE `id` = 3 LIMIT 1   [ RunTime:0.0000s ]
SQL: SELECT `confirm_status` FROM `ydw_company_confirm` WHERE `user_id` = 3 LIMIT 1   [ RunTime:0.0000s ]
NOTIC: [8] Undefined index: price_type D:\xampp\htdocs\ydwAPI\Application\Api\Controller\AppHallController.class.php 第 96 行.
NOTIC: [8] Undefined index: origin_type D:\xampp\htdocs\ydwAPI\Application\Api\Controller\AppHallController.class.php 第 98 行.
NOTIC: [8] Undefined index: origin_type D:\xampp\htdocs\ydwAPI\Application\Api\Controller\AppHallController.class.php 第 100 行.
SQL: SELECT `company_auth_status` FROM `ydw_user` WHERE `id` = 2 LIMIT 1   [ RunTime:0.0000s ]
SQL: SELECT `confirm_status` FROM `ydw_company_confirm` WHERE `user_id` = 2 LIMIT 1   [ RunTime:0.0000s ]
NOTIC: [8] Undefined index: price_type D:\xampp\htdocs\ydwAPI\Application\Api\Controller\AppHallController.class.php 第 96 行.
NOTIC: [8] Undefined index: origin_type D:\xampp\htdocs\ydwAPI\Application\Api\Controller\AppHallController.class.php 第 98 行.
NOTIC: [8] Undefined index: origin_type D:\xampp\htdocs\ydwAPI\Application\Api\Controller\AppHallController.class.php 第 100 行.
SQL: SELECT `company_auth_status` FROM `ydw_user` WHERE `id` = 2 LIMIT 1   [ RunTime:0.0000s ]
SQL: SELECT `confirm_status` FROM `ydw_company_confirm` WHERE `user_id` = 2 LIMIT 1   [ RunTime:0.0000s ]
NOTIC: [8] Undefined index: price_type D:\xampp\htdocs\ydwAPI\Application\Api\Controller\AppHallController.class.php 第 96 行.
NOTIC: [8] Undefined index: origin_type D:\xampp\htdocs\ydwAPI\Application\Api\Controller\AppHallController.class.php 第 98 行.
NOTIC: [8] Undefined index: origin_type D:\xampp\htdocs\ydwAPI\Application\Api\Controller\AppHallController.class.php 第 100 行.
SQL: SELECT `company_auth_status` FROM `ydw_user` WHERE `id` = 2 LIMIT 1   [ RunTime:0.0000s ]
SQL: SELECT `confirm_status` FROM `ydw_company_confirm` WHERE `user_id` = 2 LIMIT 1   [ RunTime:0.0000s ]
NOTIC: [8] Undefined index: price_type D:\xampp\htdocs\ydwAPI\Application\Api\Controller\AppHallController.class.php 第 96 行.
NOTIC: [8] Undefined index: origin_type D:\xampp\htdocs\ydwAPI\Application\Api\Controller\AppHallController.class.php 第 98 行.
NOTIC: [8] Undefined index: origin_type D:\xampp\htdocs\ydwAPI\Application\Api\Controller\AppHallController.class.php 第 100 行.
SQL: SELECT `company_auth_status` FROM `ydw_user` WHERE `id` = 2 LIMIT 1   [ RunTime:0.0000s ]
SQL: SELECT `confirm_status` FROM `ydw_company_confirm` WHERE `user_id` = 2 LIMIT 1   [ RunTime:0.0010s ]
NOTIC: [8] Undefined index: price_type D:\xampp\htdocs\ydwAPI\Application\Api\Controller\AppHallController.class.php 第 96 行.
NOTIC: [8] Undefined index: origin_type D:\xampp\htdocs\ydwAPI\Application\Api\Controller\AppHallController.class.php 第 98 行.
NOTIC: [8] Undefined index: origin_type D:\xampp\htdocs\ydwAPI\Application\Api\Controller\AppHallController.class.php 第 100 行.
SQL: SELECT `company_auth_status` FROM `ydw_user` WHERE `id` = 2 LIMIT 1   [ RunTime:0.0000s ]
SQL: SELECT `confirm_status` FROM `ydw_company_confirm` WHERE `user_id` = 2 LIMIT 1   [ RunTime:0.0000s ]
NOTIC: [8] Undefined index: price_type D:\xampp\htdocs\ydwAPI\Application\Api\Controller\AppHallController.class.php 第 96 行.
NOTIC: [8] Undefined index: origin_type D:\xampp\htdocs\ydwAPI\Application\Api\Controller\AppHallController.class.php 第 98 行.
NOTIC: [8] Undefined index: origin_type D:\xampp\htdocs\ydwAPI\Application\Api\Controller\AppHallController.class.php 第 100 行.
SQL: SELECT `company_auth_status` FROM `ydw_user` WHERE `id` = 1335 LIMIT 1   [ RunTime:0.0010s ]
SQL: SELECT `confirm_status` FROM `ydw_company_confirm` WHERE `user_id` = 1335 LIMIT 1   [ RunTime:0.0000s ]
NOTIC: [8] Undefined index: price_type D:\xampp\htdocs\ydwAPI\Application\Api\Controller\AppHallController.class.php 第 96 行.
NOTIC: [8] Undefined index: origin_type D:\xampp\htdocs\ydwAPI\Application\Api\Controller\AppHallController.class.php 第 98 行.
NOTIC: [8] Undefined index: origin_type D:\xampp\htdocs\ydwAPI\Application\Api\Controller\AppHallController.class.php 第 100 行.
SQL: SELECT `company_auth_status` FROM `ydw_user` WHERE `id` = 1145 LIMIT 1   [ RunTime:0.0010s ]
SQL: SELECT `confirm_status` FROM `ydw_company_confirm` WHERE `user_id` = 1145 LIMIT 1   [ RunTime:0.0000s ]
NOTIC: [8] Undefined index: price_type D:\xampp\htdocs\ydwAPI\Application\Api\Controller\AppHallController.class.php 第 96 行.
NOTIC: [8] Undefined index: origin_type D:\xampp\htdocs\ydwAPI\Application\Api\Controller\AppHallController.class.php 第 98 行.
NOTIC: [8] Undefined index: origin_type D:\xampp\htdocs\ydwAPI\Application\Api\Controller\AppHallController.class.php 第 100 行.
SQL: SELECT `company_auth_status` FROM `ydw_user` WHERE `id` = 1142 LIMIT 1   [ RunTime:0.0010s ]
SQL: SELECT `confirm_status` FROM `ydw_company_confirm` WHERE `user_id` = 1142 LIMIT 1   [ RunTime:0.0000s ]
NOTIC: [8] Undefined index: price_type D:\xampp\htdocs\ydwAPI\Application\Api\Controller\AppHallController.class.php 第 96 行.
NOTIC: [8] Undefined index: origin_type D:\xampp\htdocs\ydwAPI\Application\Api\Controller\AppHallController.class.php 第 98 行.
NOTIC: [8] Undefined index: origin_type D:\xampp\htdocs\ydwAPI\Application\Api\Controller\AppHallController.class.php 第 100 行.
SQL: SELECT `company_auth_status` FROM `ydw_user` WHERE `id` = 948 LIMIT 1   [ RunTime:0.0010s ]
SQL: SELECT `confirm_status` FROM `ydw_company_confirm` WHERE `user_id` = 948 LIMIT 1   [ RunTime:0.0000s ]
NOTIC: [8] Undefined index: price_type D:\xampp\htdocs\ydwAPI\Application\Api\Controller\AppHallController.class.php 第 96 行.
NOTIC: [8] Undefined index: origin_type D:\xampp\htdocs\ydwAPI\Application\Api\Controller\AppHallController.class.php 第 98 行.
NOTIC: [8] Undefined index: origin_type D:\xampp\htdocs\ydwAPI\Application\Api\Controller\AppHallController.class.php 第 100 行.
SQL: SELECT `company_auth_status` FROM `ydw_user` WHERE `id` = 936 LIMIT 1   [ RunTime:0.0000s ]
SQL: SELECT `confirm_status` FROM `ydw_company_confirm` WHERE `user_id` = 936 LIMIT 1   [ RunTime:0.0000s ]
NOTIC: [8] Undefined index: price_type D:\xampp\htdocs\ydwAPI\Application\Api\Controller\AppHallController.class.php 第 96 行.
NOTIC: [8] Undefined index: origin_type D:\xampp\htdocs\ydwAPI\Application\Api\Controller\AppHallController.class.php 第 98 行.
NOTIC: [8] Undefined index: origin_type D:\xampp\htdocs\ydwAPI\Application\Api\Controller\AppHallController.class.php 第 100 行.
SQL: SELECT `company_auth_status` FROM `ydw_user` WHERE `id` = 909 LIMIT 1   [ RunTime:0.0000s ]
SQL: SELECT `confirm_status` FROM `ydw_company_confirm` WHERE `user_id` = 909 LIMIT 1   [ RunTime:0.0000s ]
NOTIC: [8] Undefined index: price_type D:\xampp\htdocs\ydwAPI\Application\Api\Controller\AppHallController.class.php 第 96 行.
NOTIC: [8] Undefined index: origin_type D:\xampp\htdocs\ydwAPI\Application\Api\Controller\AppHallController.class.php 第 98 行.
NOTIC: [8] Undefined index: origin_type D:\xampp\htdocs\ydwAPI\Application\Api\Controller\AppHallController.class.php 第 100 行.
SQL: SELECT `company_auth_status` FROM `ydw_user` WHERE `id` = 163 LIMIT 1   [ RunTime:0.0010s ]
SQL: SELECT `confirm_status` FROM `ydw_company_confirm` WHERE `user_id` = 163 LIMIT 1   [ RunTime:0.0000s ]
NOTIC: [8] Undefined index: price_type D:\xampp\htdocs\ydwAPI\Application\Api\Controller\AppHallController.class.php 第 96 行.
NOTIC: [8] Undefined index: origin_type D:\xampp\htdocs\ydwAPI\Application\Api\Controller\AppHallController.class.php 第 98 行.
NOTIC: [8] Undefined index: origin_type D:\xampp\htdocs\ydwAPI\Application\Api\Controller\AppHallController.class.php 第 100 行.
SQL: SELECT `company_auth_status` FROM `ydw_user` WHERE `id` = 41 LIMIT 1   [ RunTime:0.0000s ]
SQL: SELECT `confirm_status` FROM `ydw_company_confirm` WHERE `user_id` = 41 LIMIT 1   [ RunTime:0.0000s ]
NOTIC: [8] Undefined index: price_type D:\xampp\htdocs\ydwAPI\Application\Api\Controller\AppHallController.class.php 第 96 行.
NOTIC: [8] Undefined index: origin_type D:\xampp\htdocs\ydwAPI\Application\Api\Controller\AppHallController.class.php 第 98 行.
NOTIC: [8] Undefined index: origin_type D:\xampp\htdocs\ydwAPI\Application\Api\Controller\AppHallController.class.php 第 100 行.
SQL: SELECT `company_auth_status` FROM `ydw_user` WHERE `id` = 41 LIMIT 1   [ RunTime:0.0000s ]
SQL: SELECT `confirm_status` FROM `ydw_company_confirm` WHERE `user_id` = 41 LIMIT 1   [ RunTime:0.0000s ]
NOTIC: [8] Undefined index: price_type D:\xampp\htdocs\ydwAPI\Application\Api\Controller\AppHallController.class.php 第 96 行.
NOTIC: [8] Undefined index: origin_type D:\xampp\htdocs\ydwAPI\Application\Api\Controller\AppHallController.class.php 第 98 行.
NOTIC: [8] Undefined index: origin_type D:\xampp\htdocs\ydwAPI\Application\Api\Controller\AppHallController.class.php 第 100 行.
SQL: SELECT `company_auth_status` FROM `ydw_user` WHERE `id` = 41 LIMIT 1   [ RunTime:0.0000s ]
SQL: SELECT `confirm_status` FROM `ydw_company_confirm` WHERE `user_id` = 41 LIMIT 1   [ RunTime:0.0000s ]
NOTIC: [8] Undefined index: price_type D:\xampp\htdocs\ydwAPI\Application\Api\Controller\AppHallController.class.php 第 96 行.
NOTIC: [8] Undefined index: origin_type D:\xampp\htdocs\ydwAPI\Application\Api\Controller\AppHallController.class.php 第 98 行.
NOTIC: [8] Undefined index: origin_type D:\xampp\htdocs\ydwAPI\Application\Api\Controller\AppHallController.class.php 第 100 行.
SQL: SELECT `company_auth_status` FROM `ydw_user` WHERE `id` = 41 LIMIT 1   [ RunTime:0.0000s ]
SQL: SELECT `confirm_status` FROM `ydw_company_confirm` WHERE `user_id` = 41 LIMIT 1   [ RunTime:0.0000s ]
NOTIC: [8] Undefined index: price_type D:\xampp\htdocs\ydwAPI\Application\Api\Controller\AppHallController.class.php 第 96 行.
NOTIC: [8] Undefined index: origin_type D:\xampp\htdocs\ydwAPI\Application\Api\Controller\AppHallController.class.php 第 98 行.
NOTIC: [8] Undefined index: origin_type D:\xampp\htdocs\ydwAPI\Application\Api\Controller\AppHallController.class.php 第 100 行.
SQL: SELECT `company_auth_status` FROM `ydw_user` WHERE `id` = 41 LIMIT 1   [ RunTime:0.0000s ]
SQL: SELECT `confirm_status` FROM `ydw_company_confirm` WHERE `user_id` = 41 LIMIT 1   [ RunTime:0.0000s ]
NOTIC: [8] Undefined index: price_type D:\xampp\htdocs\ydwAPI\Application\Api\Controller\AppHallController.class.php 第 96 行.
NOTIC: [8] Undefined index: origin_type D:\xampp\htdocs\ydwAPI\Application\Api\Controller\AppHallController.class.php 第 98 行.
NOTIC: [8] Undefined index: origin_type D:\xampp\htdocs\ydwAPI\Application\Api\Controller\AppHallController.class.php 第 100 行.
SQL: SELECT `company_auth_status` FROM `ydw_user` WHERE `id` = 41 LIMIT 1   [ RunTime:0.0010s ]
SQL: SELECT `confirm_status` FROM `ydw_company_confirm` WHERE `user_id` = 41 LIMIT 1   [ RunTime:0.0000s ]
NOTIC: [8] Undefined index: price_type D:\xampp\htdocs\ydwAPI\Application\Api\Controller\AppHallController.class.php 第 96 行.
NOTIC: [8] Undefined index: origin_type D:\xampp\htdocs\ydwAPI\Application\Api\Controller\AppHallController.class.php 第 98 行.
NOTIC: [8] Undefined index: origin_type D:\xampp\htdocs\ydwAPI\Application\Api\Controller\AppHallController.class.php 第 100 行.
NOTIC: [2] Missing argument 3 for Api\Controller\BaseController::ajaxDie(), called in D:\xampp\htdocs\ydwAPI\Application\Api\Controller\AppHallController.class.php on line 107 and defined D:\xampp\htdocs\ydwAPI\Application\Api\Controller\BaseController.class.php 第 38 行.
NOTIC: [2] Missing argument 4 for Api\Controller\BaseController::ajaxDie(), called in D:\xampp\htdocs\ydwAPI\Application\Api\Controller\AppHallController.class.php on line 107 and defined D:\xampp\htdocs\ydwAPI\Application\Api\Controller\BaseController.class.php 第 38 行.
NOTIC: [8] Undefined variable: dataHot D:\xampp\htdocs\ydwAPI\Application\Api\Controller\BaseController.class.php 第 44 行.
NOTIC: [8] Undefined variable: sign_status D:\xampp\htdocs\ydwAPI\Application\Api\Controller\BaseController.class.php 第 47 行.

