[ 2017-06-19T08:47:33+08:00 ] 192.168.2.42 /ydwAPI/index.php?s=Api/User/login
INFO: [ app_init ] --START--
INFO: Run Behavior\BuildLiteBehavior [ RunTime:0.000000s ]
INFO: Run Common\Behavior\InitHookBehavior [ RunTime:0.004000s ]
INFO: [ app_init ] --END-- [ RunTime:0.008000s ]
INFO: [ app_begin ] --START--
INFO: Run Behavior\ReadHtmlCacheBehavior [ RunTime:0.001000s ]
INFO: [ app_begin ] --END-- [ RunTime:0.001000s ]
SQL: SHOW COLUMNS FROM `ydw_config` [ RunTime:0.0150s ]
SQL: SELECT `type`,`name`,`value` FROM `ydw_config` WHERE `status` = 1  [ RunTime:0.0020s ]
INFO: [ app_end ] --START--
INFO: Run Behavior\ShowPageTraceBehavior [ RunTime:0.001000s ]
INFO: [ app_end ] --END-- [ RunTime:0.001000s ]

[ 2017-06-19T08:48:19+08:00 ] 192.168.2.42 /ydwAPI/index.php?s=Api/User/login
INFO: [ app_init ] --START--
INFO: Run Behavior\BuildLiteBehavior [ RunTime:0.000000s ]
INFO: Run Common\Behavior\InitHookBehavior [ RunTime:0.002000s ]
INFO: [ app_init ] --END-- [ RunTime:0.003000s ]
INFO: [ app_begin ] --START--
INFO: Run Behavior\ReadHtmlCacheBehavior [ RunTime:0.000000s ]
INFO: [ app_begin ] --END-- [ RunTime:0.000000s ]
SQL: SHOW COLUMNS FROM `ydw_config` [ RunTime:0.0030s ]
SQL: SELECT `type`,`name`,`value` FROM `ydw_config` WHERE `status` = 1  [ RunTime:0.0000s ]
INFO: [ app_end ] --START--
INFO: Run Behavior\ShowPageTraceBehavior [ RunTime:0.001000s ]
INFO: [ app_end ] --END-- [ RunTime:0.001000s ]

[ 2017-06-19T08:50:06+08:00 ] 192.168.2.42 /ydwAPI/index.php?s=Api/User/login
INFO: [ app_init ] --START--
INFO: Run Behavior\BuildLiteBehavior [ RunTime:0.000000s ]
INFO: Run Common\Behavior\InitHookBehavior [ RunTime:0.002000s ]
INFO: [ app_init ] --END-- [ RunTime:0.002000s ]
INFO: [ app_begin ] --START--
INFO: Run Behavior\ReadHtmlCacheBehavior [ RunTime:0.000000s ]
INFO: [ app_begin ] --END-- [ RunTime:0.000000s ]
SQL: SHOW COLUMNS FROM `ydw_config` [ RunTime:0.0020s ]
SQL: SELECT `type`,`name`,`value` FROM `ydw_config` WHERE `status` = 1  [ RunTime:0.0010s ]
SQL: SHOW COLUMNS FROM `ydw_user` [ RunTime:0.0120s ]
NOTIC: [2] Missing argument 2 for password_md5(), called in D:\xampp\htdocs\ydwAPI\Application\Api\Model\UserModel.class.php on line 50 and defined D:\xampp\htdocs\ydwAPI\Application\Api\Common\function.php 第 8 行.
SQL: SHOW COLUMNS FROM `ydw_mobile_login` [ RunTime:0.0040s ]
SQL: SELECT `uid`,`mobile` FROM `ydw_mobile_login` WHERE `mobile` = '' AND `password` = '' LIMIT 1   [ RunTime:0.0020s ]
SQL: SELECT `id`,`realname` FROM `ydw_user` WHERE `id` = null LIMIT 1   [ RunTime:0.0010s ]
NOTIC: [2] Missing argument 3 for Api\Controller\BaseController::ajaxDie(), called in D:\xampp\htdocs\ydwAPI\Application\Api\Controller\UserController.class.php on line 32 and defined D:\xampp\htdocs\ydwAPI\Application\Api\Controller\BaseController.class.php 第 38 行.
NOTIC: [2] Missing argument 4 for Api\Controller\BaseController::ajaxDie(), called in D:\xampp\htdocs\ydwAPI\Application\Api\Controller\UserController.class.php on line 32 and defined D:\xampp\htdocs\ydwAPI\Application\Api\Controller\BaseController.class.php 第 38 行.
NOTIC: [8] Undefined variable: dataHot D:\xampp\htdocs\ydwAPI\Application\Api\Controller\BaseController.class.php 第 44 行.
NOTIC: [8] Undefined variable: sign_status D:\xampp\htdocs\ydwAPI\Application\Api\Controller\BaseController.class.php 第 47 行.

[ 2017-06-19T08:53:46+08:00 ] 192.168.2.42 /ydwAPI/index.php?s=Api/User/login
INFO: [ app_init ] --START--
INFO: Run Behavior\BuildLiteBehavior [ RunTime:0.000000s ]
INFO: Run Common\Behavior\InitHookBehavior [ RunTime:0.002000s ]
INFO: [ app_init ] --END-- [ RunTime:0.002000s ]
INFO: [ app_begin ] --START--
INFO: Run Behavior\ReadHtmlCacheBehavior [ RunTime:0.001000s ]
INFO: [ app_begin ] --END-- [ RunTime:0.001000s ]
SQL: SHOW COLUMNS FROM `ydw_config` [ RunTime:0.0020s ]
SQL: SELECT `type`,`name`,`value` FROM `ydw_config` WHERE `status` = 1  [ RunTime:0.0010s ]
SQL: SHOW COLUMNS FROM `ydw_user` [ RunTime:0.0040s ]
NOTIC: [2] Missing argument 2 for password_md5(), called in D:\xampp\htdocs\ydwAPI\Application\Api\Model\UserModel.class.php on line 50 and defined D:\xampp\htdocs\ydwAPI\Application\Api\Common\function.php 第 8 行.
SQL: SHOW COLUMNS FROM `ydw_mobile_login` [ RunTime:0.0020s ]
SQL: SELECT `uid`,`mobile` FROM `ydw_mobile_login` WHERE `mobile` = '' AND `password` = '' LIMIT 1   [ RunTime:0.0000s ]
SQL: SELECT `id`,`realname` FROM `ydw_user` WHERE `id` = null LIMIT 1   [ RunTime:0.0000s ]
NOTIC: [2] Missing argument 3 for Api\Controller\BaseController::ajaxDie(), called in D:\xampp\htdocs\ydwAPI\Application\Api\Controller\UserController.class.php on line 32 and defined D:\xampp\htdocs\ydwAPI\Application\Api\Controller\BaseController.class.php 第 38 行.
NOTIC: [2] Missing argument 4 for Api\Controller\BaseController::ajaxDie(), called in D:\xampp\htdocs\ydwAPI\Application\Api\Controller\UserController.class.php on line 32 and defined D:\xampp\htdocs\ydwAPI\Application\Api\Controller\BaseController.class.php 第 38 行.
NOTIC: [8] Undefined variable: dataHot D:\xampp\htdocs\ydwAPI\Application\Api\Controller\BaseController.class.php 第 44 行.
NOTIC: [8] Undefined variable: sign_status D:\xampp\htdocs\ydwAPI\Application\Api\Controller\BaseController.class.php 第 47 行.

[ 2017-06-19T08:54:06+08:00 ] 192.168.2.42 /ydwAPI/index.php?s=Api/User/login
INFO: [ app_init ] --START--
INFO: Run Behavior\BuildLiteBehavior [ RunTime:0.000000s ]
INFO: Run Common\Behavior\InitHookBehavior [ RunTime:0.002000s ]
INFO: [ app_init ] --END-- [ RunTime:0.002000s ]
INFO: [ app_begin ] --START--
INFO: Run Behavior\ReadHtmlCacheBehavior [ RunTime:0.000000s ]
INFO: [ app_begin ] --END-- [ RunTime:0.000000s ]
SQL: SHOW COLUMNS FROM `ydw_config` [ RunTime:0.0040s ]
SQL: SELECT `type`,`name`,`value` FROM `ydw_config` WHERE `status` = 1  [ RunTime:0.0000s ]
INFO: [ app_end ] --START--
INFO: Run Behavior\ShowPageTraceBehavior [ RunTime:0.001000s ]
INFO: [ app_end ] --END-- [ RunTime:0.001000s ]

[ 2017-06-19T08:55:29+08:00 ] 192.168.2.42 /ydwAPI/index.php?s=Api/AppHall/demand_hall
INFO: [ app_init ] --START--
INFO: Run Behavior\BuildLiteBehavior [ RunTime:0.000000s ]
INFO: Run Common\Behavior\InitHookBehavior [ RunTime:0.002000s ]
INFO: [ app_init ] --END-- [ RunTime:0.003000s ]
INFO: [ app_begin ] --START--
INFO: Run Behavior\ReadHtmlCacheBehavior [ RunTime:0.000000s ]
INFO: [ app_begin ] --END-- [ RunTime:0.000000s ]
SQL: SHOW COLUMNS FROM `ydw_config` [ RunTime:0.0020s ]
SQL: SELECT `type`,`name`,`value` FROM `ydw_config` WHERE `status` = 1  [ RunTime:0.0010s ]
SQL: SHOW COLUMNS FROM `ydw_demand` [ RunTime:0.0040s ]
SQL: SELECT `id`,`uid`,`cate_id`,`cate_name`,`goods_id`,`goods_name`,`goods_attr_id`,`goods_attr_name`,`num`,`contacts`,`mobile`,`mobile_show` FROM `ydw_demand` WHERE `status` NOT IN ('-1') ORDER BY id desc LIMIT 20   [ RunTime:0.0010s ]
SQL: SHOW COLUMNS FROM `ydw_user` [ RunTime:0.0020s ]
SQL: SELECT `company_auth_status` FROM `ydw_user` WHERE `id` = 3501 LIMIT 1   [ RunTime:0.0010s ]
SQL: SHOW COLUMNS FROM `ydw_company_confirm` [ RunTime:0.0020s ]
SQL: SELECT `confirm_status` FROM `ydw_company_confirm` WHERE `user_id` = 3501 LIMIT 1   [ RunTime:0.0000s ]
NOTIC: [8] Undefined index: price_type D:\xampp\htdocs\ydwAPI\Application\Api\Controller\AppHallController.class.php 第 99 行.
NOTIC: [8] Undefined index: origin_type D:\xampp\htdocs\ydwAPI\Application\Api\Controller\AppHallController.class.php 第 101 行.
NOTIC: [8] Undefined index: origin_type D:\xampp\htdocs\ydwAPI\Application\Api\Controller\AppHallController.class.php 第 103 行.
SQL: SELECT `company_auth_status` FROM `ydw_user` WHERE `id` = 3501 LIMIT 1   [ RunTime:0.0000s ]
SQL: SELECT `confirm_status` FROM `ydw_company_confirm` WHERE `user_id` = 3501 LIMIT 1   [ RunTime:0.0010s ]
NOTIC: [8] Undefined index: price_type D:\xampp\htdocs\ydwAPI\Application\Api\Controller\AppHallController.class.php 第 99 行.
NOTIC: [8] Undefined index: origin_type D:\xampp\htdocs\ydwAPI\Application\Api\Controller\AppHallController.class.php 第 101 行.
NOTIC: [8] Undefined index: origin_type D:\xampp\htdocs\ydwAPI\Application\Api\Controller\AppHallController.class.php 第 103 行.
SQL: SELECT `company_auth_status` FROM `ydw_user` WHERE `id` = 3501 LIMIT 1   [ RunTime:0.0000s ]
SQL: SELECT `confirm_status` FROM `ydw_company_confirm` WHERE `user_id` = 3501 LIMIT 1   [ RunTime:0.0000s ]
NOTIC: [8] Undefined index: price_type D:\xampp\htdocs\ydwAPI\Application\Api\Controller\AppHallController.class.php 第 99 行.
NOTIC: [8] Undefined index: origin_type D:\xampp\htdocs\ydwAPI\Application\Api\Controller\AppHallController.class.php 第 101 行.
NOTIC: [8] Undefined index: origin_type D:\xampp\htdocs\ydwAPI\Application\Api\Controller\AppHallController.class.php 第 103 行.
SQL: SELECT `company_auth_status` FROM `ydw_user` WHERE `id` = 3501 LIMIT 1   [ RunTime:0.0000s ]
SQL: SELECT `confirm_status` FROM `ydw_company_confirm` WHERE `user_id` = 3501 LIMIT 1   [ RunTime:0.0010s ]
NOTIC: [8] Undefined index: price_type D:\xampp\htdocs\ydwAPI\Application\Api\Controller\AppHallController.class.php 第 99 行.
NOTIC: [8] Undefined index: origin_type D:\xampp\htdocs\ydwAPI\Application\Api\Controller\AppHallController.class.php 第 101 行.
NOTIC: [8] Undefined index: origin_type D:\xampp\htdocs\ydwAPI\Application\Api\Controller\AppHallController.class.php 第 103 行.
SQL: SELECT `company_auth_status` FROM `ydw_user` WHERE `id` = 3501 LIMIT 1   [ RunTime:0.0000s ]
SQL: SELECT `confirm_status` FROM `ydw_company_confirm` WHERE `user_id` = 3501 LIMIT 1   [ RunTime:0.0000s ]
NOTIC: [8] Undefined index: price_type D:\xampp\htdocs\ydwAPI\Application\Api\Controller\AppHallController.class.php 第 99 行.
NOTIC: [8] Undefined index: origin_type D:\xampp\htdocs\ydwAPI\Application\Api\Controller\AppHallController.class.php 第 101 行.
NOTIC: [8] Undefined index: origin_type D:\xampp\htdocs\ydwAPI\Application\Api\Controller\AppHallController.class.php 第 103 行.
SQL: SELECT `company_auth_status` FROM `ydw_user` WHERE `id` = 3501 LIMIT 1   [ RunTime:0.0000s ]
SQL: SELECT `confirm_status` FROM `ydw_company_confirm` WHERE `user_id` = 3501 LIMIT 1   [ RunTime:0.0000s ]
NOTIC: [8] Undefined index: price_type D:\xampp\htdocs\ydwAPI\Application\Api\Controller\AppHallController.class.php 第 99 行.
NOTIC: [8] Undefined index: origin_type D:\xampp\htdocs\ydwAPI\Application\Api\Controller\AppHallController.class.php 第 101 行.
NOTIC: [8] Undefined index: origin_type D:\xampp\htdocs\ydwAPI\Application\Api\Controller\AppHallController.class.php 第 103 行.
SQL: SELECT `company_auth_status` FROM `ydw_user` WHERE `id` = 3550 LIMIT 1   [ RunTime:0.0000s ]
SQL: SELECT `confirm_status` FROM `ydw_company_confirm` WHERE `user_id` = 3550 LIMIT 1   [ RunTime:0.0000s ]
NOTIC: [8] Undefined index: price_type D:\xampp\htdocs\ydwAPI\Application\Api\Controller\AppHallController.class.php 第 99 行.
NOTIC: [8] Undefined index: origin_type D:\xampp\htdocs\ydwAPI\Application\Api\Controller\AppHallController.class.php 第 101 行.
NOTIC: [8] Undefined index: origin_type D:\xampp\htdocs\ydwAPI\Application\Api\Controller\AppHallController.class.php 第 103 行.
SQL: SELECT `company_auth_status` FROM `ydw_user` WHERE `id` = 289 LIMIT 1   [ RunTime:0.0000s ]
SQL: SELECT `confirm_status` FROM `ydw_company_confirm` WHERE `user_id` = 289 LIMIT 1   [ RunTime:0.0000s ]
NOTIC: [8] Undefined index: price_type D:\xampp\htdocs\ydwAPI\Application\Api\Controller\AppHallController.class.php 第 99 行.
NOTIC: [8] Undefined index: origin_type D:\xampp\htdocs\ydwAPI\Application\Api\Controller\AppHallController.class.php 第 101 行.
NOTIC: [8] Undefined index: origin_type D:\xampp\htdocs\ydwAPI\Application\Api\Controller\AppHallController.class.php 第 103 行.
SQL: SELECT `company_auth_status` FROM `ydw_user` WHERE `id` = 35 LIMIT 1   [ RunTime:0.0000s ]
SQL: SELECT `confirm_status` FROM `ydw_company_confirm` WHERE `user_id` = 35 LIMIT 1   [ RunTime:0.0010s ]
NOTIC: [8] Undefined index: price_type D:\xampp\htdocs\ydwAPI\Application\Api\Controller\AppHallController.class.php 第 99 行.
NOTIC: [8] Undefined index: origin_type D:\xampp\htdocs\ydwAPI\Application\Api\Controller\AppHallController.class.php 第 101 行.
NOTIC: [8] Undefined index: origin_type D:\xampp\htdocs\ydwAPI\Application\Api\Controller\AppHallController.class.php 第 103 行.
SQL: SELECT `company_auth_status` FROM `ydw_user` WHERE `id` = 3501 LIMIT 1   [ RunTime:0.0000s ]
SQL: SELECT `confirm_status` FROM `ydw_company_confirm` WHERE `user_id` = 3501 LIMIT 1   [ RunTime:0.0000s ]
NOTIC: [8] Undefined index: price_type D:\xampp\htdocs\ydwAPI\Application\Api\Controller\AppHallController.class.php 第 99 行.
NOTIC: [8] Undefined index: origin_type D:\xampp\htdocs\ydwAPI\Application\Api\Controller\AppHallController.class.php 第 101 行.
NOTIC: [8] Undefined index: origin_type D:\xampp\htdocs\ydwAPI\Application\Api\Controller\AppHallController.class.php 第 103 行.
SQL: SELECT `company_auth_status` FROM `ydw_user` WHERE `id` = 3501 LIMIT 1   [ RunTime:0.0000s ]
SQL: SELECT `confirm_status` FROM `ydw_company_confirm` WHERE `user_id` = 3501 LIMIT 1   [ RunTime:0.0010s ]
NOTIC: [8] Undefined index: price_type D:\xampp\htdocs\ydwAPI\Application\Api\Controller\AppHallController.class.php 第 99 行.
NOTIC: [8] Undefined index: origin_type D:\xampp\htdocs\ydwAPI\Application\Api\Controller\AppHallController.class.php 第 101 行.
NOTIC: [8] Undefined index: origin_type D:\xampp\htdocs\ydwAPI\Application\Api\Controller\AppHallController.class.php 第 103 行.
SQL: SELECT `company_auth_status` FROM `ydw_user` WHERE `id` = 3501 LIMIT 1   [ RunTime:0.0000s ]
SQL: SELECT `confirm_status` FROM `ydw_company_confirm` WHERE `user_id` = 3501 LIMIT 1   [ RunTime:0.0000s ]
NOTIC: [8] Undefined index: price_type D:\xampp\htdocs\ydwAPI\Application\Api\Controller\AppHallController.class.php 第 99 行.
NOTIC: [8] Undefined index: origin_type D:\xampp\htdocs\ydwAPI\Application\Api\Controller\AppHallController.class.php 第 101 行.
NOTIC: [8] Undefined index: origin_type D:\xampp\htdocs\ydwAPI\Application\Api\Controller\AppHallController.class.php 第 103 行.
SQL: SELECT `company_auth_status` FROM `ydw_user` WHERE `id` = 2807 LIMIT 1   [ RunTime:0.0000s ]
SQL: SELECT `confirm_status` FROM `ydw_company_confirm` WHERE `user_id` = 2807 LIMIT 1   [ RunTime:0.0010s ]
NOTIC: [8] Undefined index: price_type D:\xampp\htdocs\ydwAPI\Application\Api\Controller\AppHallController.class.php 第 99 行.
NOTIC: [8] Undefined index: origin_type D:\xampp\htdocs\ydwAPI\Application\Api\Controller\AppHallController.class.php 第 101 行.
NOTIC: [8] Undefined index: origin_type D:\xampp\htdocs\ydwAPI\Application\Api\Controller\AppHallController.class.php 第 103 行.
SQL: SELECT `company_auth_status` FROM `ydw_user` WHERE `id` = 1044 LIMIT 1   [ RunTime:0.0000s ]
SQL: SELECT `confirm_status` FROM `ydw_company_confirm` WHERE `user_id` = 1044 LIMIT 1   [ RunTime:0.0000s ]
NOTIC: [8] Undefined index: price_type D:\xampp\htdocs\ydwAPI\Application\Api\Controller\AppHallController.class.php 第 99 行.
NOTIC: [8] Undefined index: origin_type D:\xampp\htdocs\ydwAPI\Application\Api\Controller\AppHallController.class.php 第 101 行.
NOTIC: [8] Undefined index: origin_type D:\xampp\htdocs\ydwAPI\Application\Api\Controller\AppHallController.class.php 第 103 行.
SQL: SELECT `company_auth_status` FROM `ydw_user` WHERE `id` = 3446 LIMIT 1   [ RunTime:0.0000s ]
SQL: SELECT `confirm_status` FROM `ydw_company_confirm` WHERE `user_id` = 3446 LIMIT 1   [ RunTime:0.0010s ]
NOTIC: [8] Undefined index: price_type D:\xampp\htdocs\ydwAPI\Application\Api\Controller\AppHallController.class.php 第 99 行.
NOTIC: [8] Undefined index: origin_type D:\xampp\htdocs\ydwAPI\Application\Api\Controller\AppHallController.class.php 第 101 行.
NOTIC: [8] Undefined index: origin_type D:\xampp\htdocs\ydwAPI\Application\Api\Controller\AppHallController.class.php 第 103 行.
SQL: SELECT `company_auth_status` FROM `ydw_user` WHERE `id` = 3446 LIMIT 1   [ RunTime:0.0000s ]
SQL: SELECT `confirm_status` FROM `ydw_company_confirm` WHERE `user_id` = 3446 LIMIT 1   [ RunTime:0.0000s ]
NOTIC: [8] Undefined index: price_type D:\xampp\htdocs\ydwAPI\Application\Api\Controller\AppHallController.class.php 第 99 行.
NOTIC: [8] Undefined index: origin_type D:\xampp\htdocs\ydwAPI\Application\Api\Controller\AppHallController.class.php 第 101 行.
NOTIC: [8] Undefined index: origin_type D:\xampp\htdocs\ydwAPI\Application\Api\Controller\AppHallController.class.php 第 103 行.
SQL: SELECT `company_auth_status` FROM `ydw_user` WHERE `id` = 35 LIMIT 1   [ RunTime:0.0000s ]
SQL: SELECT `confirm_status` FROM `ydw_company_confirm` WHERE `user_id` = 35 LIMIT 1   [ RunTime:0.0010s ]
NOTIC: [8] Undefined index: price_type D:\xampp\htdocs\ydwAPI\Application\Api\Controller\AppHallController.class.php 第 99 行.
NOTIC: [8] Undefined index: origin_type D:\xampp\htdocs\ydwAPI\Application\Api\Controller\AppHallController.class.php 第 101 行.
NOTIC: [8] Undefined index: origin_type D:\xampp\htdocs\ydwAPI\Application\Api\Controller\AppHallController.class.php 第 103 行.
SQL: SELECT `company_auth_status` FROM `ydw_user` WHERE `id` = 3256 LIMIT 1   [ RunTime:0.0000s ]
SQL: SELECT `confirm_status` FROM `ydw_company_confirm` WHERE `user_id` = 3256 LIMIT 1   [ RunTime:0.0000s ]
NOTIC: [8] Undefined index: price_type D:\xampp\htdocs\ydwAPI\Application\Api\Controller\AppHallController.class.php 第 99 行.
NOTIC: [8] Undefined index: origin_type D:\xampp\htdocs\ydwAPI\Application\Api\Controller\AppHallController.class.php 第 101 行.
NOTIC: [8] Undefined index: origin_type D:\xampp\htdocs\ydwAPI\Application\Api\Controller\AppHallController.class.php 第 103 行.
SQL: SELECT `company_auth_status` FROM `ydw_user` WHERE `id` = 91 LIMIT 1   [ RunTime:0.0000s ]
SQL: SELECT `confirm_status` FROM `ydw_company_confirm` WHERE `user_id` = 91 LIMIT 1   [ RunTime:0.0010s ]
NOTIC: [8] Undefined index: price_type D:\xampp\htdocs\ydwAPI\Application\Api\Controller\AppHallController.class.php 第 99 行.
NOTIC: [8] Undefined index: origin_type D:\xampp\htdocs\ydwAPI\Application\Api\Controller\AppHallController.class.php 第 101 行.
NOTIC: [8] Undefined index: origin_type D:\xampp\htdocs\ydwAPI\Application\Api\Controller\AppHallController.class.php 第 103 行.
SQL: SELECT `company_auth_status` FROM `ydw_user` WHERE `id` = 3248 LIMIT 1   [ RunTime:0.0000s ]
SQL: SELECT `confirm_status` FROM `ydw_company_confirm` WHERE `user_id` = 3248 LIMIT 1   [ RunTime:0.0000s ]
NOTIC: [8] Undefined index: price_type D:\xampp\htdocs\ydwAPI\Application\Api\Controller\AppHallController.class.php 第 99 行.
NOTIC: [8] Undefined index: origin_type D:\xampp\htdocs\ydwAPI\Application\Api\Controller\AppHallController.class.php 第 101 行.
NOTIC: [8] Undefined index: origin_type D:\xampp\htdocs\ydwAPI\Application\Api\Controller\AppHallController.class.php 第 103 行.
NOTIC: [2] Missing argument 3 for Api\Controller\BaseController::ajaxDie(), called in D:\xampp\htdocs\ydwAPI\Application\Api\Controller\AppHallController.class.php on line 109 and defined D:\xampp\htdocs\ydwAPI\Application\Api\Controller\BaseController.class.php 第 38 行.
NOTIC: [2] Missing argument 4 for Api\Controller\BaseController::ajaxDie(), called in D:\xampp\htdocs\ydwAPI\Application\Api\Controller\AppHallController.class.php on line 109 and defined D:\xampp\htdocs\ydwAPI\Application\Api\Controller\BaseController.class.php 第 38 行.
NOTIC: [8] Undefined variable: dataHot D:\xampp\htdocs\ydwAPI\Application\Api\Controller\BaseController.class.php 第 44 行.
NOTIC: [8] Undefined variable: sign_status D:\xampp\htdocs\ydwAPI\Application\Api\Controller\BaseController.class.php 第 47 行.

[ 2017-06-19T08:55:40+08:00 ] 192.168.2.42 /ydwAPI/index.php?s=Api/User/login
INFO: [ app_init ] --START--
INFO: Run Behavior\BuildLiteBehavior [ RunTime:0.000000s ]
INFO: Run Common\Behavior\InitHookBehavior [ RunTime:0.002000s ]
INFO: [ app_init ] --END-- [ RunTime:0.002000s ]
INFO: [ app_begin ] --START--
INFO: Run Behavior\ReadHtmlCacheBehavior [ RunTime:0.000000s ]
INFO: [ app_begin ] --END-- [ RunTime:0.000000s ]
SQL: SHOW COLUMNS FROM `ydw_config` [ RunTime:0.0020s ]
SQL: SELECT `type`,`name`,`value` FROM `ydw_config` WHERE `status` = 1  [ RunTime:0.0000s ]
SQL: SHOW COLUMNS FROM `ydw_user` [ RunTime:0.0020s ]
NOTIC: [2] Missing argument 2 for password_md5(), called in D:\xampp\htdocs\ydwAPI\Application\Api\Model\UserModel.class.php on line 50 and defined D:\xampp\htdocs\ydwAPI\Application\Api\Common\function.php 第 8 行.
SQL: SHOW COLUMNS FROM `ydw_mobile_login` [ RunTime:0.0020s ]
SQL: SELECT `uid`,`mobile` FROM `ydw_mobile_login` WHERE `mobile` = '15638215985' AND `password` = '1a6b97b244f3d222cf6365660d203852' LIMIT 1   [ RunTime:0.0000s ]
SQL: SELECT `id`,`realname` FROM `ydw_user` WHERE `id` = null LIMIT 1   [ RunTime:0.0000s ]
NOTIC: [2] Missing argument 3 for Api\Controller\BaseController::ajaxDie(), called in D:\xampp\htdocs\ydwAPI\Application\Api\Controller\UserController.class.php on line 32 and defined D:\xampp\htdocs\ydwAPI\Application\Api\Controller\BaseController.class.php 第 38 行.
NOTIC: [2] Missing argument 4 for Api\Controller\BaseController::ajaxDie(), called in D:\xampp\htdocs\ydwAPI\Application\Api\Controller\UserController.class.php on line 32 and defined D:\xampp\htdocs\ydwAPI\Application\Api\Controller\BaseController.class.php 第 38 行.
NOTIC: [8] Undefined variable: dataHot D:\xampp\htdocs\ydwAPI\Application\Api\Controller\BaseController.class.php 第 44 行.
NOTIC: [8] Undefined variable: sign_status D:\xampp\htdocs\ydwAPI\Application\Api\Controller\BaseController.class.php 第 47 行.

[ 2017-06-19T08:55:59+08:00 ] 192.168.2.42 /ydwAPI/index.php?s=Api/User/login
INFO: [ app_init ] --START--
INFO: Run Behavior\BuildLiteBehavior [ RunTime:0.000000s ]
INFO: Run Common\Behavior\InitHookBehavior [ RunTime:0.002000s ]
INFO: [ app_init ] --END-- [ RunTime:0.002000s ]
INFO: [ app_begin ] --START--
INFO: Run Behavior\ReadHtmlCacheBehavior [ RunTime:0.000000s ]
INFO: [ app_begin ] --END-- [ RunTime:0.000000s ]
SQL: SHOW COLUMNS FROM `ydw_config` [ RunTime:0.0020s ]
SQL: SELECT `type`,`name`,`value` FROM `ydw_config` WHERE `status` = 1  [ RunTime:0.0000s ]
SQL: SHOW COLUMNS FROM `ydw_user` [ RunTime:0.0020s ]
NOTIC: [2] Missing argument 2 for password_md5(), called in D:\xampp\htdocs\ydwAPI\Application\Api\Model\UserModel.class.php on line 50 and defined D:\xampp\htdocs\ydwAPI\Application\Api\Common\function.php 第 8 行.
SQL: SHOW COLUMNS FROM `ydw_mobile_login` [ RunTime:0.0020s ]
SQL: SELECT `uid`,`mobile` FROM `ydw_mobile_login` WHERE `mobile` = '15638215985' AND `password` = '43f662426c27960092d42a5650b78a32' LIMIT 1   [ RunTime:0.0000s ]
SQL: SELECT `id`,`realname` FROM `ydw_user` WHERE `id` = null LIMIT 1   [ RunTime:0.0010s ]
NOTIC: [2] Missing argument 3 for Api\Controller\BaseController::ajaxDie(), called in D:\xampp\htdocs\ydwAPI\Application\Api\Controller\UserController.class.php on line 32 and defined D:\xampp\htdocs\ydwAPI\Application\Api\Controller\BaseController.class.php 第 38 行.
NOTIC: [2] Missing argument 4 for Api\Controller\BaseController::ajaxDie(), called in D:\xampp\htdocs\ydwAPI\Application\Api\Controller\UserController.class.php on line 32 and defined D:\xampp\htdocs\ydwAPI\Application\Api\Controller\BaseController.class.php 第 38 行.
NOTIC: [8] Undefined variable: dataHot D:\xampp\htdocs\ydwAPI\Application\Api\Controller\BaseController.class.php 第 44 行.
NOTIC: [8] Undefined variable: sign_status D:\xampp\htdocs\ydwAPI\Application\Api\Controller\BaseController.class.php 第 47 行.

[ 2017-06-19T08:56:44+08:00 ] 192.168.2.42 /ydwAPI/index.php?s=Api/User/login
INFO: [ app_init ] --START--
INFO: Run Behavior\BuildLiteBehavior [ RunTime:0.000000s ]
INFO: Run Common\Behavior\InitHookBehavior [ RunTime:0.003000s ]
INFO: [ app_init ] --END-- [ RunTime:0.004000s ]
INFO: [ app_begin ] --START--
INFO: Run Behavior\ReadHtmlCacheBehavior [ RunTime:0.000000s ]
INFO: [ app_begin ] --END-- [ RunTime:0.000000s ]
SQL: SHOW COLUMNS FROM `ydw_config` [ RunTime:0.0020s ]
SQL: SELECT `type`,`name`,`value` FROM `ydw_config` WHERE `status` = 1  [ RunTime:0.0000s ]
SQL: SHOW COLUMNS FROM `ydw_user` [ RunTime:0.0020s ]
NOTIC: [2] Missing argument 2 for password_md5(), called in D:\xampp\htdocs\ydwAPI\Application\Api\Model\UserModel.class.php on line 50 and defined D:\xampp\htdocs\ydwAPI\Application\Api\Common\function.php 第 8 行.
SQL: SHOW COLUMNS FROM `ydw_mobile_login` [ RunTime:0.0020s ]
SQL: SELECT `uid`,`mobile` FROM `ydw_mobile_login` WHERE `mobile` = '15638215985' AND `password` = '86560f2c421b217779e8dbfaa7713e80' LIMIT 1   [ RunTime:0.0000s ]
SQL: SELECT `id`,`realname` FROM `ydw_user` WHERE `id` = null LIMIT 1   [ RunTime:0.0000s ]
NOTIC: [2] Missing argument 3 for Api\Controller\BaseController::ajaxDie(), called in D:\xampp\htdocs\ydwAPI\Application\Api\Controller\UserController.class.php on line 32 and defined D:\xampp\htdocs\ydwAPI\Application\Api\Controller\BaseController.class.php 第 38 行.
NOTIC: [2] Missing argument 4 for Api\Controller\BaseController::ajaxDie(), called in D:\xampp\htdocs\ydwAPI\Application\Api\Controller\UserController.class.php on line 32 and defined D:\xampp\htdocs\ydwAPI\Application\Api\Controller\BaseController.class.php 第 38 行.
NOTIC: [8] Undefined variable: dataHot D:\xampp\htdocs\ydwAPI\Application\Api\Controller\BaseController.class.php 第 44 行.
NOTIC: [8] Undefined variable: sign_status D:\xampp\htdocs\ydwAPI\Application\Api\Controller\BaseController.class.php 第 47 行.

[ 2017-06-19T08:57:01+08:00 ] 192.168.2.42 /ydwAPI/index.php?s=Api/User/login
INFO: [ app_init ] --START--
INFO: Run Behavior\BuildLiteBehavior [ RunTime:0.000000s ]
INFO: Run Common\Behavior\InitHookBehavior [ RunTime:0.002000s ]
INFO: [ app_init ] --END-- [ RunTime:0.002000s ]
INFO: [ app_begin ] --START--
INFO: Run Behavior\ReadHtmlCacheBehavior [ RunTime:0.000000s ]
INFO: [ app_begin ] --END-- [ RunTime:0.000000s ]
SQL: SHOW COLUMNS FROM `ydw_config` [ RunTime:0.0020s ]
SQL: SELECT `type`,`name`,`value` FROM `ydw_config` WHERE `status` = 1  [ RunTime:0.0000s ]
SQL: SHOW COLUMNS FROM `ydw_user` [ RunTime:0.0020s ]
NOTIC: [2] Missing argument 2 for password_md5(), called in D:\xampp\htdocs\ydwAPI\Application\Api\Model\UserModel.class.php on line 50 and defined D:\xampp\htdocs\ydwAPI\Application\Api\Common\function.php 第 8 行.
SQL: SHOW COLUMNS FROM `ydw_mobile_login` [ RunTime:0.0020s ]
SQL: SELECT `uid`,`mobile` FROM `ydw_mobile_login` WHERE `mobile` = '15638215985' AND `password` = 'ea75b1fd6ef80f4d60848c053b80521d' LIMIT 1   [ RunTime:0.0000s ]
SQL: SELECT `id`,`realname` FROM `ydw_user` WHERE `id` = 3 LIMIT 1   [ RunTime:0.0000s ]
SQL: UPDATE `ydw_user` SET `last_login_time`='1497833821',`token`='099a9ae19d0ee8941499fee73cd769e2' WHERE ( id=3 ) [ RunTime:0.0000s ]
NOTIC: [2] Missing argument 3 for Api\Controller\BaseController::ajaxDie(), called in D:\xampp\htdocs\ydwAPI\Application\Api\Controller\UserController.class.php on line 30 and defined D:\xampp\htdocs\ydwAPI\Application\Api\Controller\BaseController.class.php 第 38 行.
NOTIC: [2] Missing argument 4 for Api\Controller\BaseController::ajaxDie(), called in D:\xampp\htdocs\ydwAPI\Application\Api\Controller\UserController.class.php on line 30 and defined D:\xampp\htdocs\ydwAPI\Application\Api\Controller\BaseController.class.php 第 38 行.
NOTIC: [8] Undefined variable: dataHot D:\xampp\htdocs\ydwAPI\Application\Api\Controller\BaseController.class.php 第 44 行.
NOTIC: [8] Undefined variable: sign_status D:\xampp\htdocs\ydwAPI\Application\Api\Controller\BaseController.class.php 第 47 行.

[ 2017-06-19T08:57:02+08:00 ] 192.168.2.42 /ydwAPI/index.php?s=Api/AppHall/demand_hall
INFO: [ app_init ] --START--
INFO: Run Behavior\BuildLiteBehavior [ RunTime:0.000000s ]
INFO: Run Common\Behavior\InitHookBehavior [ RunTime:0.002000s ]
INFO: [ app_init ] --END-- [ RunTime:0.003000s ]
INFO: [ app_begin ] --START--
INFO: Run Behavior\ReadHtmlCacheBehavior [ RunTime:0.000000s ]
INFO: [ app_begin ] --END-- [ RunTime:0.000000s ]
SQL: SHOW COLUMNS FROM `ydw_config` [ RunTime:0.0020s ]
SQL: SELECT `type`,`name`,`value` FROM `ydw_config` WHERE `status` = 1  [ RunTime:0.0000s ]
SQL: SHOW COLUMNS FROM `ydw_demand` [ RunTime:0.0030s ]
SQL: SELECT `id`,`uid`,`cate_id`,`cate_name`,`goods_id`,`goods_name`,`goods_attr_id`,`goods_attr_name`,`num`,`contacts`,`mobile`,`mobile_show` FROM `ydw_demand` WHERE `status` NOT IN ('-1') ORDER BY id desc LIMIT 20   [ RunTime:0.0000s ]
SQL: SHOW COLUMNS FROM `ydw_user` [ RunTime:0.0020s ]
SQL: SELECT `company_auth_status` FROM `ydw_user` WHERE `id` = 3501 LIMIT 1   [ RunTime:0.0000s ]
SQL: SHOW COLUMNS FROM `ydw_company_confirm` [ RunTime:0.0020s ]
SQL: SELECT `confirm_status` FROM `ydw_company_confirm` WHERE `user_id` = 3501 LIMIT 1   [ RunTime:0.0000s ]
NOTIC: [8] Undefined index: price_type D:\xampp\htdocs\ydwAPI\Application\Api\Controller\AppHallController.class.php 第 99 行.
NOTIC: [8] Undefined index: origin_type D:\xampp\htdocs\ydwAPI\Application\Api\Controller\AppHallController.class.php 第 101 行.
NOTIC: [8] Undefined index: origin_type D:\xampp\htdocs\ydwAPI\Application\Api\Controller\AppHallController.class.php 第 103 行.
SQL: SELECT `company_auth_status` FROM `ydw_user` WHERE `id` = 3501 LIMIT 1   [ RunTime:0.0010s ]
SQL: SELECT `confirm_status` FROM `ydw_company_confirm` WHERE `user_id` = 3501 LIMIT 1   [ RunTime:0.0000s ]
NOTIC: [8] Undefined index: price_type D:\xampp\htdocs\ydwAPI\Application\Api\Controller\AppHallController.class.php 第 99 行.
NOTIC: [8] Undefined index: origin_type D:\xampp\htdocs\ydwAPI\Application\Api\Controller\AppHallController.class.php 第 101 行.
NOTIC: [8] Undefined index: origin_type D:\xampp\htdocs\ydwAPI\Application\Api\Controller\AppHallController.class.php 第 103 行.
SQL: SELECT `company_auth_status` FROM `ydw_user` WHERE `id` = 3501 LIMIT 1   [ RunTime:0.0000s ]
SQL: SELECT `confirm_status` FROM `ydw_company_confirm` WHERE `user_id` = 3501 LIMIT 1   [ RunTime:0.0000s ]
NOTIC: [8] Undefined index: price_type D:\xampp\htdocs\ydwAPI\Application\Api\Controller\AppHallController.class.php 第 99 行.
NOTIC: [8] Undefined index: origin_type D:\xampp\htdocs\ydwAPI\Application\Api\Controller\AppHallController.class.php 第 101 行.
NOTIC: [8] Undefined index: origin_type D:\xampp\htdocs\ydwAPI\Application\Api\Controller\AppHallController.class.php 第 103 行.
SQL: SELECT `company_auth_status` FROM `ydw_user` WHERE `id` = 3501 LIMIT 1   [ RunTime:0.0000s ]
SQL: SELECT `confirm_status` FROM `ydw_company_confirm` WHERE `user_id` = 3501 LIMIT 1   [ RunTime:0.0000s ]
NOTIC: [8] Undefined index: price_type D:\xampp\htdocs\ydwAPI\Application\Api\Controller\AppHallController.class.php 第 99 行.
NOTIC: [8] Undefined index: origin_type D:\xampp\htdocs\ydwAPI\Application\Api\Controller\AppHallController.class.php 第 101 行.
NOTIC: [8] Undefined index: origin_type D:\xampp\htdocs\ydwAPI\Application\Api\Controller\AppHallController.class.php 第 103 行.
SQL: SELECT `company_auth_status` FROM `ydw_user` WHERE `id` = 3501 LIMIT 1   [ RunTime:0.0000s ]
SQL: SELECT `confirm_status` FROM `ydw_company_confirm` WHERE `user_id` = 3501 LIMIT 1   [ RunTime:0.0000s ]
NOTIC: [8] Undefined index: price_type D:\xampp\htdocs\ydwAPI\Application\Api\Controller\AppHallController.class.php 第 99 行.
NOTIC: [8] Undefined index: origin_type D:\xampp\htdocs\ydwAPI\Application\Api\Controller\AppHallController.class.php 第 101 行.
NOTIC: [8] Undefined index: origin_type D:\xampp\htdocs\ydwAPI\Application\Api\Controller\AppHallController.class.php 第 103 行.
SQL: SELECT `company_auth_status` FROM `ydw_user` WHERE `id` = 3501 LIMIT 1   [ RunTime:0.0000s ]
SQL: SELECT `confirm_status` FROM `ydw_company_confirm` WHERE `user_id` = 3501 LIMIT 1   [ RunTime:0.0000s ]
NOTIC: [8] Undefined index: price_type D:\xampp\htdocs\ydwAPI\Application\Api\Controller\AppHallController.class.php 第 99 行.
NOTIC: [8] Undefined index: origin_type D:\xampp\htdocs\ydwAPI\Application\Api\Controller\AppHallController.class.php 第 101 行.
NOTIC: [8] Undefined index: origin_type D:\xampp\htdocs\ydwAPI\Application\Api\Controller\AppHallController.class.php 第 103 行.
SQL: SELECT `company_auth_status` FROM `ydw_user` WHERE `id` = 3550 LIMIT 1   [ RunTime:0.0000s ]
SQL: SELECT `confirm_status` FROM `ydw_company_confirm` WHERE `user_id` = 3550 LIMIT 1   [ RunTime:0.0000s ]
NOTIC: [8] Undefined index: price_type D:\xampp\htdocs\ydwAPI\Application\Api\Controller\AppHallController.class.php 第 99 行.
NOTIC: [8] Undefined index: origin_type D:\xampp\htdocs\ydwAPI\Application\Api\Controller\AppHallController.class.php 第 101 行.
NOTIC: [8] Undefined index: origin_type D:\xampp\htdocs\ydwAPI\Application\Api\Controller\AppHallController.class.php 第 103 行.
SQL: SELECT `company_auth_status` FROM `ydw_user` WHERE `id` = 289 LIMIT 1   [ RunTime:0.0000s ]
SQL: SELECT `confirm_status` FROM `ydw_company_confirm` WHERE `user_id` = 289 LIMIT 1   [ RunTime:0.0000s ]
NOTIC: [8] Undefined index: price_type D:\xampp\htdocs\ydwAPI\Application\Api\Controller\AppHallController.class.php 第 99 行.
NOTIC: [8] Undefined index: origin_type D:\xampp\htdocs\ydwAPI\Application\Api\Controller\AppHallController.class.php 第 101 行.
NOTIC: [8] Undefined index: origin_type D:\xampp\htdocs\ydwAPI\Application\Api\Controller\AppHallController.class.php 第 103 行.
SQL: SELECT `company_auth_status` FROM `ydw_user` WHERE `id` = 35 LIMIT 1   [ RunTime:0.0000s ]
SQL: SELECT `confirm_status` FROM `ydw_company_confirm` WHERE `user_id` = 35 LIMIT 1   [ RunTime:0.0000s ]
NOTIC: [8] Undefined index: price_type D:\xampp\htdocs\ydwAPI\Application\Api\Controller\AppHallController.class.php 第 99 行.
NOTIC: [8] Undefined index: origin_type D:\xampp\htdocs\ydwAPI\Application\Api\Controller\AppHallController.class.php 第 101 行.
NOTIC: [8] Undefined index: origin_type D:\xampp\htdocs\ydwAPI\Application\Api\Controller\AppHallController.class.php 第 103 行.
SQL: SELECT `company_auth_status` FROM `ydw_user` WHERE `id` = 3501 LIMIT 1   [ RunTime:0.0000s ]
SQL: SELECT `confirm_status` FROM `ydw_company_confirm` WHERE `user_id` = 3501 LIMIT 1   [ RunTime:0.0000s ]
NOTIC: [8] Undefined index: price_type D:\xampp\htdocs\ydwAPI\Application\Api\Controller\AppHallController.class.php 第 99 行.
NOTIC: [8] Undefined index: origin_type D:\xampp\htdocs\ydwAPI\Application\Api\Controller\AppHallController.class.php 第 101 行.
NOTIC: [8] Undefined index: origin_type D:\xampp\htdocs\ydwAPI\Application\Api\Controller\AppHallController.class.php 第 103 行.
SQL: SELECT `company_auth_status` FROM `ydw_user` WHERE `id` = 3501 LIMIT 1   [ RunTime:0.0000s ]
SQL: SELECT `confirm_status` FROM `ydw_company_confirm` WHERE `user_id` = 3501 LIMIT 1   [ RunTime:0.0010s ]
NOTIC: [8] Undefined index: price_type D:\xampp\htdocs\ydwAPI\Application\Api\Controller\AppHallController.class.php 第 99 行.
NOTIC: [8] Undefined index: origin_type D:\xampp\htdocs\ydwAPI\Application\Api\Controller\AppHallController.class.php 第 101 行.
NOTIC: [8] Undefined index: origin_type D:\xampp\htdocs\ydwAPI\Application\Api\Controller\AppHallController.class.php 第 103 行.
SQL: SELECT `company_auth_status` FROM `ydw_user` WHERE `id` = 3501 LIMIT 1   [ RunTime:0.0000s ]
SQL: SELECT `confirm_status` FROM `ydw_company_confirm` WHERE `user_id` = 3501 LIMIT 1   [ RunTime:0.0000s ]
NOTIC: [8] Undefined index: price_type D:\xampp\htdocs\ydwAPI\Application\Api\Controller\AppHallController.class.php 第 99 行.
NOTIC: [8] Undefined index: origin_type D:\xampp\htdocs\ydwAPI\Application\Api\Controller\AppHallController.class.php 第 101 行.
NOTIC: [8] Undefined index: origin_type D:\xampp\htdocs\ydwAPI\Application\Api\Controller\AppHallController.class.php 第 103 行.
SQL: SELECT `company_auth_status` FROM `ydw_user` WHERE `id` = 2807 LIMIT 1   [ RunTime:0.0000s ]
SQL: SELECT `confirm_status` FROM `ydw_company_confirm` WHERE `user_id` = 2807 LIMIT 1   [ RunTime:0.0000s ]
NOTIC: [8] Undefined index: price_type D:\xampp\htdocs\ydwAPI\Application\Api\Controller\AppHallController.class.php 第 99 行.
NOTIC: [8] Undefined index: origin_type D:\xampp\htdocs\ydwAPI\Application\Api\Controller\AppHallController.class.php 第 101 行.
NOTIC: [8] Undefined index: origin_type D:\xampp\htdocs\ydwAPI\Application\Api\Controller\AppHallController.class.php 第 103 行.
SQL: SELECT `company_auth_status` FROM `ydw_user` WHERE `id` = 1044 LIMIT 1   [ RunTime:0.0000s ]
SQL: SELECT `confirm_status` FROM `ydw_company_confirm` WHERE `user_id` = 1044 LIMIT 1   [ RunTime:0.0000s ]
NOTIC: [8] Undefined index: price_type D:\xampp\htdocs\ydwAPI\Application\Api\Controller\AppHallController.class.php 第 99 行.
NOTIC: [8] Undefined index: origin_type D:\xampp\htdocs\ydwAPI\Application\Api\Controller\AppHallController.class.php 第 101 行.
NOTIC: [8] Undefined index: origin_type D:\xampp\htdocs\ydwAPI\Application\Api\Controller\AppHallController.class.php 第 103 行.
SQL: SELECT `company_auth_status` FROM `ydw_user` WHERE `id` = 3446 LIMIT 1   [ RunTime:0.0000s ]
SQL: SELECT `confirm_status` FROM `ydw_company_confirm` WHERE `user_id` = 3446 LIMIT 1   [ RunTime:0.0000s ]
NOTIC: [8] Undefined index: price_type D:\xampp\htdocs\ydwAPI\Application\Api\Controller\AppHallController.class.php 第 99 行.
NOTIC: [8] Undefined index: origin_type D:\xampp\htdocs\ydwAPI\Application\Api\Controller\AppHallController.class.php 第 101 行.
NOTIC: [8] Undefined index: origin_type D:\xampp\htdocs\ydwAPI\Application\Api\Controller\AppHallController.class.php 第 103 行.
SQL: SELECT `company_auth_status` FROM `ydw_user` WHERE `id` = 3446 LIMIT 1   [ RunTime:0.0000s ]
SQL: SELECT `confirm_status` FROM `ydw_company_confirm` WHERE `user_id` = 3446 LIMIT 1   [ RunTime:0.0000s ]
NOTIC: [8] Undefined index: price_type D:\xampp\htdocs\ydwAPI\Application\Api\Controller\AppHallController.class.php 第 99 行.
NOTIC: [8] Undefined index: origin_type D:\xampp\htdocs\ydwAPI\Application\Api\Controller\AppHallController.class.php 第 101 行.
NOTIC: [8] Undefined index: origin_type D:\xampp\htdocs\ydwAPI\Application\Api\Controller\AppHallController.class.php 第 103 行.
SQL: SELECT `company_auth_status` FROM `ydw_user` WHERE `id` = 35 LIMIT 1   [ RunTime:0.0000s ]
SQL: SELECT `confirm_status` FROM `ydw_company_confirm` WHERE `user_id` = 35 LIMIT 1   [ RunTime:0.0000s ]
NOTIC: [8] Undefined index: price_type D:\xampp\htdocs\ydwAPI\Application\Api\Controller\AppHallController.class.php 第 99 行.
NOTIC: [8] Undefined index: origin_type D:\xampp\htdocs\ydwAPI\Application\Api\Controller\AppHallController.class.php 第 101 行.
NOTIC: [8] Undefined index: origin_type D:\xampp\htdocs\ydwAPI\Application\Api\Controller\AppHallController.class.php 第 103 行.
SQL: SELECT `company_auth_status` FROM `ydw_user` WHERE `id` = 3256 LIMIT 1   [ RunTime:0.0000s ]
SQL: SELECT `confirm_status` FROM `ydw_company_confirm` WHERE `user_id` = 3256 LIMIT 1   [ RunTime:0.0000s ]
NOTIC: [8] Undefined index: price_type D:\xampp\htdocs\ydwAPI\Application\Api\Controller\AppHallController.class.php 第 99 行.
NOTIC: [8] Undefined index: origin_type D:\xampp\htdocs\ydwAPI\Application\Api\Controller\AppHallController.class.php 第 101 行.
NOTIC: [8] Undefined index: origin_type D:\xampp\htdocs\ydwAPI\Application\Api\Controller\AppHallController.class.php 第 103 行.
SQL: SELECT `company_auth_status` FROM `ydw_user` WHERE `id` = 91 LIMIT 1   [ RunTime:0.0000s ]
SQL: SELECT `confirm_status` FROM `ydw_company_confirm` WHERE `user_id` = 91 LIMIT 1   [ RunTime:0.0010s ]
NOTIC: [8] Undefined index: price_type D:\xampp\htdocs\ydwAPI\Application\Api\Controller\AppHallController.class.php 第 99 行.
NOTIC: [8] Undefined index: origin_type D:\xampp\htdocs\ydwAPI\Application\Api\Controller\AppHallController.class.php 第 101 行.
NOTIC: [8] Undefined index: origin_type D:\xampp\htdocs\ydwAPI\Application\Api\Controller\AppHallController.class.php 第 103 行.
SQL: SELECT `company_auth_status` FROM `ydw_user` WHERE `id` = 3248 LIMIT 1   [ RunTime:0.0000s ]
SQL: SELECT `confirm_status` FROM `ydw_company_confirm` WHERE `user_id` = 3248 LIMIT 1   [ RunTime:0.0000s ]
NOTIC: [8] Undefined index: price_type D:\xampp\htdocs\ydwAPI\Application\Api\Controller\AppHallController.class.php 第 99 行.
NOTIC: [8] Undefined index: origin_type D:\xampp\htdocs\ydwAPI\Application\Api\Controller\AppHallController.class.php 第 101 行.
NOTIC: [8] Undefined index: origin_type D:\xampp\htdocs\ydwAPI\Application\Api\Controller\AppHallController.class.php 第 103 行.
NOTIC: [2] Missing argument 3 for Api\Controller\BaseController::ajaxDie(), called in D:\xampp\htdocs\ydwAPI\Application\Api\Controller\AppHallController.class.php on line 109 and defined D:\xampp\htdocs\ydwAPI\Application\Api\Controller\BaseController.class.php 第 38 行.
NOTIC: [2] Missing argument 4 for Api\Controller\BaseController::ajaxDie(), called in D:\xampp\htdocs\ydwAPI\Application\Api\Controller\AppHallController.class.php on line 109 and defined D:\xampp\htdocs\ydwAPI\Application\Api\Controller\BaseController.class.php 第 38 行.
NOTIC: [8] Undefined variable: dataHot D:\xampp\htdocs\ydwAPI\Application\Api\Controller\BaseController.class.php 第 44 行.
NOTIC: [8] Undefined variable: sign_status D:\xampp\htdocs\ydwAPI\Application\Api\Controller\BaseController.class.php 第 47 行.

[ 2017-06-19T08:57:28+08:00 ] 192.168.2.42 /ydwAPI/index.php?s=Api/User/login
INFO: [ app_init ] --START--
INFO: Run Behavior\BuildLiteBehavior [ RunTime:0.000000s ]
INFO: Run Common\Behavior\InitHookBehavior [ RunTime:0.003000s ]
INFO: [ app_init ] --END-- [ RunTime:0.004000s ]
INFO: [ app_begin ] --START--
INFO: Run Behavior\ReadHtmlCacheBehavior [ RunTime:0.001000s ]
INFO: [ app_begin ] --END-- [ RunTime:0.001000s ]
SQL: SHOW COLUMNS FROM `ydw_config` [ RunTime:0.0020s ]
SQL: SELECT `type`,`name`,`value` FROM `ydw_config` WHERE `status` = 1  [ RunTime:0.0010s ]
SQL: SHOW COLUMNS FROM `ydw_user` [ RunTime:0.0020s ]
NOTIC: [2] Missing argument 2 for password_md5(), called in D:\xampp\htdocs\ydwAPI\Application\Api\Model\UserModel.class.php on line 50 and defined D:\xampp\htdocs\ydwAPI\Application\Api\Common\function.php 第 8 行.
SQL: SHOW COLUMNS FROM `ydw_mobile_login` [ RunTime:0.0020s ]
SQL: SELECT `uid`,`mobile` FROM `ydw_mobile_login` WHERE `mobile` = '' AND `password` = '' LIMIT 1   [ RunTime:0.0000s ]
SQL: SELECT `id`,`realname` FROM `ydw_user` WHERE `id` = null LIMIT 1   [ RunTime:0.0010s ]
NOTIC: [2] Missing argument 3 for Api\Controller\BaseController::ajaxDie(), called in D:\xampp\htdocs\ydwAPI\Application\Api\Controller\UserController.class.php on line 32 and defined D:\xampp\htdocs\ydwAPI\Application\Api\Controller\BaseController.class.php 第 38 行.
NOTIC: [2] Missing argument 4 for Api\Controller\BaseController::ajaxDie(), called in D:\xampp\htdocs\ydwAPI\Application\Api\Controller\UserController.class.php on line 32 and defined D:\xampp\htdocs\ydwAPI\Application\Api\Controller\BaseController.class.php 第 38 行.
NOTIC: [8] Undefined variable: dataHot D:\xampp\htdocs\ydwAPI\Application\Api\Controller\BaseController.class.php 第 44 行.
NOTIC: [8] Undefined variable: sign_status D:\xampp\htdocs\ydwAPI\Application\Api\Controller\BaseController.class.php 第 47 行.

[ 2017-06-19T08:58:58+08:00 ] 192.168.2.42 /ydwAPI/index.php?s=Api/User/login
INFO: [ app_init ] --START--
INFO: Run Behavior\BuildLiteBehavior [ RunTime:0.000000s ]
INFO: Run Common\Behavior\InitHookBehavior [ RunTime:0.003000s ]
INFO: [ app_init ] --END-- [ RunTime:0.004000s ]
INFO: [ app_begin ] --START--
INFO: Run Behavior\ReadHtmlCacheBehavior [ RunTime:0.001000s ]
INFO: [ app_begin ] --END-- [ RunTime:0.001000s ]
SQL: SHOW COLUMNS FROM `ydw_config` [ RunTime:0.0030s ]
SQL: SELECT `type`,`name`,`value` FROM `ydw_config` WHERE `status` = 1  [ RunTime:0.0000s ]
SQL: SHOW COLUMNS FROM `ydw_user` [ RunTime:0.0030s ]
NOTIC: [2] Missing argument 2 for password_md5(), called in D:\xampp\htdocs\ydwAPI\Application\Api\Model\UserModel.class.php on line 50 and defined D:\xampp\htdocs\ydwAPI\Application\Api\Common\function.php 第 8 行.
SQL: SHOW COLUMNS FROM `ydw_mobile_login` [ RunTime:0.0030s ]
SQL: SELECT `uid`,`mobile` FROM `ydw_mobile_login` WHERE `mobile` = '15638215985' AND `password` = 'edec6b2cc7a115cd5ba5e2507a8d1769' LIMIT 1   [ RunTime:0.0000s ]
SQL: SELECT `id`,`realname` FROM `ydw_user` WHERE `id` = null LIMIT 1   [ RunTime:0.0000s ]
NOTIC: [2] Missing argument 3 for Api\Controller\BaseController::ajaxDie(), called in D:\xampp\htdocs\ydwAPI\Application\Api\Controller\UserController.class.php on line 32 and defined D:\xampp\htdocs\ydwAPI\Application\Api\Controller\BaseController.class.php 第 38 行.
NOTIC: [2] Missing argument 4 for Api\Controller\BaseController::ajaxDie(), called in D:\xampp\htdocs\ydwAPI\Application\Api\Controller\UserController.class.php on line 32 and defined D:\xampp\htdocs\ydwAPI\Application\Api\Controller\BaseController.class.php 第 38 行.
NOTIC: [8] Undefined variable: dataHot D:\xampp\htdocs\ydwAPI\Application\Api\Controller\BaseController.class.php 第 44 行.
NOTIC: [8] Undefined variable: sign_status D:\xampp\htdocs\ydwAPI\Application\Api\Controller\BaseController.class.php 第 47 行.

[ 2017-06-19T08:59:04+08:00 ] 192.168.2.42 /ydwAPI/index.php?s=Api/User/login
INFO: [ app_init ] --START--
INFO: Run Behavior\BuildLiteBehavior [ RunTime:0.000000s ]
INFO: Run Common\Behavior\InitHookBehavior [ RunTime:0.001000s ]
INFO: [ app_init ] --END-- [ RunTime:0.001000s ]
INFO: [ app_begin ] --START--
INFO: Run Behavior\ReadHtmlCacheBehavior [ RunTime:0.001000s ]
INFO: [ app_begin ] --END-- [ RunTime:0.001000s ]
SQL: SHOW COLUMNS FROM `ydw_config` [ RunTime:0.0020s ]
SQL: SELECT `type`,`name`,`value` FROM `ydw_config` WHERE `status` = 1  [ RunTime:0.0010s ]
INFO: [ app_end ] --START--
INFO: Run Behavior\ShowPageTraceBehavior [ RunTime:0.001000s ]
INFO: [ app_end ] --END-- [ RunTime:0.001000s ]

[ 2017-06-19T08:59:53+08:00 ] 192.168.2.42 /ydwAPI/index.php?s=Api/User/login
INFO: [ app_init ] --START--
INFO: Run Behavior\BuildLiteBehavior [ RunTime:0.000000s ]
INFO: Run Common\Behavior\InitHookBehavior [ RunTime:0.001000s ]
INFO: [ app_init ] --END-- [ RunTime:0.002000s ]
INFO: [ app_begin ] --START--
INFO: Run Behavior\ReadHtmlCacheBehavior [ RunTime:0.001000s ]
INFO: [ app_begin ] --END-- [ RunTime:0.001000s ]
SQL: SHOW COLUMNS FROM `ydw_config` [ RunTime:0.0020s ]
SQL: SELECT `type`,`name`,`value` FROM `ydw_config` WHERE `status` = 1  [ RunTime:0.0000s ]
SQL: SHOW COLUMNS FROM `ydw_user` [ RunTime:0.0020s ]
NOTIC: [2] Missing argument 2 for password_md5(), called in D:\xampp\htdocs\ydwAPI\Application\Api\Model\UserModel.class.php on line 50 and defined D:\xampp\htdocs\ydwAPI\Application\Api\Common\function.php 第 8 行.
SQL: SHOW COLUMNS FROM `ydw_mobile_login` [ RunTime:0.0020s ]
SQL: SELECT `uid`,`mobile` FROM `ydw_mobile_login` WHERE `mobile` = '15638215985' AND `password` = '6b6d2e5aff73279d8a9c194e18138ae8' LIMIT 1   [ RunTime:0.0000s ]
SQL: SELECT `id`,`realname` FROM `ydw_user` WHERE `id` = null LIMIT 1   [ RunTime:0.0010s ]
NOTIC: [2] Missing argument 3 for Api\Controller\BaseController::ajaxDie(), called in D:\xampp\htdocs\ydwAPI\Application\Api\Controller\UserController.class.php on line 32 and defined D:\xampp\htdocs\ydwAPI\Application\Api\Controller\BaseController.class.php 第 38 行.
NOTIC: [2] Missing argument 4 for Api\Controller\BaseController::ajaxDie(), called in D:\xampp\htdocs\ydwAPI\Application\Api\Controller\UserController.class.php on line 32 and defined D:\xampp\htdocs\ydwAPI\Application\Api\Controller\BaseController.class.php 第 38 行.
NOTIC: [8] Undefined variable: dataHot D:\xampp\htdocs\ydwAPI\Application\Api\Controller\BaseController.class.php 第 44 行.
NOTIC: [8] Undefined variable: sign_status D:\xampp\htdocs\ydwAPI\Application\Api\Controller\BaseController.class.php 第 47 行.

[ 2017-06-19T09:00:44+08:00 ] 192.168.2.42 /ydwAPI/index.php?s=Api/User/login
INFO: [ app_init ] --START--
INFO: Run Behavior\BuildLiteBehavior [ RunTime:0.000000s ]
INFO: Run Common\Behavior\InitHookBehavior [ RunTime:0.003000s ]
INFO: [ app_init ] --END-- [ RunTime:0.003000s ]
INFO: [ app_begin ] --START--
INFO: Run Behavior\ReadHtmlCacheBehavior [ RunTime:0.000000s ]
INFO: [ app_begin ] --END-- [ RunTime:0.000000s ]
SQL: SHOW COLUMNS FROM `ydw_config` [ RunTime:0.0020s ]
SQL: SELECT `type`,`name`,`value` FROM `ydw_config` WHERE `status` = 1  [ RunTime:0.0010s ]
NOTIC: [2] Missing argument 3 for Api\Controller\BaseController::ajaxDie(), called in D:\xampp\htdocs\ydwAPI\Application\Api\Controller\UserController.class.php on line 13 and defined D:\xampp\htdocs\ydwAPI\Application\Api\Controller\BaseController.class.php 第 38 行.
NOTIC: [2] Missing argument 4 for Api\Controller\BaseController::ajaxDie(), called in D:\xampp\htdocs\ydwAPI\Application\Api\Controller\UserController.class.php on line 13 and defined D:\xampp\htdocs\ydwAPI\Application\Api\Controller\BaseController.class.php 第 38 行.
NOTIC: [8] Undefined variable: dataHot D:\xampp\htdocs\ydwAPI\Application\Api\Controller\BaseController.class.php 第 44 行.
NOTIC: [8] Undefined variable: sign_status D:\xampp\htdocs\ydwAPI\Application\Api\Controller\BaseController.class.php 第 47 行.

[ 2017-06-19T09:00:46+08:00 ] 192.168.2.42 /ydwAPI/index.php?s=Api/AppHall/demand_hall
INFO: [ app_init ] --START--
INFO: Run Behavior\BuildLiteBehavior [ RunTime:0.000000s ]
INFO: Run Common\Behavior\InitHookBehavior [ RunTime:0.002000s ]
INFO: [ app_init ] --END-- [ RunTime:0.002000s ]
INFO: [ app_begin ] --START--
INFO: Run Behavior\ReadHtmlCacheBehavior [ RunTime:0.000000s ]
INFO: [ app_begin ] --END-- [ RunTime:0.000000s ]
SQL: SHOW COLUMNS FROM `ydw_config` [ RunTime:0.0020s ]
SQL: SELECT `type`,`name`,`value` FROM `ydw_config` WHERE `status` = 1  [ RunTime:0.0000s ]
SQL: SHOW COLUMNS FROM `ydw_demand` [ RunTime:0.0020s ]
SQL: SELECT `id`,`uid`,`cate_id`,`cate_name`,`goods_id`,`goods_name`,`goods_attr_id`,`goods_attr_name`,`num`,`contacts`,`mobile`,`mobile_show` FROM `ydw_demand` WHERE `status` NOT IN ('-1') ORDER BY id desc LIMIT 20   [ RunTime:0.0010s ]
SQL: SHOW COLUMNS FROM `ydw_user` [ RunTime:0.0020s ]
SQL: SELECT `company_auth_status` FROM `ydw_user` WHERE `id` = 3501 LIMIT 1   [ RunTime:0.0000s ]
SQL: SHOW COLUMNS FROM `ydw_company_confirm` [ RunTime:0.0020s ]
SQL: SELECT `confirm_status` FROM `ydw_company_confirm` WHERE `user_id` = 3501 LIMIT 1   [ RunTime:0.0000s ]
NOTIC: [8] Undefined index: price_type D:\xampp\htdocs\ydwAPI\Application\Api\Controller\AppHallController.class.php 第 99 行.
NOTIC: [8] Undefined index: origin_type D:\xampp\htdocs\ydwAPI\Application\Api\Controller\AppHallController.class.php 第 101 行.
NOTIC: [8] Undefined index: origin_type D:\xampp\htdocs\ydwAPI\Application\Api\Controller\AppHallController.class.php 第 103 行.
SQL: SELECT `company_auth_status` FROM `ydw_user` WHERE `id` = 3501 LIMIT 1   [ RunTime:0.0000s ]
SQL: SELECT `confirm_status` FROM `ydw_company_confirm` WHERE `user_id` = 3501 LIMIT 1   [ RunTime:0.0010s ]
NOTIC: [8] Undefined index: price_type D:\xampp\htdocs\ydwAPI\Application\Api\Controller\AppHallController.class.php 第 99 行.
NOTIC: [8] Undefined index: origin_type D:\xampp\htdocs\ydwAPI\Application\Api\Controller\AppHallController.class.php 第 101 行.
NOTIC: [8] Undefined index: origin_type D:\xampp\htdocs\ydwAPI\Application\Api\Controller\AppHallController.class.php 第 103 行.
SQL: SELECT `company_auth_status` FROM `ydw_user` WHERE `id` = 3501 LIMIT 1   [ RunTime:0.0000s ]
SQL: SELECT `confirm_status` FROM `ydw_company_confirm` WHERE `user_id` = 3501 LIMIT 1   [ RunTime:0.0000s ]
NOTIC: [8] Undefined index: price_type D:\xampp\htdocs\ydwAPI\Application\Api\Controller\AppHallController.class.php 第 99 行.
NOTIC: [8] Undefined index: origin_type D:\xampp\htdocs\ydwAPI\Application\Api\Controller\AppHallController.class.php 第 101 行.
NOTIC: [8] Undefined index: origin_type D:\xampp\htdocs\ydwAPI\Application\Api\Controller\AppHallController.class.php 第 103 行.
SQL: SELECT `company_auth_status` FROM `ydw_user` WHERE `id` = 3501 LIMIT 1   [ RunTime:0.0010s ]
SQL: SELECT `confirm_status` FROM `ydw_company_confirm` WHERE `user_id` = 3501 LIMIT 1   [ RunTime:0.0000s ]
NOTIC: [8] Undefined index: price_type D:\xampp\htdocs\ydwAPI\Application\Api\Controller\AppHallController.class.php 第 99 行.
NOTIC: [8] Undefined index: origin_type D:\xampp\htdocs\ydwAPI\Application\Api\Controller\AppHallController.class.php 第 101 行.
NOTIC: [8] Undefined index: origin_type D:\xampp\htdocs\ydwAPI\Application\Api\Controller\AppHallController.class.php 第 103 行.
SQL: SELECT `company_auth_status` FROM `ydw_user` WHERE `id` = 3501 LIMIT 1   [ RunTime:0.0000s ]
SQL: SELECT `confirm_status` FROM `ydw_company_confirm` WHERE `user_id` = 3501 LIMIT 1   [ RunTime:0.0000s ]
NOTIC: [8] Undefined index: price_type D:\xampp\htdocs\ydwAPI\Application\Api\Controller\AppHallController.class.php 第 99 行.
NOTIC: [8] Undefined index: origin_type D:\xampp\htdocs\ydwAPI\Application\Api\Controller\AppHallController.class.php 第 101 行.
NOTIC: [8] Undefined index: origin_type D:\xampp\htdocs\ydwAPI\Application\Api\Controller\AppHallController.class.php 第 103 行.
SQL: SELECT `company_auth_status` FROM `ydw_user` WHERE `id` = 3501 LIMIT 1   [ RunTime:0.0010s ]
SQL: SELECT `confirm_status` FROM `ydw_company_confirm` WHERE `user_id` = 3501 LIMIT 1   [ RunTime:0.0000s ]
NOTIC: [8] Undefined index: price_type D:\xampp\htdocs\ydwAPI\Application\Api\Controller\AppHallController.class.php 第 99 行.
NOTIC: [8] Undefined index: origin_type D:\xampp\htdocs\ydwAPI\Application\Api\Controller\AppHallController.class.php 第 101 行.
NOTIC: [8] Undefined index: origin_type D:\xampp\htdocs\ydwAPI\Application\Api\Controller\AppHallController.class.php 第 103 行.
SQL: SELECT `company_auth_status` FROM `ydw_user` WHERE `id` = 3550 LIMIT 1   [ RunTime:0.0000s ]
SQL: SELECT `confirm_status` FROM `ydw_company_confirm` WHERE `user_id` = 3550 LIMIT 1   [ RunTime:0.0000s ]
NOTIC: [8] Undefined index: price_type D:\xampp\htdocs\ydwAPI\Application\Api\Controller\AppHallController.class.php 第 99 行.
NOTIC: [8] Undefined index: origin_type D:\xampp\htdocs\ydwAPI\Application\Api\Controller\AppHallController.class.php 第 101 行.
NOTIC: [8] Undefined index: origin_type D:\xampp\htdocs\ydwAPI\Application\Api\Controller\AppHallController.class.php 第 103 行.
SQL: SELECT `company_auth_status` FROM `ydw_user` WHERE `id` = 289 LIMIT 1   [ RunTime:0.0000s ]
SQL: SELECT `confirm_status` FROM `ydw_company_confirm` WHERE `user_id` = 289 LIMIT 1   [ RunTime:0.0000s ]
NOTIC: [8] Undefined index: price_type D:\xampp\htdocs\ydwAPI\Application\Api\Controller\AppHallController.class.php 第 99 行.
NOTIC: [8] Undefined index: origin_type D:\xampp\htdocs\ydwAPI\Application\Api\Controller\AppHallController.class.php 第 101 行.
NOTIC: [8] Undefined index: origin_type D:\xampp\htdocs\ydwAPI\Application\Api\Controller\AppHallController.class.php 第 103 行.
SQL: SELECT `company_auth_status` FROM `ydw_user` WHERE `id` = 35 LIMIT 1   [ RunTime:0.0000s ]
SQL: SELECT `confirm_status` FROM `ydw_company_confirm` WHERE `user_id` = 35 LIMIT 1   [ RunTime:0.0010s ]
NOTIC: [8] Undefined index: price_type D:\xampp\htdocs\ydwAPI\Application\Api\Controller\AppHallController.class.php 第 99 行.
NOTIC: [8] Undefined index: origin_type D:\xampp\htdocs\ydwAPI\Application\Api\Controller\AppHallController.class.php 第 101 行.
NOTIC: [8] Undefined index: origin_type D:\xampp\htdocs\ydwAPI\Application\Api\Controller\AppHallController.class.php 第 103 行.
SQL: SELECT `company_auth_status` FROM `ydw_user` WHERE `id` = 3501 LIMIT 1   [ RunTime:0.0000s ]
SQL: SELECT `confirm_status` FROM `ydw_company_confirm` WHERE `user_id` = 3501 LIMIT 1   [ RunTime:0.0000s ]
NOTIC: [8] Undefined index: price_type D:\xampp\htdocs\ydwAPI\Application\Api\Controller\AppHallController.class.php 第 99 行.
NOTIC: [8] Undefined index: origin_type D:\xampp\htdocs\ydwAPI\Application\Api\Controller\AppHallController.class.php 第 101 行.
NOTIC: [8] Undefined index: origin_type D:\xampp\htdocs\ydwAPI\Application\Api\Controller\AppHallController.class.php 第 103 行.
SQL: SELECT `company_auth_status` FROM `ydw_user` WHERE `id` = 3501 LIMIT 1   [ RunTime:0.0000s ]
SQL: SELECT `confirm_status` FROM `ydw_company_confirm` WHERE `user_id` = 3501 LIMIT 1   [ RunTime:0.0010s ]
NOTIC: [8] Undefined index: price_type D:\xampp\htdocs\ydwAPI\Application\Api\Controller\AppHallController.class.php 第 99 行.
NOTIC: [8] Undefined index: origin_type D:\xampp\htdocs\ydwAPI\Application\Api\Controller\AppHallController.class.php 第 101 行.
NOTIC: [8] Undefined index: origin_type D:\xampp\htdocs\ydwAPI\Application\Api\Controller\AppHallController.class.php 第 103 行.
SQL: SELECT `company_auth_status` FROM `ydw_user` WHERE `id` = 3501 LIMIT 1   [ RunTime:0.0000s ]
SQL: SELECT `confirm_status` FROM `ydw_company_confirm` WHERE `user_id` = 3501 LIMIT 1   [ RunTime:0.0000s ]
NOTIC: [8] Undefined index: price_type D:\xampp\htdocs\ydwAPI\Application\Api\Controller\AppHallController.class.php 第 99 行.
NOTIC: [8] Undefined index: origin_type D:\xampp\htdocs\ydwAPI\Application\Api\Controller\AppHallController.class.php 第 101 行.
NOTIC: [8] Undefined index: origin_type D:\xampp\htdocs\ydwAPI\Application\Api\Controller\AppHallController.class.php 第 103 行.
SQL: SELECT `company_auth_status` FROM `ydw_user` WHERE `id` = 2807 LIMIT 1   [ RunTime:0.0000s ]
SQL: SELECT `confirm_status` FROM `ydw_company_confirm` WHERE `user_id` = 2807 LIMIT 1   [ RunTime:0.0000s ]
NOTIC: [8] Undefined index: price_type D:\xampp\htdocs\ydwAPI\Application\Api\Controller\AppHallController.class.php 第 99 行.
NOTIC: [8] Undefined index: origin_type D:\xampp\htdocs\ydwAPI\Application\Api\Controller\AppHallController.class.php 第 101 行.
NOTIC: [8] Undefined index: origin_type D:\xampp\htdocs\ydwAPI\Application\Api\Controller\AppHallController.class.php 第 103 行.
SQL: SELECT `company_auth_status` FROM `ydw_user` WHERE `id` = 1044 LIMIT 1   [ RunTime:0.0000s ]
SQL: SELECT `confirm_status` FROM `ydw_company_confirm` WHERE `user_id` = 1044 LIMIT 1   [ RunTime:0.0000s ]
NOTIC: [8] Undefined index: price_type D:\xampp\htdocs\ydwAPI\Application\Api\Controller\AppHallController.class.php 第 99 行.
NOTIC: [8] Undefined index: origin_type D:\xampp\htdocs\ydwAPI\Application\Api\Controller\AppHallController.class.php 第 101 行.
NOTIC: [8] Undefined index: origin_type D:\xampp\htdocs\ydwAPI\Application\Api\Controller\AppHallController.class.php 第 103 行.
SQL: SELECT `company_auth_status` FROM `ydw_user` WHERE `id` = 3446 LIMIT 1   [ RunTime:0.0010s ]
SQL: SELECT `confirm_status` FROM `ydw_company_confirm` WHERE `user_id` = 3446 LIMIT 1   [ RunTime:0.0000s ]
NOTIC: [8] Undefined index: price_type D:\xampp\htdocs\ydwAPI\Application\Api\Controller\AppHallController.class.php 第 99 行.
NOTIC: [8] Undefined index: origin_type D:\xampp\htdocs\ydwAPI\Application\Api\Controller\AppHallController.class.php 第 101 行.
NOTIC: [8] Undefined index: origin_type D:\xampp\htdocs\ydwAPI\Application\Api\Controller\AppHallController.class.php 第 103 行.
SQL: SELECT `company_auth_status` FROM `ydw_user` WHERE `id` = 3446 LIMIT 1   [ RunTime:0.0000s ]
SQL: SELECT `confirm_status` FROM `ydw_company_confirm` WHERE `user_id` = 3446 LIMIT 1   [ RunTime:0.0000s ]
NOTIC: [8] Undefined index: price_type D:\xampp\htdocs\ydwAPI\Application\Api\Controller\AppHallController.class.php 第 99 行.
NOTIC: [8] Undefined index: origin_type D:\xampp\htdocs\ydwAPI\Application\Api\Controller\AppHallController.class.php 第 101 行.
NOTIC: [8] Undefined index: origin_type D:\xampp\htdocs\ydwAPI\Application\Api\Controller\AppHallController.class.php 第 103 行.
SQL: SELECT `company_auth_status` FROM `ydw_user` WHERE `id` = 35 LIMIT 1   [ RunTime:0.0010s ]
SQL: SELECT `confirm_status` FROM `ydw_company_confirm` WHERE `user_id` = 35 LIMIT 1   [ RunTime:0.0000s ]
NOTIC: [8] Undefined index: price_type D:\xampp\htdocs\ydwAPI\Application\Api\Controller\AppHallController.class.php 第 99 行.
NOTIC: [8] Undefined index: origin_type D:\xampp\htdocs\ydwAPI\Application\Api\Controller\AppHallController.class.php 第 101 行.
NOTIC: [8] Undefined index: origin_type D:\xampp\htdocs\ydwAPI\Application\Api\Controller\AppHallController.class.php 第 103 行.
SQL: SELECT `company_auth_status` FROM `ydw_user` WHERE `id` = 3256 LIMIT 1   [ RunTime:0.0000s ]
SQL: SELECT `confirm_status` FROM `ydw_company_confirm` WHERE `user_id` = 3256 LIMIT 1   [ RunTime:0.0000s ]
NOTIC: [8] Undefined index: price_type D:\xampp\htdocs\ydwAPI\Application\Api\Controller\AppHallController.class.php 第 99 行.
NOTIC: [8] Undefined index: origin_type D:\xampp\htdocs\ydwAPI\Application\Api\Controller\AppHallController.class.php 第 101 行.
NOTIC: [8] Undefined index: origin_type D:\xampp\htdocs\ydwAPI\Application\Api\Controller\AppHallController.class.php 第 103 行.
SQL: SELECT `company_auth_status` FROM `ydw_user` WHERE `id` = 91 LIMIT 1   [ RunTime:0.0010s ]
SQL: SELECT `confirm_status` FROM `ydw_company_confirm` WHERE `user_id` = 91 LIMIT 1   [ RunTime:0.0000s ]
NOTIC: [8] Undefined index: price_type D:\xampp\htdocs\ydwAPI\Application\Api\Controller\AppHallController.class.php 第 99 行.
NOTIC: [8] Undefined index: origin_type D:\xampp\htdocs\ydwAPI\Application\Api\Controller\AppHallController.class.php 第 101 行.
NOTIC: [8] Undefined index: origin_type D:\xampp\htdocs\ydwAPI\Application\Api\Controller\AppHallController.class.php 第 103 行.
SQL: SELECT `company_auth_status` FROM `ydw_user` WHERE `id` = 3248 LIMIT 1   [ RunTime:0.0000s ]
SQL: SELECT `confirm_status` FROM `ydw_company_confirm` WHERE `user_id` = 3248 LIMIT 1   [ RunTime:0.0000s ]
NOTIC: [8] Undefined index: price_type D:\xampp\htdocs\ydwAPI\Application\Api\Controller\AppHallController.class.php 第 99 行.
NOTIC: [8] Undefined index: origin_type D:\xampp\htdocs\ydwAPI\Application\Api\Controller\AppHallController.class.php 第 101 行.
NOTIC: [8] Undefined index: origin_type D:\xampp\htdocs\ydwAPI\Application\Api\Controller\AppHallController.class.php 第 103 行.
NOTIC: [2] Missing argument 3 for Api\Controller\BaseController::ajaxDie(), called in D:\xampp\htdocs\ydwAPI\Application\Api\Controller\AppHallController.class.php on line 109 and defined D:\xampp\htdocs\ydwAPI\Application\Api\Controller\BaseController.class.php 第 38 行.
NOTIC: [2] Missing argument 4 for Api\Controller\BaseController::ajaxDie(), called in D:\xampp\htdocs\ydwAPI\Application\Api\Controller\AppHallController.class.php on line 109 and defined D:\xampp\htdocs\ydwAPI\Application\Api\Controller\BaseController.class.php 第 38 行.
NOTIC: [8] Undefined variable: dataHot D:\xampp\htdocs\ydwAPI\Application\Api\Controller\BaseController.class.php 第 44 行.
NOTIC: [8] Undefined variable: sign_status D:\xampp\htdocs\ydwAPI\Application\Api\Controller\BaseController.class.php 第 47 行.

[ 2017-06-19T09:00:59+08:00 ] 192.168.2.42 /ydwAPI/index.php?s=Api/User/login
INFO: [ app_init ] --START--
INFO: Run Behavior\BuildLiteBehavior [ RunTime:0.000000s ]
INFO: Run Common\Behavior\InitHookBehavior [ RunTime:0.003000s ]
INFO: [ app_init ] --END-- [ RunTime:0.003000s ]
INFO: [ app_begin ] --START--
INFO: Run Behavior\ReadHtmlCacheBehavior [ RunTime:0.001000s ]
INFO: [ app_begin ] --END-- [ RunTime:0.001000s ]
SQL: SHOW COLUMNS FROM `ydw_config` [ RunTime:0.0020s ]
SQL: SELECT `type`,`name`,`value` FROM `ydw_config` WHERE `status` = 1  [ RunTime:0.0000s ]
NOTIC: [2] Missing argument 3 for Api\Controller\BaseController::ajaxDie(), called in D:\xampp\htdocs\ydwAPI\Application\Api\Controller\UserController.class.php on line 13 and defined D:\xampp\htdocs\ydwAPI\Application\Api\Controller\BaseController.class.php 第 38 行.
NOTIC: [2] Missing argument 4 for Api\Controller\BaseController::ajaxDie(), called in D:\xampp\htdocs\ydwAPI\Application\Api\Controller\UserController.class.php on line 13 and defined D:\xampp\htdocs\ydwAPI\Application\Api\Controller\BaseController.class.php 第 38 行.
NOTIC: [8] Undefined variable: dataHot D:\xampp\htdocs\ydwAPI\Application\Api\Controller\BaseController.class.php 第 44 行.
NOTIC: [8] Undefined variable: sign_status D:\xampp\htdocs\ydwAPI\Application\Api\Controller\BaseController.class.php 第 47 行.

[ 2017-06-19T09:01:10+08:00 ] 192.168.2.42 /ydwAPI/index.php?s=Api/User/login
INFO: [ app_init ] --START--
INFO: Run Behavior\BuildLiteBehavior [ RunTime:0.000000s ]
INFO: Run Common\Behavior\InitHookBehavior [ RunTime:0.000000s ]
INFO: [ app_init ] --END-- [ RunTime:0.000000s ]
INFO: [ app_begin ] --START--
INFO: Run Behavior\ReadHtmlCacheBehavior [ RunTime:0.000000s ]
INFO: [ app_begin ] --END-- [ RunTime:0.000000s ]
SQL: SHOW COLUMNS FROM `ydw_config` [ RunTime:0.0050s ]
SQL: SELECT `type`,`name`,`value` FROM `ydw_config` WHERE `status` = 1  [ RunTime:0.0000s ]
NOTIC: [2] Missing argument 3 for Api\Controller\BaseController::ajaxDie(), called in D:\xampp\htdocs\ydwAPI\Application\Api\Controller\UserController.class.php on line 13 and defined D:\xampp\htdocs\ydwAPI\Application\Api\Controller\BaseController.class.php 第 38 行.
NOTIC: [2] Missing argument 4 for Api\Controller\BaseController::ajaxDie(), called in D:\xampp\htdocs\ydwAPI\Application\Api\Controller\UserController.class.php on line 13 and defined D:\xampp\htdocs\ydwAPI\Application\Api\Controller\BaseController.class.php 第 38 行.
NOTIC: [8] Undefined variable: dataHot D:\xampp\htdocs\ydwAPI\Application\Api\Controller\BaseController.class.php 第 44 行.
NOTIC: [8] Undefined variable: sign_status D:\xampp\htdocs\ydwAPI\Application\Api\Controller\BaseController.class.php 第 47 行.

[ 2017-06-19T09:02:27+08:00 ] 192.168.2.42 /ydwAPI/index.php?s=Api/User/login
INFO: [ app_init ] --START--
INFO: Run Behavior\BuildLiteBehavior [ RunTime:0.000000s ]
INFO: Run Common\Behavior\InitHookBehavior [ RunTime:0.002000s ]
INFO: [ app_init ] --END-- [ RunTime:0.002000s ]
INFO: [ app_begin ] --START--
INFO: Run Behavior\ReadHtmlCacheBehavior [ RunTime:0.001000s ]
INFO: [ app_begin ] --END-- [ RunTime:0.001000s ]
SQL: SHOW COLUMNS FROM `ydw_config` [ RunTime:0.0030s ]
SQL: SELECT `type`,`name`,`value` FROM `ydw_config` WHERE `status` = 1  [ RunTime:0.0000s ]
SQL: SHOW COLUMNS FROM `ydw_user` [ RunTime:0.0000s ]
NOTIC: [2] Missing argument 2 for password_md5(), called in D:\xampp\htdocs\ydwAPI\Application\Api\Model\UserModel.class.php on line 50 and defined D:\xampp\htdocs\ydwAPI\Application\Api\Common\function.php 第 8 行.
SQL: SHOW COLUMNS FROM `ydw_mobile_login` [ RunTime:0.0000s ]
SQL: SELECT `uid`,`mobile` FROM `ydw_mobile_login` WHERE `mobile` = '' AND `password` = '' LIMIT 1   [ RunTime:0.0000s ]
SQL: SELECT `id`,`realname` FROM `ydw_user` WHERE `id` = null LIMIT 1   [ RunTime:0.0000s ]
NOTIC: [2] Missing argument 3 for Api\Controller\BaseController::ajaxDie(), called in D:\xampp\htdocs\ydwAPI\Application\Api\Controller\UserController.class.php on line 30 and defined D:\xampp\htdocs\ydwAPI\Application\Api\Controller\BaseController.class.php 第 38 行.
NOTIC: [2] Missing argument 4 for Api\Controller\BaseController::ajaxDie(), called in D:\xampp\htdocs\ydwAPI\Application\Api\Controller\UserController.class.php on line 30 and defined D:\xampp\htdocs\ydwAPI\Application\Api\Controller\BaseController.class.php 第 38 行.
NOTIC: [8] Undefined variable: dataHot D:\xampp\htdocs\ydwAPI\Application\Api\Controller\BaseController.class.php 第 44 行.
NOTIC: [8] Undefined variable: sign_status D:\xampp\htdocs\ydwAPI\Application\Api\Controller\BaseController.class.php 第 47 行.

[ 2017-06-19T09:02:51+08:00 ] 192.168.2.42 /ydwAPI/index.php?s=Api/User/login
INFO: [ app_init ] --START--
INFO: Run Behavior\BuildLiteBehavior [ RunTime:0.000000s ]
INFO: Run Common\Behavior\InitHookBehavior [ RunTime:0.001000s ]
INFO: [ app_init ] --END-- [ RunTime:0.001000s ]
INFO: [ app_begin ] --START--
INFO: Run Behavior\ReadHtmlCacheBehavior [ RunTime:0.001000s ]
INFO: [ app_begin ] --END-- [ RunTime:0.001000s ]
SQL: SHOW COLUMNS FROM `ydw_config` [ RunTime:0.0020s ]
SQL: SELECT `type`,`name`,`value` FROM `ydw_config` WHERE `status` = 1  [ RunTime:0.0010s ]
SQL: SHOW COLUMNS FROM `ydw_user` [ RunTime:0.0020s ]
NOTIC: [2] Missing argument 2 for password_md5(), called in D:\xampp\htdocs\ydwAPI\Application\Api\Model\UserModel.class.php on line 50 and defined D:\xampp\htdocs\ydwAPI\Application\Api\Common\function.php 第 8 行.
SQL: SHOW COLUMNS FROM `ydw_mobile_login` [ RunTime:0.0020s ]
SQL: SELECT `uid`,`mobile` FROM `ydw_mobile_login` WHERE `mobile` = '15638215985' AND `password` = '36f544637e00d3bf074ff7ee3f6453b1' LIMIT 1   [ RunTime:0.0010s ]
SQL: SELECT `id`,`realname` FROM `ydw_user` WHERE `id` = null LIMIT 1   [ RunTime:0.0000s ]
NOTIC: [2] Missing argument 3 for Api\Controller\BaseController::ajaxDie(), called in D:\xampp\htdocs\ydwAPI\Application\Api\Controller\UserController.class.php on line 30 and defined D:\xampp\htdocs\ydwAPI\Application\Api\Controller\BaseController.class.php 第 38 行.
NOTIC: [2] Missing argument 4 for Api\Controller\BaseController::ajaxDie(), called in D:\xampp\htdocs\ydwAPI\Application\Api\Controller\UserController.class.php on line 30 and defined D:\xampp\htdocs\ydwAPI\Application\Api\Controller\BaseController.class.php 第 38 行.
NOTIC: [8] Undefined variable: dataHot D:\xampp\htdocs\ydwAPI\Application\Api\Controller\BaseController.class.php 第 44 行.
NOTIC: [8] Undefined variable: sign_status D:\xampp\htdocs\ydwAPI\Application\Api\Controller\BaseController.class.php 第 47 行.

[ 2017-06-19T09:03:11+08:00 ] 192.168.2.42 /ydwAPI/index.php?s=Api/User/login
INFO: [ app_init ] --START--
INFO: Run Behavior\BuildLiteBehavior [ RunTime:0.000000s ]
INFO: Run Common\Behavior\InitHookBehavior [ RunTime:0.000000s ]
INFO: [ app_init ] --END-- [ RunTime:0.000000s ]
INFO: [ app_begin ] --START--
INFO: Run Behavior\ReadHtmlCacheBehavior [ RunTime:0.000000s ]
INFO: [ app_begin ] --END-- [ RunTime:0.000000s ]
SQL: SHOW COLUMNS FROM `ydw_config` [ RunTime:0.0020s ]
SQL: SELECT `type`,`name`,`value` FROM `ydw_config` WHERE `status` = 1  [ RunTime:0.0000s ]
SQL: SHOW COLUMNS FROM `ydw_user` [ RunTime:0.0000s ]
NOTIC: [2] Missing argument 2 for password_md5(), called in D:\xampp\htdocs\ydwAPI\Application\Api\Model\UserModel.class.php on line 50 and defined D:\xampp\htdocs\ydwAPI\Application\Api\Common\function.php 第 8 行.
SQL: SHOW COLUMNS FROM `ydw_mobile_login` [ RunTime:0.0000s ]
SQL: SELECT `uid`,`mobile` FROM `ydw_mobile_login` WHERE `mobile` = '15638215985' AND `password` = 'ea75b1fd6ef80f4d60848c053b80521d' LIMIT 1   [ RunTime:0.0000s ]
SQL: SELECT `id`,`realname` FROM `ydw_user` WHERE `id` = 3 LIMIT 1   [ RunTime:0.0000s ]
SQL: UPDATE `ydw_user` SET `last_login_time`='1497834191',`token`='780cc7cdb8a6cd36186f0431aa13b5c7' WHERE ( id=3 ) [ RunTime:0.0000s ]
NOTIC: [2] Missing argument 3 for Api\Controller\BaseController::ajaxDie(), called in D:\xampp\htdocs\ydwAPI\Application\Api\Controller\UserController.class.php on line 31 and defined D:\xampp\htdocs\ydwAPI\Application\Api\Controller\BaseController.class.php 第 38 行.
NOTIC: [2] Missing argument 4 for Api\Controller\BaseController::ajaxDie(), called in D:\xampp\htdocs\ydwAPI\Application\Api\Controller\UserController.class.php on line 31 and defined D:\xampp\htdocs\ydwAPI\Application\Api\Controller\BaseController.class.php 第 38 行.
NOTIC: [8] Undefined variable: dataHot D:\xampp\htdocs\ydwAPI\Application\Api\Controller\BaseController.class.php 第 44 行.
NOTIC: [8] Undefined variable: sign_status D:\xampp\htdocs\ydwAPI\Application\Api\Controller\BaseController.class.php 第 47 行.

[ 2017-06-19T09:03:13+08:00 ] 192.168.2.42 /ydwAPI/index.php?s=Api/AppHall/demand_hall
INFO: [ app_init ] --START--
INFO: Run Behavior\BuildLiteBehavior [ RunTime:0.000000s ]
INFO: Run Common\Behavior\InitHookBehavior [ RunTime:0.001000s ]
INFO: [ app_init ] --END-- [ RunTime:0.002000s ]
INFO: [ app_begin ] --START--
INFO: Run Behavior\ReadHtmlCacheBehavior [ RunTime:0.000000s ]
INFO: [ app_begin ] --END-- [ RunTime:0.000000s ]
SQL: SHOW COLUMNS FROM `ydw_config` [ RunTime:0.0020s ]
SQL: SELECT `type`,`name`,`value` FROM `ydw_config` WHERE `status` = 1  [ RunTime:0.0000s ]
SQL: SHOW COLUMNS FROM `ydw_demand` [ RunTime:0.0030s ]
SQL: SELECT `id`,`uid`,`cate_id`,`cate_name`,`goods_id`,`goods_name`,`goods_attr_id`,`goods_attr_name`,`num`,`contacts`,`mobile`,`mobile_show` FROM `ydw_demand` WHERE `status` NOT IN ('-1') ORDER BY id desc LIMIT 20   [ RunTime:0.0010s ]
SQL: SHOW COLUMNS FROM `ydw_user` [ RunTime:0.0020s ]
SQL: SELECT `company_auth_status` FROM `ydw_user` WHERE `id` = 3501 LIMIT 1   [ RunTime:0.0000s ]
SQL: SHOW COLUMNS FROM `ydw_company_confirm` [ RunTime:0.0020s ]
SQL: SELECT `confirm_status` FROM `ydw_company_confirm` WHERE `user_id` = 3501 LIMIT 1   [ RunTime:0.0000s ]
NOTIC: [8] Undefined index: price_type D:\xampp\htdocs\ydwAPI\Application\Api\Controller\AppHallController.class.php 第 99 行.
NOTIC: [8] Undefined index: origin_type D:\xampp\htdocs\ydwAPI\Application\Api\Controller\AppHallController.class.php 第 101 行.
NOTIC: [8] Undefined index: origin_type D:\xampp\htdocs\ydwAPI\Application\Api\Controller\AppHallController.class.php 第 103 行.
SQL: SELECT `company_auth_status` FROM `ydw_user` WHERE `id` = 3501 LIMIT 1   [ RunTime:0.0000s ]
SQL: SELECT `confirm_status` FROM `ydw_company_confirm` WHERE `user_id` = 3501 LIMIT 1   [ RunTime:0.0000s ]
NOTIC: [8] Undefined index: price_type D:\xampp\htdocs\ydwAPI\Application\Api\Controller\AppHallController.class.php 第 99 行.
NOTIC: [8] Undefined index: origin_type D:\xampp\htdocs\ydwAPI\Application\Api\Controller\AppHallController.class.php 第 101 行.
NOTIC: [8] Undefined index: origin_type D:\xampp\htdocs\ydwAPI\Application\Api\Controller\AppHallController.class.php 第 103 行.
SQL: SELECT `company_auth_status` FROM `ydw_user` WHERE `id` = 3501 LIMIT 1   [ RunTime:0.0010s ]
SQL: SELECT `confirm_status` FROM `ydw_company_confirm` WHERE `user_id` = 3501 LIMIT 1   [ RunTime:0.0000s ]
NOTIC: [8] Undefined index: price_type D:\xampp\htdocs\ydwAPI\Application\Api\Controller\AppHallController.class.php 第 99 行.
NOTIC: [8] Undefined index: origin_type D:\xampp\htdocs\ydwAPI\Application\Api\Controller\AppHallController.class.php 第 101 行.
NOTIC: [8] Undefined index: origin_type D:\xampp\htdocs\ydwAPI\Application\Api\Controller\AppHallController.class.php 第 103 行.
SQL: SELECT `company_auth_status` FROM `ydw_user` WHERE `id` = 3501 LIMIT 1   [ RunTime:0.0000s ]
SQL: SELECT `confirm_status` FROM `ydw_company_confirm` WHERE `user_id` = 3501 LIMIT 1   [ RunTime:0.0010s ]
NOTIC: [8] Undefined index: price_type D:\xampp\htdocs\ydwAPI\Application\Api\Controller\AppHallController.class.php 第 99 行.
NOTIC: [8] Undefined index: origin_type D:\xampp\htdocs\ydwAPI\Application\Api\Controller\AppHallController.class.php 第 101 行.
NOTIC: [8] Undefined index: origin_type D:\xampp\htdocs\ydwAPI\Application\Api\Controller\AppHallController.class.php 第 103 行.
SQL: SELECT `company_auth_status` FROM `ydw_user` WHERE `id` = 3501 LIMIT 1   [ RunTime:0.0000s ]
SQL: SELECT `confirm_status` FROM `ydw_company_confirm` WHERE `user_id` = 3501 LIMIT 1   [ RunTime:0.0000s ]
NOTIC: [8] Undefined index: price_type D:\xampp\htdocs\ydwAPI\Application\Api\Controller\AppHallController.class.php 第 99 行.
NOTIC: [8] Undefined index: origin_type D:\xampp\htdocs\ydwAPI\Application\Api\Controller\AppHallController.class.php 第 101 行.
NOTIC: [8] Undefined index: origin_type D:\xampp\htdocs\ydwAPI\Application\Api\Controller\AppHallController.class.php 第 103 行.
SQL: SELECT `company_auth_status` FROM `ydw_user` WHERE `id` = 3501 LIMIT 1   [ RunTime:0.0000s ]
SQL: SELECT `confirm_status` FROM `ydw_company_confirm` WHERE `user_id` = 3501 LIMIT 1   [ RunTime:0.0010s ]
NOTIC: [8] Undefined index: price_type D:\xampp\htdocs\ydwAPI\Application\Api\Controller\AppHallController.class.php 第 99 行.
NOTIC: [8] Undefined index: origin_type D:\xampp\htdocs\ydwAPI\Application\Api\Controller\AppHallController.class.php 第 101 行.
NOTIC: [8] Undefined index: origin_type D:\xampp\htdocs\ydwAPI\Application\Api\Controller\AppHallController.class.php 第 103 行.
SQL: SELECT `company_auth_status` FROM `ydw_user` WHERE `id` = 3550 LIMIT 1   [ RunTime:0.0000s ]
SQL: SELECT `confirm_status` FROM `ydw_company_confirm` WHERE `user_id` = 3550 LIMIT 1   [ RunTime:0.0000s ]
NOTIC: [8] Undefined index: price_type D:\xampp\htdocs\ydwAPI\Application\Api\Controller\AppHallController.class.php 第 99 行.
NOTIC: [8] Undefined index: origin_type D:\xampp\htdocs\ydwAPI\Application\Api\Controller\AppHallController.class.php 第 101 行.
NOTIC: [8] Undefined index: origin_type D:\xampp\htdocs\ydwAPI\Application\Api\Controller\AppHallController.class.php 第 103 行.
SQL: SELECT `company_auth_status` FROM `ydw_user` WHERE `id` = 289 LIMIT 1   [ RunTime:0.0010s ]
SQL: SELECT `confirm_status` FROM `ydw_company_confirm` WHERE `user_id` = 289 LIMIT 1   [ RunTime:0.0000s ]
NOTIC: [8] Undefined index: price_type D:\xampp\htdocs\ydwAPI\Application\Api\Controller\AppHallController.class.php 第 99 行.
NOTIC: [8] Undefined index: origin_type D:\xampp\htdocs\ydwAPI\Application\Api\Controller\AppHallController.class.php 第 101 行.
NOTIC: [8] Undefined index: origin_type D:\xampp\htdocs\ydwAPI\Application\Api\Controller\AppHallController.class.php 第 103 行.
SQL: SELECT `company_auth_status` FROM `ydw_user` WHERE `id` = 35 LIMIT 1   [ RunTime:0.0000s ]
SQL: SELECT `confirm_status` FROM `ydw_company_confirm` WHERE `user_id` = 35 LIMIT 1   [ RunTime:0.0000s ]
NOTIC: [8] Undefined index: price_type D:\xampp\htdocs\ydwAPI\Application\Api\Controller\AppHallController.class.php 第 99 行.
NOTIC: [8] Undefined index: origin_type D:\xampp\htdocs\ydwAPI\Application\Api\Controller\AppHallController.class.php 第 101 行.
NOTIC: [8] Undefined index: origin_type D:\xampp\htdocs\ydwAPI\Application\Api\Controller\AppHallController.class.php 第 103 行.
SQL: SELECT `company_auth_status` FROM `ydw_user` WHERE `id` = 3501 LIMIT 1   [ RunTime:0.0010s ]
SQL: SELECT `confirm_status` FROM `ydw_company_confirm` WHERE `user_id` = 3501 LIMIT 1   [ RunTime:0.0000s ]
NOTIC: [8] Undefined index: price_type D:\xampp\htdocs\ydwAPI\Application\Api\Controller\AppHallController.class.php 第 99 行.
NOTIC: [8] Undefined index: origin_type D:\xampp\htdocs\ydwAPI\Application\Api\Controller\AppHallController.class.php 第 101 行.
NOTIC: [8] Undefined index: origin_type D:\xampp\htdocs\ydwAPI\Application\Api\Controller\AppHallController.class.php 第 103 行.
SQL: SELECT `company_auth_status` FROM `ydw_user` WHERE `id` = 3501 LIMIT 1   [ RunTime:0.0000s ]
SQL: SELECT `confirm_status` FROM `ydw_company_confirm` WHERE `user_id` = 3501 LIMIT 1   [ RunTime:0.0000s ]
NOTIC: [8] Undefined index: price_type D:\xampp\htdocs\ydwAPI\Application\Api\Controller\AppHallController.class.php 第 99 行.
NOTIC: [8] Undefined index: origin_type D:\xampp\htdocs\ydwAPI\Application\Api\Controller\AppHallController.class.php 第 101 行.
NOTIC: [8] Undefined index: origin_type D:\xampp\htdocs\ydwAPI\Application\Api\Controller\AppHallController.class.php 第 103 行.
SQL: SELECT `company_auth_status` FROM `ydw_user` WHERE `id` = 3501 LIMIT 1   [ RunTime:0.0000s ]
SQL: SELECT `confirm_status` FROM `ydw_company_confirm` WHERE `user_id` = 3501 LIMIT 1   [ RunTime:0.0010s ]
NOTIC: [8] Undefined index: price_type D:\xampp\htdocs\ydwAPI\Application\Api\Controller\AppHallController.class.php 第 99 行.
NOTIC: [8] Undefined index: origin_type D:\xampp\htdocs\ydwAPI\Application\Api\Controller\AppHallController.class.php 第 101 行.
NOTIC: [8] Undefined index: origin_type D:\xampp\htdocs\ydwAPI\Application\Api\Controller\AppHallController.class.php 第 103 行.
SQL: SELECT `company_auth_status` FROM `ydw_user` WHERE `id` = 2807 LIMIT 1   [ RunTime:0.0000s ]
SQL: SELECT `confirm_status` FROM `ydw_company_confirm` WHERE `user_id` = 2807 LIMIT 1   [ RunTime:0.0000s ]
NOTIC: [8] Undefined index: price_type D:\xampp\htdocs\ydwAPI\Application\Api\Controller\AppHallController.class.php 第 99 行.
NOTIC: [8] Undefined index: origin_type D:\xampp\htdocs\ydwAPI\Application\Api\Controller\AppHallController.class.php 第 101 行.
NOTIC: [8] Undefined index: origin_type D:\xampp\htdocs\ydwAPI\Application\Api\Controller\AppHallController.class.php 第 103 行.
SQL: SELECT `company_auth_status` FROM `ydw_user` WHERE `id` = 1044 LIMIT 1   [ RunTime:0.0000s ]
SQL: SELECT `confirm_status` FROM `ydw_company_confirm` WHERE `user_id` = 1044 LIMIT 1   [ RunTime:0.0010s ]
NOTIC: [8] Undefined index: price_type D:\xampp\htdocs\ydwAPI\Application\Api\Controller\AppHallController.class.php 第 99 行.
NOTIC: [8] Undefined index: origin_type D:\xampp\htdocs\ydwAPI\Application\Api\Controller\AppHallController.class.php 第 101 行.
NOTIC: [8] Undefined index: origin_type D:\xampp\htdocs\ydwAPI\Application\Api\Controller\AppHallController.class.php 第 103 行.
SQL: SELECT `company_auth_status` FROM `ydw_user` WHERE `id` = 3446 LIMIT 1   [ RunTime:0.0000s ]
SQL: SELECT `confirm_status` FROM `ydw_company_confirm` WHERE `user_id` = 3446 LIMIT 1   [ RunTime:0.0000s ]
NOTIC: [8] Undefined index: price_type D:\xampp\htdocs\ydwAPI\Application\Api\Controller\AppHallController.class.php 第 99 行.
NOTIC: [8] Undefined index: origin_type D:\xampp\htdocs\ydwAPI\Application\Api\Controller\AppHallController.class.php 第 101 行.
NOTIC: [8] Undefined index: origin_type D:\xampp\htdocs\ydwAPI\Application\Api\Controller\AppHallController.class.php 第 103 行.
SQL: SELECT `company_auth_status` FROM `ydw_user` WHERE `id` = 3446 LIMIT 1   [ RunTime:0.0000s ]
SQL: SELECT `confirm_status` FROM `ydw_company_confirm` WHERE `user_id` = 3446 LIMIT 1   [ RunTime:0.0000s ]
NOTIC: [8] Undefined index: price_type D:\xampp\htdocs\ydwAPI\Application\Api\Controller\AppHallController.class.php 第 99 行.
NOTIC: [8] Undefined index: origin_type D:\xampp\htdocs\ydwAPI\Application\Api\Controller\AppHallController.class.php 第 101 行.
NOTIC: [8] Undefined index: origin_type D:\xampp\htdocs\ydwAPI\Application\Api\Controller\AppHallController.class.php 第 103 行.
SQL: SELECT `company_auth_status` FROM `ydw_user` WHERE `id` = 35 LIMIT 1   [ RunTime:0.0000s ]
SQL: SELECT `confirm_status` FROM `ydw_company_confirm` WHERE `user_id` = 35 LIMIT 1   [ RunTime:0.0000s ]
NOTIC: [8] Undefined index: price_type D:\xampp\htdocs\ydwAPI\Application\Api\Controller\AppHallController.class.php 第 99 行.
NOTIC: [8] Undefined index: origin_type D:\xampp\htdocs\ydwAPI\Application\Api\Controller\AppHallController.class.php 第 101 行.
NOTIC: [8] Undefined index: origin_type D:\xampp\htdocs\ydwAPI\Application\Api\Controller\AppHallController.class.php 第 103 行.
SQL: SELECT `company_auth_status` FROM `ydw_user` WHERE `id` = 3256 LIMIT 1   [ RunTime:0.0000s ]
SQL: SELECT `confirm_status` FROM `ydw_company_confirm` WHERE `user_id` = 3256 LIMIT 1   [ RunTime:0.0000s ]
NOTIC: [8] Undefined index: price_type D:\xampp\htdocs\ydwAPI\Application\Api\Controller\AppHallController.class.php 第 99 行.
NOTIC: [8] Undefined index: origin_type D:\xampp\htdocs\ydwAPI\Application\Api\Controller\AppHallController.class.php 第 101 行.
NOTIC: [8] Undefined index: origin_type D:\xampp\htdocs\ydwAPI\Application\Api\Controller\AppHallController.class.php 第 103 行.
SQL: SELECT `company_auth_status` FROM `ydw_user` WHERE `id` = 91 LIMIT 1   [ RunTime:0.0010s ]
SQL: SELECT `confirm_status` FROM `ydw_company_confirm` WHERE `user_id` = 91 LIMIT 1   [ RunTime:0.0000s ]
NOTIC: [8] Undefined index: price_type D:\xampp\htdocs\ydwAPI\Application\Api\Controller\AppHallController.class.php 第 99 行.
NOTIC: [8] Undefined index: origin_type D:\xampp\htdocs\ydwAPI\Application\Api\Controller\AppHallController.class.php 第 101 行.
NOTIC: [8] Undefined index: origin_type D:\xampp\htdocs\ydwAPI\Application\Api\Controller\AppHallController.class.php 第 103 行.
SQL: SELECT `company_auth_status` FROM `ydw_user` WHERE `id` = 3248 LIMIT 1   [ RunTime:0.0000s ]
SQL: SELECT `confirm_status` FROM `ydw_company_confirm` WHERE `user_id` = 3248 LIMIT 1   [ RunTime:0.0010s ]
NOTIC: [8] Undefined index: price_type D:\xampp\htdocs\ydwAPI\Application\Api\Controller\AppHallController.class.php 第 99 行.
NOTIC: [8] Undefined index: origin_type D:\xampp\htdocs\ydwAPI\Application\Api\Controller\AppHallController.class.php 第 101 行.
NOTIC: [8] Undefined index: origin_type D:\xampp\htdocs\ydwAPI\Application\Api\Controller\AppHallController.class.php 第 103 行.
NOTIC: [2] Missing argument 3 for Api\Controller\BaseController::ajaxDie(), called in D:\xampp\htdocs\ydwAPI\Application\Api\Controller\AppHallController.class.php on line 109 and defined D:\xampp\htdocs\ydwAPI\Application\Api\Controller\BaseController.class.php 第 38 行.
NOTIC: [2] Missing argument 4 for Api\Controller\BaseController::ajaxDie(), called in D:\xampp\htdocs\ydwAPI\Application\Api\Controller\AppHallController.class.php on line 109 and defined D:\xampp\htdocs\ydwAPI\Application\Api\Controller\BaseController.class.php 第 38 行.
NOTIC: [8] Undefined variable: dataHot D:\xampp\htdocs\ydwAPI\Application\Api\Controller\BaseController.class.php 第 44 行.
NOTIC: [8] Undefined variable: sign_status D:\xampp\htdocs\ydwAPI\Application\Api\Controller\BaseController.class.php 第 47 行.

[ 2017-06-19T09:03:56+08:00 ] 192.168.2.42 /ydwAPI/index.php?s=Api/User/login
INFO: [ app_init ] --START--
INFO: Run Behavior\BuildLiteBehavior [ RunTime:0.000000s ]
INFO: Run Common\Behavior\InitHookBehavior [ RunTime:0.002000s ]
INFO: [ app_init ] --END-- [ RunTime:0.002000s ]
INFO: [ app_begin ] --START--
INFO: Run Behavior\ReadHtmlCacheBehavior [ RunTime:0.001000s ]
INFO: [ app_begin ] --END-- [ RunTime:0.001000s ]
SQL: SHOW COLUMNS FROM `ydw_config` [ RunTime:0.0020s ]
SQL: SELECT `type`,`name`,`value` FROM `ydw_config` WHERE `status` = 1  [ RunTime:0.0000s ]
SQL: SHOW COLUMNS FROM `ydw_user` [ RunTime:0.0030s ]
NOTIC: [2] Missing argument 2 for password_md5(), called in D:\xampp\htdocs\ydwAPI\Application\Api\Model\UserModel.class.php on line 50 and defined D:\xampp\htdocs\ydwAPI\Application\Api\Common\function.php 第 8 行.
SQL: SHOW COLUMNS FROM `ydw_mobile_login` [ RunTime:0.0030s ]
SQL: SELECT `uid`,`mobile` FROM `ydw_mobile_login` WHERE `mobile` = '15638215985' AND `password` = '6b6d2e5aff73279d8a9c194e18138ae8' LIMIT 1   [ RunTime:0.0000s ]
SQL: SELECT `id`,`realname` FROM `ydw_user` WHERE `id` = null LIMIT 1   [ RunTime:0.0000s ]
NOTIC: [2] Missing argument 3 for Api\Controller\BaseController::ajaxDie(), called in D:\xampp\htdocs\ydwAPI\Application\Api\Controller\UserController.class.php on line 30 and defined D:\xampp\htdocs\ydwAPI\Application\Api\Controller\BaseController.class.php 第 38 行.
NOTIC: [2] Missing argument 4 for Api\Controller\BaseController::ajaxDie(), called in D:\xampp\htdocs\ydwAPI\Application\Api\Controller\UserController.class.php on line 30 and defined D:\xampp\htdocs\ydwAPI\Application\Api\Controller\BaseController.class.php 第 38 行.
NOTIC: [8] Undefined variable: dataHot D:\xampp\htdocs\ydwAPI\Application\Api\Controller\BaseController.class.php 第 44 行.
NOTIC: [8] Undefined variable: sign_status D:\xampp\htdocs\ydwAPI\Application\Api\Controller\BaseController.class.php 第 47 行.

[ 2017-06-19T09:04:13+08:00 ] 192.168.2.42 /ydwAPI/index.php?s=Api/User/login
INFO: [ app_init ] --START--
INFO: Run Behavior\BuildLiteBehavior [ RunTime:0.000000s ]
INFO: Run Common\Behavior\InitHookBehavior [ RunTime:0.002000s ]
INFO: [ app_init ] --END-- [ RunTime:0.002000s ]
INFO: [ app_begin ] --START--
INFO: Run Behavior\ReadHtmlCacheBehavior [ RunTime:0.001000s ]
INFO: [ app_begin ] --END-- [ RunTime:0.001000s ]
SQL: SHOW COLUMNS FROM `ydw_config` [ RunTime:0.0020s ]
SQL: SELECT `type`,`name`,`value` FROM `ydw_config` WHERE `status` = 1  [ RunTime:0.0010s ]
SQL: SHOW COLUMNS FROM `ydw_user` [ RunTime:0.0020s ]
NOTIC: [2] Missing argument 2 for password_md5(), called in D:\xampp\htdocs\ydwAPI\Application\Api\Model\UserModel.class.php on line 50 and defined D:\xampp\htdocs\ydwAPI\Application\Api\Common\function.php 第 8 行.
SQL: SHOW COLUMNS FROM `ydw_mobile_login` [ RunTime:0.0030s ]
SQL: SELECT `uid`,`mobile` FROM `ydw_mobile_login` WHERE `mobile` = '15638215985' AND `password` = 'ea75b1fd6ef80f4d60848c053b80521d' LIMIT 1   [ RunTime:0.0000s ]
SQL: SELECT `id`,`realname` FROM `ydw_user` WHERE `id` = 3 LIMIT 1   [ RunTime:0.0000s ]
SQL: UPDATE `ydw_user` SET `last_login_time`='1497834253',`token`='e804ac71c95ff7f2c5e64b01d81e8dd6' WHERE ( id=3 ) [ RunTime:0.0000s ]
NOTIC: [2] Missing argument 3 for Api\Controller\BaseController::ajaxDie(), called in D:\xampp\htdocs\ydwAPI\Application\Api\Controller\UserController.class.php on line 30 and defined D:\xampp\htdocs\ydwAPI\Application\Api\Controller\BaseController.class.php 第 38 行.
NOTIC: [2] Missing argument 4 for Api\Controller\BaseController::ajaxDie(), called in D:\xampp\htdocs\ydwAPI\Application\Api\Controller\UserController.class.php on line 30 and defined D:\xampp\htdocs\ydwAPI\Application\Api\Controller\BaseController.class.php 第 38 行.
NOTIC: [8] Undefined variable: dataHot D:\xampp\htdocs\ydwAPI\Application\Api\Controller\BaseController.class.php 第 44 行.
NOTIC: [8] Undefined variable: sign_status D:\xampp\htdocs\ydwAPI\Application\Api\Controller\BaseController.class.php 第 47 行.

[ 2017-06-19T09:04:39+08:00 ] 192.168.2.42 /ydwAPI/index.php?s=Api/User/login
INFO: [ app_init ] --START--
INFO: Run Behavior\BuildLiteBehavior [ RunTime:0.000000s ]
INFO: Run Common\Behavior\InitHookBehavior [ RunTime:0.016600s ]
INFO: [ app_init ] --END-- [ RunTime:0.016600s ]
INFO: [ app_begin ] --START--
INFO: Run Behavior\ReadHtmlCacheBehavior [ RunTime:0.000000s ]
INFO: [ app_begin ] --END-- [ RunTime:0.001000s ]
SQL: SHOW COLUMNS FROM `ydw_config` [ RunTime:0.0020s ]
SQL: SELECT `type`,`name`,`value` FROM `ydw_config` WHERE `status` = 1  [ RunTime:0.0000s ]
SQL: SHOW COLUMNS FROM `ydw_user` [ RunTime:0.0000s ]
NOTIC: [2] Missing argument 2 for password_md5(), called in D:\xampp\htdocs\ydwAPI\Application\Api\Model\UserModel.class.php on line 50 and defined D:\xampp\htdocs\ydwAPI\Application\Api\Common\function.php 第 8 行.
SQL: SHOW COLUMNS FROM `ydw_mobile_login` [ RunTime:0.0000s ]
SQL: SELECT `uid`,`mobile` FROM `ydw_mobile_login` WHERE `mobile` = '' AND `password` = '' LIMIT 1   [ RunTime:0.0000s ]
SQL: SELECT `id`,`realname` FROM `ydw_user` WHERE `id` = null LIMIT 1   [ RunTime:0.0000s ]
NOTIC: [2] Missing argument 3 for Api\Controller\BaseController::ajaxDie(), called in D:\xampp\htdocs\ydwAPI\Application\Api\Controller\UserController.class.php on line 30 and defined D:\xampp\htdocs\ydwAPI\Application\Api\Controller\BaseController.class.php 第 38 行.
NOTIC: [2] Missing argument 4 for Api\Controller\BaseController::ajaxDie(), called in D:\xampp\htdocs\ydwAPI\Application\Api\Controller\UserController.class.php on line 30 and defined D:\xampp\htdocs\ydwAPI\Application\Api\Controller\BaseController.class.php 第 38 行.
NOTIC: [8] Undefined variable: dataHot D:\xampp\htdocs\ydwAPI\Application\Api\Controller\BaseController.class.php 第 44 行.
NOTIC: [8] Undefined variable: sign_status D:\xampp\htdocs\ydwAPI\Application\Api\Controller\BaseController.class.php 第 47 行.

[ 2017-06-19T09:06:29+08:00 ] 192.168.2.42 /ydwAPI/index.php?s=Api/User/login
INFO: [ app_init ] --START--
INFO: Run Behavior\BuildLiteBehavior [ RunTime:0.000000s ]
INFO: Run Common\Behavior\InitHookBehavior [ RunTime:0.000000s ]
INFO: [ app_init ] --END-- [ RunTime:0.000000s ]
INFO: [ app_begin ] --START--
INFO: Run Behavior\ReadHtmlCacheBehavior [ RunTime:0.001000s ]
INFO: [ app_begin ] --END-- [ RunTime:0.001000s ]
SQL: SHOW COLUMNS FROM `ydw_config` [ RunTime:0.0020s ]
SQL: SELECT `type`,`name`,`value` FROM `ydw_config` WHERE `status` = 1  [ RunTime:0.0010s ]
SQL: SHOW COLUMNS FROM `ydw_user` [ RunTime:0.0020s ]
NOTIC: [2] Missing argument 2 for password_md5(), called in D:\xampp\htdocs\ydwAPI\Application\Api\Model\UserModel.class.php on line 50 and defined D:\xampp\htdocs\ydwAPI\Application\Api\Common\function.php 第 8 行.
SQL: SHOW COLUMNS FROM `ydw_mobile_login` [ RunTime:0.0020s ]
SQL: SELECT `uid`,`mobile` FROM `ydw_mobile_login` WHERE `mobile` = '' AND `password` = '' LIMIT 1   [ RunTime:0.0010s ]
SQL: SELECT `id`,`realname` FROM `ydw_user` WHERE `id` = null LIMIT 1   [ RunTime:0.0000s ]
NOTIC: [2] Missing argument 3 for Api\Controller\BaseController::ajaxDie(), called in D:\xampp\htdocs\ydwAPI\Application\Api\Controller\UserController.class.php on line 30 and defined D:\xampp\htdocs\ydwAPI\Application\Api\Controller\BaseController.class.php 第 38 行.
NOTIC: [2] Missing argument 4 for Api\Controller\BaseController::ajaxDie(), called in D:\xampp\htdocs\ydwAPI\Application\Api\Controller\UserController.class.php on line 30 and defined D:\xampp\htdocs\ydwAPI\Application\Api\Controller\BaseController.class.php 第 38 行.
NOTIC: [8] Undefined variable: dataHot D:\xampp\htdocs\ydwAPI\Application\Api\Controller\BaseController.class.php 第 44 行.
NOTIC: [8] Undefined variable: sign_status D:\xampp\htdocs\ydwAPI\Application\Api\Controller\BaseController.class.php 第 47 行.

[ 2017-06-19T18:44:30+08:00 ] 192.168.2.42 /ydwAPI/index.php?s=Api/AppGeneralDemand/General_lists
INFO: [ app_init ] --START--
INFO: Run Behavior\BuildLiteBehavior [ RunTime:0.000000s ]
INFO: Run Common\Behavior\InitHookBehavior [ RunTime:0.003000s ]
INFO: [ app_init ] --END-- [ RunTime:0.008000s ]
INFO: [ app_begin ] --START--
INFO: Run Behavior\ReadHtmlCacheBehavior [ RunTime:0.001000s ]
INFO: [ app_begin ] --END-- [ RunTime:0.001000s ]
SQL: SHOW COLUMNS FROM `ydw_config` [ RunTime:0.0260s ]
SQL: SELECT `type`,`name`,`value` FROM `ydw_config` WHERE `status` = 1  [ RunTime:0.0260s ]
SQL: SHOW COLUMNS FROM `ydw_general_demand` [ RunTime:0.0250s ]
SQL: SELECT `id`,goods_name as gn,goods_attr_name as an,`contacts`,remain_days as days,`num`,`unit`,`mobile`,origin_type as o_type,origin_area as o_area,`price` FROM `ydw_general_demand` WHERE `status` = 1 AND `standard_id` = 1 AND `ticket_id` = 1 ORDER BY weight desc,id desc LIMIT 0,10   [ RunTime:0.0250s ]
NOTIC: [2] Invalid argument supplied for foreach() D:\xampp\htdocs\ydwAPI\Application\Api\Controller\AppGeneralDemandController.class.php 第 171 行.

[ 2017-06-19T18:44:37+08:00 ] 192.168.2.42 /ydwAPI/index.php?s=Api/AppGeneralDemand/General_lists
INFO: [ app_init ] --START--
INFO: Run Behavior\BuildLiteBehavior [ RunTime:0.000000s ]
INFO: Run Common\Behavior\InitHookBehavior [ RunTime:0.001000s ]
INFO: [ app_init ] --END-- [ RunTime:0.002000s ]
INFO: [ app_begin ] --START--
INFO: Run Behavior\ReadHtmlCacheBehavior [ RunTime:0.001000s ]
INFO: [ app_begin ] --END-- [ RunTime:0.001000s ]
SQL: SHOW COLUMNS FROM `ydw_config` [ RunTime:0.0250s ]
SQL: SELECT `type`,`name`,`value` FROM `ydw_config` WHERE `status` = 1  [ RunTime:0.0300s ]
SQL: SHOW COLUMNS FROM `ydw_general_demand` [ RunTime:0.0250s ]
SQL: SELECT `id`,goods_name as gn,goods_attr_name as an,`contacts`,remain_days as days,`num`,`unit`,`mobile`,origin_type as o_type,origin_area as o_area,`price` FROM `ydw_general_demand` WHERE `status` = 1 AND `standard_id` = 1 AND `ticket_id` = 1 ORDER BY weight desc,id desc LIMIT 0,10   [ RunTime:0.0240s ]
NOTIC: [2] Invalid argument supplied for foreach() D:\xampp\htdocs\ydwAPI\Application\Api\Controller\AppGeneralDemandController.class.php 第 171 行.

